{"D:\\Darbai\\Ampps\\www\\Asmeniniai\\fastshop\\frontend\\src\\components\\Categories\\Categories.js": {"path":"D:\\Darbai\\Ampps\\www\\Asmeniniai\\fastshop\\frontend\\src\\components\\Categories\\Categories.js","statementMap":{"0":{"start":{"line":1,"column":13},"end":{"line":1,"column":75}},"1":{"start":{"line":1,"column":75},"end":{"line":1,"column":121}},"2":{"start":{"line":1,"column":134},"end":{"line":1,"column":175}},"3":{"start":{"line":2,"column":17},"end":{"line":2,"column":62}},"4":{"start":{"line":3,"column":19},"end":{"line":3,"column":42}},"5":{"start":{"line":4,"column":18},"end":{"line":4,"column":40}},"6":{"start":{"line":5,"column":23},"end":{"line":5,"column":50}},"7":{"start":{"line":6,"column":23},"end":{"line":6,"column":69}},"8":{"start":{"line":7,"column":22},"end":{"line":7,"column":82}},"9":{"start":{"line":8,"column":24},"end":{"line":8,"column":86}},"10":{"start":{"line":9,"column":14},"end":{"line":9,"column":66}},"11":{"start":{"line":13,"column":20},"end":{"line":13,"column":69}},"12":{"start":{"line":14,"column":15},"end":{"line":14,"column":85}},"13":{"start":{"line":15,"column":17},"end":{"line":15,"column":89}},"14":{"start":{"line":16,"column":13},"end":{"line":16,"column":81}},"15":{"start":{"line":16,"column":101},"end":{"line":16,"column":201}},"16":{"start":{"line":16,"column":240},"end":{"line":16,"column":294}},"17":{"start":{"line":16,"column":332},"end":{"line":16,"column":379}},"18":{"start":{"line":16,"column":367},"end":{"line":16,"column":379}},"19":{"start":{"line":16,"column":391},"end":{"line":16,"column":404}},"20":{"start":{"line":16,"column":405},"end":{"line":16,"column":484}},"21":{"start":{"line":16,"column":469},"end":{"line":16,"column":482}},"22":{"start":{"line":16,"column":484},"end":{"line":16,"column":497}},"23":{"start":{"line":16,"column":537},"end":{"line":16,"column":577}},"24":{"start":{"line":16,"column":565},"end":{"line":16,"column":576}},"25":{"start":{"line":16,"column":577},"end":{"line":16,"column":677}},"26":{"start":{"line":16,"column":652},"end":{"line":16,"column":676}},"27":{"start":{"line":16,"column":689},"end":{"line":16,"column":715}},"28":{"start":{"line":16,"column":716},"end":{"line":16,"column":769}},"29":{"start":{"line":16,"column":746},"end":{"line":16,"column":768}},"30":{"start":{"line":16,"column":782},"end":{"line":16,"column":784}},"31":{"start":{"line":16,"column":813},"end":{"line":16,"column":869}},"32":{"start":{"line":16,"column":870},"end":{"line":16,"column":1141}},"33":{"start":{"line":16,"column":892},"end":{"line":16,"column":1140}},"34":{"start":{"line":16,"column":956},"end":{"line":16,"column":1028}},"35":{"start":{"line":16,"column":1029},"end":{"line":16,"column":1139}},"36":{"start":{"line":16,"column":1066},"end":{"line":16,"column":1107}},"37":{"start":{"line":16,"column":1115},"end":{"line":16,"column":1138}},"38":{"start":{"line":16,"column":1141},"end":{"line":16,"column":1162}},"39":{"start":{"line":16,"column":1162},"end":{"line":16,"column":1198}},"40":{"start":{"line":16,"column":1174},"end":{"line":16,"column":1197}},"41":{"start":{"line":16,"column":1198},"end":{"line":16,"column":1212}},"42":{"start":{"line":16,"column":1262},"end":{"line":16,"column":1361}},"43":{"start":{"line":16,"column":1303},"end":{"line":16,"column":1360}},"44":{"start":{"line":16,"column":1405},"end":{"line":16,"column":1670}},"45":{"start":{"line":16,"column":1418},"end":{"line":16,"column":1419}},"46":{"start":{"line":16,"column":1462},"end":{"line":16,"column":1470}},"47":{"start":{"line":16,"column":1471},"end":{"line":16,"column":1526}},"48":{"start":{"line":16,"column":1526},"end":{"line":16,"column":1557}},"49":{"start":{"line":16,"column":1557},"end":{"line":16,"column":1611}},"50":{"start":{"line":16,"column":1584},"end":{"line":16,"column":1611}},"51":{"start":{"line":16,"column":1611},"end":{"line":16,"column":1669}},"52":{"start":{"line":16,"column":1732},"end":{"line":16,"column":1801}},"53":{"start":{"line":16,"column":1748},"end":{"line":16,"column":1801}},"54":{"start":{"line":16,"column":1801},"end":{"line":16,"column":1862}},"55":{"start":{"line":16,"column":1818},"end":{"line":16,"column":1862}},"56":{"start":{"line":16,"column":1862},"end":{"line":16,"column":1881}},"57":{"start":{"line":16,"column":1946},"end":{"line":16,"column":1973}},"58":{"start":{"line":16,"column":1974},"end":{"line":16,"column":2293}},"59":{"start":{"line":16,"column":2026},"end":{"line":16,"column":2050}},"60":{"start":{"line":16,"column":2058},"end":{"line":16,"column":2243}},"61":{"start":{"line":16,"column":2106},"end":{"line":16,"column":2139}},"62":{"start":{"line":16,"column":2140},"end":{"line":16,"column":2196}},"63":{"start":{"line":16,"column":2204},"end":{"line":16,"column":2242}},"64":{"start":{"line":16,"column":2243},"end":{"line":16,"column":2291}},"65":{"start":{"line":16,"column":2343},"end":{"line":16,"column":2427}},"66":{"start":{"line":16,"column":2414},"end":{"line":16,"column":2426}},"67":{"start":{"line":16,"column":2427},"end":{"line":16,"column":2463}},"68":{"start":{"line":16,"column":2503},"end":{"line":16,"column":2612}},"69":{"start":{"line":16,"column":2525},"end":{"line":16,"column":2611}},"70":{"start":{"line":16,"column":2612},"end":{"line":16,"column":2624}},"71":{"start":{"line":16,"column":2663},"end":{"line":16,"column":2734}},"72":{"start":{"line":16,"column":2721},"end":{"line":16,"column":2734}},"73":{"start":{"line":16,"column":2734},"end":{"line":16,"column":2775}},"74":{"start":{"line":16,"column":2762},"end":{"line":16,"column":2775}},"75":{"start":{"line":16,"column":2775},"end":{"line":16,"column":2820}},"76":{"start":{"line":16,"column":2808},"end":{"line":16,"column":2820}},"77":{"start":{"line":16,"column":2820},"end":{"line":16,"column":2938}},"78":{"start":{"line":16,"column":2825},"end":{"line":16,"column":2899}},"79":{"start":{"line":16,"column":2899},"end":{"line":16,"column":2911}},"80":{"start":{"line":16,"column":2924},"end":{"line":16,"column":2937}},"81":{"start":{"line":16,"column":2968},"end":{"line":16,"column":3112}},"82":{"start":{"line":16,"column":3063},"end":{"line":16,"column":3110}},"83":{"start":{"line":16,"column":3112},"end":{"line":16,"column":3138}},"84":{"start":{"line":16,"column":3181},"end":{"line":16,"column":3318}},"85":{"start":{"line":16,"column":3243},"end":{"line":16,"column":3317}},"86":{"start":{"line":16,"column":3318},"end":{"line":16,"column":3463}},"87":{"start":{"line":16,"column":3463},"end":{"line":16,"column":3517}},"88":{"start":{"line":16,"column":3479},"end":{"line":16,"column":3517}},"89":{"start":{"line":16,"column":3550},"end":{"line":16,"column":3652}},"90":{"start":{"line":16,"column":3625},"end":{"line":16,"column":3641}},"91":{"start":{"line":16,"column":3641},"end":{"line":16,"column":3650}},"92":{"start":{"line":16,"column":3652},"end":{"line":16,"column":3681}},"93":{"start":{"line":18,"column":13},"end":{"line":64,"column":47}},"94":{"start":{"line":18,"column":36},"end":{"line":18,"column":70}},"95":{"start":{"line":18,"column":83},"end":{"line":18,"column":107}},"96":{"start":{"line":18,"column":141},"end":{"line":18,"column":175}},"97":{"start":{"line":18,"column":175},"end":{"line":18,"column":295}},"98":{"start":{"line":18,"column":191},"end":{"line":18,"column":207}},"99":{"start":{"line":18,"column":216},"end":{"line":18,"column":231}},"100":{"start":{"line":18,"column":240},"end":{"line":18,"column":241}},"101":{"start":{"line":18,"column":265},"end":{"line":18,"column":294}},"102":{"start":{"line":18,"column":295},"end":{"line":18,"column":350}},"103":{"start":{"line":18,"column":350},"end":{"line":29,"column":6}},"104":{"start":{"line":28,"column":6},"end":{"line":28,"column":122}},"105":{"start":{"line":29,"column":6},"end":{"line":29,"column":19}},"106":{"start":{"line":29,"column":20},"end":{"line":64,"column":10}},"107":{"start":{"line":29,"column":111},"end":{"line":29,"column":138}},"108":{"start":{"line":31,"column":18},"end":{"line":31,"column":22}},"109":{"start":{"line":32,"column":6},"end":{"line":54,"column":290}},"110":{"start":{"line":42,"column":35},"end":{"line":42,"column":84}},"111":{"start":{"line":52,"column":180},"end":{"line":52,"column":204}},"112":{"start":{"line":52,"column":286},"end":{"line":52,"column":295}},"113":{"start":{"line":52,"column":296},"end":{"line":54,"column":197}},"114":{"start":{"line":54,"column":65},"end":{"line":54,"column":103}},"115":{"start":{"line":64,"column":10},"end":{"line":64,"column":28}},"116":{"start":{"line":64,"column":48},"end":{"line":64,"column":80}},"117":{"start":{"line":67,"column":0},"end":{"line":69,"column":41}},"118":{"start":{"line":72,"column":22},"end":{"line":75,"column":37}},"119":{"start":{"line":72,"column":55},"end":{"line":75,"column":36}},"120":{"start":{"line":79,"column":0},"end":{"line":79,"column":142}},"121":{"start":{"line":79,"column":143},"end":{"line":79,"column":170}}},"fnMap":{"0":{"name":"_interopRequireDefault","decl":{"start":{"line":16,"column":211},"end":{"line":16,"column":233}},"loc":{"start":{"line":16,"column":239},"end":{"line":16,"column":295}},"line":16},"1":{"name":"_getRequireWildcardCache","decl":{"start":{"line":16,"column":304},"end":{"line":16,"column":328}},"loc":{"start":{"line":16,"column":331},"end":{"line":16,"column":498}},"line":16},"2":{"name":"_getRequireWildcardCache","decl":{"start":{"line":16,"column":441},"end":{"line":16,"column":465}},"loc":{"start":{"line":16,"column":468},"end":{"line":16,"column":483}},"line":16},"3":{"name":"_interopRequireWildcard","decl":{"start":{"line":16,"column":507},"end":{"line":16,"column":530}},"loc":{"start":{"line":16,"column":536},"end":{"line":16,"column":1213}},"line":16},"4":{"name":"_classCallCheck","decl":{"start":{"line":16,"column":1222},"end":{"line":16,"column":1237}},"loc":{"start":{"line":16,"column":1261},"end":{"line":16,"column":1362}},"line":16},"5":{"name":"_defineProperties","decl":{"start":{"line":16,"column":1371},"end":{"line":16,"column":1388}},"loc":{"start":{"line":16,"column":1404},"end":{"line":16,"column":1671}},"line":16},"6":{"name":"_createClass","decl":{"start":{"line":16,"column":1680},"end":{"line":16,"column":1692}},"loc":{"start":{"line":16,"column":1731},"end":{"line":16,"column":1882}},"line":16},"7":{"name":"_createSuper","decl":{"start":{"line":16,"column":1891},"end":{"line":16,"column":1903}},"loc":{"start":{"line":16,"column":1913},"end":{"line":16,"column":2294}},"line":16},"8":{"name":"_createSuperInternal","decl":{"start":{"line":16,"column":1990},"end":{"line":16,"column":2010}},"loc":{"start":{"line":16,"column":2013},"end":{"line":16,"column":2292}},"line":16},"9":{"name":"_possibleConstructorReturn","decl":{"start":{"line":16,"column":2303},"end":{"line":16,"column":2329}},"loc":{"start":{"line":16,"column":2342},"end":{"line":16,"column":2464}},"line":16},"10":{"name":"_assertThisInitialized","decl":{"start":{"line":16,"column":2473},"end":{"line":16,"column":2495}},"loc":{"start":{"line":16,"column":2502},"end":{"line":16,"column":2625}},"line":16},"11":{"name":"_isNativeReflectConstruct","decl":{"start":{"line":16,"column":2634},"end":{"line":16,"column":2659}},"loc":{"start":{"line":16,"column":2662},"end":{"line":16,"column":2939}},"line":16},"12":{"name":"(anonymous_12)","decl":{"start":{"line":16,"column":2882},"end":{"line":16,"column":2883}},"loc":{"start":{"line":16,"column":2894},"end":{"line":16,"column":2896}},"line":16},"13":{"name":"_getPrototypeOf","decl":{"start":{"line":16,"column":2948},"end":{"line":16,"column":2963}},"loc":{"start":{"line":16,"column":2967},"end":{"line":16,"column":3139}},"line":16},"14":{"name":"_getPrototypeOf","decl":{"start":{"line":16,"column":3043},"end":{"line":16,"column":3058}},"loc":{"start":{"line":16,"column":3062},"end":{"line":16,"column":3111}},"line":16},"15":{"name":"_inherits","decl":{"start":{"line":16,"column":3148},"end":{"line":16,"column":3157}},"loc":{"start":{"line":16,"column":3180},"end":{"line":16,"column":3518}},"line":16},"16":{"name":"_setPrototypeOf","decl":{"start":{"line":16,"column":3527},"end":{"line":16,"column":3542}},"loc":{"start":{"line":16,"column":3549},"end":{"line":16,"column":3682}},"line":16},"17":{"name":"_setPrototypeOf","decl":{"start":{"line":16,"column":3602},"end":{"line":16,"column":3617}},"loc":{"start":{"line":16,"column":3624},"end":{"line":16,"column":3651}},"line":16},"18":{"name":"(anonymous_18)","decl":{"start":{"line":18,"column":13},"end":{"line":18,"column":14}},"loc":{"start":{"line":18,"column":35},"end":{"line":64,"column":29}},"line":18},"19":{"name":"Categories","decl":{"start":{"line":18,"column":117},"end":{"line":18,"column":127}},"loc":{"start":{"line":18,"column":130},"end":{"line":29,"column":20}},"line":18},"20":{"name":"(anonymous_20)","decl":{"start":{"line":27,"column":24},"end":{"line":27,"column":25}},"loc":{"start":{"line":27,"column":40},"end":{"line":29,"column":5}},"line":27},"21":{"name":"componentDidMount","decl":{"start":{"line":29,"column":90},"end":{"line":29,"column":107}},"loc":{"start":{"line":29,"column":110},"end":{"line":29,"column":139}},"line":29},"22":{"name":"render","decl":{"start":{"line":29,"column":176},"end":{"line":29,"column":182}},"loc":{"start":{"line":31,"column":4},"end":{"line":64,"column":5}},"line":31},"23":{"name":"close","decl":{"start":{"line":42,"column":26},"end":{"line":42,"column":31}},"loc":{"start":{"line":42,"column":34},"end":{"line":42,"column":85}},"line":42},"24":{"name":"keyExtractor","decl":{"start":{"line":52,"column":153},"end":{"line":52,"column":165}},"loc":{"start":{"line":52,"column":179},"end":{"line":52,"column":205}},"line":52},"25":{"name":"renderItem","decl":{"start":{"line":52,"column":257},"end":{"line":52,"column":267}},"loc":{"start":{"line":52,"column":274},"end":{"line":54,"column":198}},"line":52},"26":{"name":"goToSubcategories","decl":{"start":{"line":54,"column":44},"end":{"line":54,"column":61}},"loc":{"start":{"line":54,"column":64},"end":{"line":54,"column":104}},"line":54},"27":{"name":"mapStateToProps","decl":{"start":{"line":72,"column":31},"end":{"line":72,"column":46}},"loc":{"start":{"line":72,"column":54},"end":{"line":75,"column":37}},"line":72}},"branchMap":{"0":{"loc":{"start":{"line":16,"column":247},"end":{"line":16,"column":293}},"type":"cond-expr","locations":[{"start":{"line":16,"column":271},"end":{"line":16,"column":274}},{"start":{"line":16,"column":277},"end":{"line":16,"column":293}}],"line":16},"1":{"loc":{"start":{"line":16,"column":247},"end":{"line":16,"column":268}},"type":"binary-expr","locations":[{"start":{"line":16,"column":247},"end":{"line":16,"column":250}},{"start":{"line":16,"column":254},"end":{"line":16,"column":268}}],"line":16},"2":{"loc":{"start":{"line":16,"column":332},"end":{"line":16,"column":379}},"type":"if","locations":[{"start":{"line":16,"column":332},"end":{"line":16,"column":379}},{"start":{"line":16,"column":332},"end":{"line":16,"column":379}}],"line":16},"3":{"loc":{"start":{"line":16,"column":537},"end":{"line":16,"column":577}},"type":"if","locations":[{"start":{"line":16,"column":537},"end":{"line":16,"column":577}},{"start":{"line":16,"column":537},"end":{"line":16,"column":577}}],"line":16},"4":{"loc":{"start":{"line":16,"column":541},"end":{"line":16,"column":562}},"type":"binary-expr","locations":[{"start":{"line":16,"column":541},"end":{"line":16,"column":544}},{"start":{"line":16,"column":548},"end":{"line":16,"column":562}}],"line":16},"5":{"loc":{"start":{"line":16,"column":577},"end":{"line":16,"column":677}},"type":"if","locations":[{"start":{"line":16,"column":577},"end":{"line":16,"column":677}},{"start":{"line":16,"column":577},"end":{"line":16,"column":677}}],"line":16},"6":{"loc":{"start":{"line":16,"column":581},"end":{"line":16,"column":649}},"type":"binary-expr","locations":[{"start":{"line":16,"column":581},"end":{"line":16,"column":593}},{"start":{"line":16,"column":597},"end":{"line":16,"column":620}},{"start":{"line":16,"column":624},"end":{"line":16,"column":649}}],"line":16},"7":{"loc":{"start":{"line":16,"column":716},"end":{"line":16,"column":769}},"type":"if","locations":[{"start":{"line":16,"column":716},"end":{"line":16,"column":769}},{"start":{"line":16,"column":716},"end":{"line":16,"column":769}}],"line":16},"8":{"loc":{"start":{"line":16,"column":720},"end":{"line":16,"column":743}},"type":"binary-expr","locations":[{"start":{"line":16,"column":720},"end":{"line":16,"column":725}},{"start":{"line":16,"column":729},"end":{"line":16,"column":743}}],"line":16},"9":{"loc":{"start":{"line":16,"column":813},"end":{"line":16,"column":869}},"type":"binary-expr","locations":[{"start":{"line":16,"column":813},"end":{"line":16,"column":834}},{"start":{"line":16,"column":838},"end":{"line":16,"column":869}}],"line":16},"10":{"loc":{"start":{"line":16,"column":892},"end":{"line":16,"column":1140}},"type":"if","locations":[{"start":{"line":16,"column":892},"end":{"line":16,"column":1140}},{"start":{"line":16,"column":892},"end":{"line":16,"column":1140}}],"line":16},"11":{"loc":{"start":{"line":16,"column":956},"end":{"line":16,"column":1028}},"type":"cond-expr","locations":[{"start":{"line":16,"column":980},"end":{"line":16,"column":1021}},{"start":{"line":16,"column":1024},"end":{"line":16,"column":1028}}],"line":16},"12":{"loc":{"start":{"line":16,"column":1029},"end":{"line":16,"column":1139}},"type":"if","locations":[{"start":{"line":16,"column":1029},"end":{"line":16,"column":1139}},{"start":{"line":16,"column":1029},"end":{"line":16,"column":1139}}],"line":16},"13":{"loc":{"start":{"line":16,"column":1033},"end":{"line":16,"column":1063}},"type":"binary-expr","locations":[{"start":{"line":16,"column":1033},"end":{"line":16,"column":1037}},{"start":{"line":16,"column":1042},"end":{"line":16,"column":1050}},{"start":{"line":16,"column":1054},"end":{"line":16,"column":1062}}],"line":16},"14":{"loc":{"start":{"line":16,"column":1162},"end":{"line":16,"column":1198}},"type":"if","locations":[{"start":{"line":16,"column":1162},"end":{"line":16,"column":1198}},{"start":{"line":16,"column":1162},"end":{"line":16,"column":1198}}],"line":16},"15":{"loc":{"start":{"line":16,"column":1262},"end":{"line":16,"column":1361}},"type":"if","locations":[{"start":{"line":16,"column":1262},"end":{"line":16,"column":1361}},{"start":{"line":16,"column":1262},"end":{"line":16,"column":1361}}],"line":16},"16":{"loc":{"start":{"line":16,"column":1495},"end":{"line":16,"column":1525}},"type":"binary-expr","locations":[{"start":{"line":16,"column":1495},"end":{"line":16,"column":1516}},{"start":{"line":16,"column":1520},"end":{"line":16,"column":1525}}],"line":16},"17":{"loc":{"start":{"line":16,"column":1557},"end":{"line":16,"column":1611}},"type":"if","locations":[{"start":{"line":16,"column":1557},"end":{"line":16,"column":1611}},{"start":{"line":16,"column":1557},"end":{"line":16,"column":1611}}],"line":16},"18":{"loc":{"start":{"line":16,"column":1732},"end":{"line":16,"column":1801}},"type":"if","locations":[{"start":{"line":16,"column":1732},"end":{"line":16,"column":1801}},{"start":{"line":16,"column":1732},"end":{"line":16,"column":1801}}],"line":16},"19":{"loc":{"start":{"line":16,"column":1801},"end":{"line":16,"column":1862}},"type":"if","locations":[{"start":{"line":16,"column":1801},"end":{"line":16,"column":1862}},{"start":{"line":16,"column":1801},"end":{"line":16,"column":1862}}],"line":16},"20":{"loc":{"start":{"line":16,"column":2058},"end":{"line":16,"column":2243}},"type":"if","locations":[{"start":{"line":16,"column":2058},"end":{"line":16,"column":2243}},{"start":{"line":16,"column":2058},"end":{"line":16,"column":2243}}],"line":16},"21":{"loc":{"start":{"line":16,"column":2343},"end":{"line":16,"column":2427}},"type":"if","locations":[{"start":{"line":16,"column":2343},"end":{"line":16,"column":2427}},{"start":{"line":16,"column":2343},"end":{"line":16,"column":2427}}],"line":16},"22":{"loc":{"start":{"line":16,"column":2347},"end":{"line":16,"column":2411}},"type":"binary-expr","locations":[{"start":{"line":16,"column":2347},"end":{"line":16,"column":2351}},{"start":{"line":16,"column":2356},"end":{"line":16,"column":2380}},{"start":{"line":16,"column":2384},"end":{"line":16,"column":2410}}],"line":16},"23":{"loc":{"start":{"line":16,"column":2503},"end":{"line":16,"column":2612}},"type":"if","locations":[{"start":{"line":16,"column":2503},"end":{"line":16,"column":2612}},{"start":{"line":16,"column":2503},"end":{"line":16,"column":2612}}],"line":16},"24":{"loc":{"start":{"line":16,"column":2663},"end":{"line":16,"column":2734}},"type":"if","locations":[{"start":{"line":16,"column":2663},"end":{"line":16,"column":2734}},{"start":{"line":16,"column":2663},"end":{"line":16,"column":2734}}],"line":16},"25":{"loc":{"start":{"line":16,"column":2667},"end":{"line":16,"column":2719}},"type":"binary-expr","locations":[{"start":{"line":16,"column":2667},"end":{"line":16,"column":2697}},{"start":{"line":16,"column":2701},"end":{"line":16,"column":2719}}],"line":16},"26":{"loc":{"start":{"line":16,"column":2734},"end":{"line":16,"column":2775}},"type":"if","locations":[{"start":{"line":16,"column":2734},"end":{"line":16,"column":2775}},{"start":{"line":16,"column":2734},"end":{"line":16,"column":2775}}],"line":16},"27":{"loc":{"start":{"line":16,"column":2775},"end":{"line":16,"column":2820}},"type":"if","locations":[{"start":{"line":16,"column":2775},"end":{"line":16,"column":2820}},{"start":{"line":16,"column":2775},"end":{"line":16,"column":2820}}],"line":16},"28":{"loc":{"start":{"line":16,"column":2986},"end":{"line":16,"column":3111}},"type":"cond-expr","locations":[{"start":{"line":16,"column":3010},"end":{"line":16,"column":3031}},{"start":{"line":16,"column":3034},"end":{"line":16,"column":3111}}],"line":16},"29":{"loc":{"start":{"line":16,"column":3070},"end":{"line":16,"column":3109}},"type":"binary-expr","locations":[{"start":{"line":16,"column":3070},"end":{"line":16,"column":3081}},{"start":{"line":16,"column":3085},"end":{"line":16,"column":3109}}],"line":16},"30":{"loc":{"start":{"line":16,"column":3181},"end":{"line":16,"column":3318}},"type":"if","locations":[{"start":{"line":16,"column":3181},"end":{"line":16,"column":3318}},{"start":{"line":16,"column":3181},"end":{"line":16,"column":3318}}],"line":16},"31":{"loc":{"start":{"line":16,"column":3185},"end":{"line":16,"column":3240}},"type":"binary-expr","locations":[{"start":{"line":16,"column":3185},"end":{"line":16,"column":3217}},{"start":{"line":16,"column":3221},"end":{"line":16,"column":3240}}],"line":16},"32":{"loc":{"start":{"line":16,"column":3353},"end":{"line":16,"column":3387}},"type":"binary-expr","locations":[{"start":{"line":16,"column":3353},"end":{"line":16,"column":3363}},{"start":{"line":16,"column":3367},"end":{"line":16,"column":3387}}],"line":16},"33":{"loc":{"start":{"line":16,"column":3463},"end":{"line":16,"column":3517}},"type":"if","locations":[{"start":{"line":16,"column":3463},"end":{"line":16,"column":3517}},{"start":{"line":16,"column":3463},"end":{"line":16,"column":3517}}],"line":16},"34":{"loc":{"start":{"line":16,"column":3568},"end":{"line":16,"column":3651}},"type":"binary-expr","locations":[{"start":{"line":16,"column":3568},"end":{"line":16,"column":3589}},{"start":{"line":16,"column":3593},"end":{"line":16,"column":3651}}],"line":16},"35":{"loc":{"start":{"line":33,"column":8},"end":{"line":54,"column":288}},"type":"cond-expr","locations":[{"start":{"line":34,"column":8},"end":{"line":35,"column":145}},{"start":{"line":38,"column":8},"end":{"line":54,"column":288}}],"line":33},"36":{"loc":{"start":{"line":38,"column":8},"end":{"line":54,"column":288}},"type":"cond-expr","locations":[{"start":{"line":39,"column":8},"end":{"line":45,"column":128}},{"start":{"line":48,"column":8},"end":{"line":54,"column":288}}],"line":38},"37":{"loc":{"start":{"line":49,"column":8},"end":{"line":54,"column":287}},"type":"cond-expr","locations":[{"start":{"line":50,"column":8},"end":{"line":50,"column":176}},{"start":{"line":52,"column":8},"end":{"line":54,"column":287}}],"line":49},"38":{"loc":{"start":{"line":49,"column":8},"end":{"line":49,"column":80}},"type":"binary-expr","locations":[{"start":{"line":49,"column":8},"end":{"line":49,"column":43}},{"start":{"line":49,"column":47},"end":{"line":49,"column":80}}],"line":49}},"s":{"0":1,"1":1,"2":1,"3":1,"4":1,"5":1,"6":1,"7":1,"8":1,"9":1,"10":1,"11":1,"12":1,"13":1,"14":1,"15":1,"16":5,"17":1,"18":0,"19":1,"20":1,"21":0,"22":1,"23":1,"24":0,"25":1,"26":0,"27":1,"28":1,"29":0,"30":1,"31":1,"32":1,"33":28,"34":28,"35":28,"36":0,"37":28,"38":1,"39":1,"40":1,"41":1,"42":4,"43":0,"44":1,"45":1,"46":2,"47":2,"48":2,"49":2,"50":2,"51":2,"52":1,"53":1,"54":1,"55":0,"56":1,"57":1,"58":1,"59":4,"60":4,"61":4,"62":4,"63":0,"64":4,"65":4,"66":4,"67":0,"68":0,"69":0,"70":0,"71":1,"72":0,"73":1,"74":0,"75":1,"76":1,"77":0,"78":0,"79":0,"80":0,"81":1,"82":0,"83":1,"84":1,"85":0,"86":1,"87":1,"88":1,"89":1,"90":0,"91":0,"92":1,"93":1,"94":1,"95":1,"96":4,"97":4,"98":4,"99":4,"100":4,"101":12,"102":4,"103":4,"104":0,"105":4,"106":1,"107":4,"108":4,"109":4,"110":0,"111":0,"112":0,"113":0,"114":0,"115":1,"116":1,"117":1,"118":1,"119":4,"120":1,"121":1},"f":{"0":5,"1":1,"2":0,"3":1,"4":4,"5":1,"6":1,"7":1,"8":4,"9":4,"10":0,"11":1,"12":0,"13":1,"14":0,"15":1,"16":1,"17":0,"18":1,"19":4,"20":0,"21":4,"22":4,"23":0,"24":0,"25":0,"26":0,"27":4},"b":{"0":[4,1],"1":[5,5],"2":[0,1],"3":[0,1],"4":[1,1],"5":[0,1],"6":[1,1,0],"7":[0,1],"8":[1,1],"9":[1,1],"10":[28,0],"11":[28,0],"12":[0,28],"13":[28,28,28],"14":[1,0],"15":[0,4],"16":[2,2],"17":[2,0],"18":[1,0],"19":[0,1],"20":[4,0],"21":[4,0],"22":[4,4,0],"23":[0,0],"24":[0,1],"25":[1,1],"26":[0,1],"27":[1,0],"28":[1,0],"29":[0,0],"30":[0,1],"31":[1,0],"32":[1,1],"33":[1,0],"34":[1,0],"35":[1,3],"36":[1,2],"37":[1,1],"38":[2,2]},"inputSourceMap":null,"_coverageSchema":"1a1c01bbd47fc00a2c39e90264f33305004495a9","hash":"aa9d72f9f677cfd62df4f62c7d2368d68c37b7bf"}
,"D:\\Darbai\\Ampps\\www\\Asmeniniai\\fastshop\\frontend\\src\\components\\Categories\\CategoryList.js": {"path":"D:\\Darbai\\Ampps\\www\\Asmeniniai\\fastshop\\frontend\\src\\components\\Categories\\CategoryList.js","statementMap":{"0":{"start":{"line":1,"column":13},"end":{"line":1,"column":75}},"1":{"start":{"line":1,"column":75},"end":{"line":1,"column":100}},"2":{"start":{"line":1,"column":113},"end":{"line":1,"column":154}},"3":{"start":{"line":2,"column":17},"end":{"line":2,"column":62}},"4":{"start":{"line":3,"column":19},"end":{"line":3,"column":42}},"5":{"start":{"line":4,"column":22},"end":{"line":4,"column":82}},"6":{"start":{"line":5,"column":16},"end":{"line":5,"column":90}},"7":{"start":{"line":5,"column":110},"end":{"line":5,"column":212}},"8":{"start":{"line":5,"column":251},"end":{"line":5,"column":305}},"9":{"start":{"line":5,"column":343},"end":{"line":5,"column":390}},"10":{"start":{"line":5,"column":378},"end":{"line":5,"column":390}},"11":{"start":{"line":5,"column":402},"end":{"line":5,"column":415}},"12":{"start":{"line":5,"column":416},"end":{"line":5,"column":495}},"13":{"start":{"line":5,"column":480},"end":{"line":5,"column":493}},"14":{"start":{"line":5,"column":495},"end":{"line":5,"column":508}},"15":{"start":{"line":5,"column":548},"end":{"line":5,"column":588}},"16":{"start":{"line":5,"column":576},"end":{"line":5,"column":587}},"17":{"start":{"line":5,"column":588},"end":{"line":5,"column":688}},"18":{"start":{"line":5,"column":663},"end":{"line":5,"column":687}},"19":{"start":{"line":5,"column":700},"end":{"line":5,"column":726}},"20":{"start":{"line":5,"column":727},"end":{"line":5,"column":780}},"21":{"start":{"line":5,"column":757},"end":{"line":5,"column":779}},"22":{"start":{"line":5,"column":793},"end":{"line":5,"column":795}},"23":{"start":{"line":5,"column":824},"end":{"line":5,"column":880}},"24":{"start":{"line":5,"column":881},"end":{"line":5,"column":1152}},"25":{"start":{"line":5,"column":903},"end":{"line":5,"column":1151}},"26":{"start":{"line":5,"column":967},"end":{"line":5,"column":1039}},"27":{"start":{"line":5,"column":1040},"end":{"line":5,"column":1150}},"28":{"start":{"line":5,"column":1077},"end":{"line":5,"column":1118}},"29":{"start":{"line":5,"column":1126},"end":{"line":5,"column":1149}},"30":{"start":{"line":5,"column":1152},"end":{"line":5,"column":1173}},"31":{"start":{"line":5,"column":1173},"end":{"line":5,"column":1209}},"32":{"start":{"line":5,"column":1185},"end":{"line":5,"column":1208}},"33":{"start":{"line":5,"column":1209},"end":{"line":5,"column":1223}},"34":{"start":{"line":5,"column":1273},"end":{"line":5,"column":1372}},"35":{"start":{"line":5,"column":1314},"end":{"line":5,"column":1371}},"36":{"start":{"line":5,"column":1416},"end":{"line":5,"column":1681}},"37":{"start":{"line":5,"column":1429},"end":{"line":5,"column":1430}},"38":{"start":{"line":5,"column":1473},"end":{"line":5,"column":1481}},"39":{"start":{"line":5,"column":1482},"end":{"line":5,"column":1537}},"40":{"start":{"line":5,"column":1537},"end":{"line":5,"column":1568}},"41":{"start":{"line":5,"column":1568},"end":{"line":5,"column":1622}},"42":{"start":{"line":5,"column":1595},"end":{"line":5,"column":1622}},"43":{"start":{"line":5,"column":1622},"end":{"line":5,"column":1680}},"44":{"start":{"line":5,"column":1743},"end":{"line":5,"column":1812}},"45":{"start":{"line":5,"column":1759},"end":{"line":5,"column":1812}},"46":{"start":{"line":5,"column":1812},"end":{"line":5,"column":1873}},"47":{"start":{"line":5,"column":1829},"end":{"line":5,"column":1873}},"48":{"start":{"line":5,"column":1873},"end":{"line":5,"column":1892}},"49":{"start":{"line":5,"column":1957},"end":{"line":5,"column":1984}},"50":{"start":{"line":5,"column":1985},"end":{"line":5,"column":2304}},"51":{"start":{"line":5,"column":2037},"end":{"line":5,"column":2061}},"52":{"start":{"line":5,"column":2069},"end":{"line":5,"column":2254}},"53":{"start":{"line":5,"column":2117},"end":{"line":5,"column":2150}},"54":{"start":{"line":5,"column":2151},"end":{"line":5,"column":2207}},"55":{"start":{"line":5,"column":2215},"end":{"line":5,"column":2253}},"56":{"start":{"line":5,"column":2254},"end":{"line":5,"column":2302}},"57":{"start":{"line":5,"column":2354},"end":{"line":5,"column":2438}},"58":{"start":{"line":5,"column":2425},"end":{"line":5,"column":2437}},"59":{"start":{"line":5,"column":2438},"end":{"line":5,"column":2474}},"60":{"start":{"line":5,"column":2514},"end":{"line":5,"column":2623}},"61":{"start":{"line":5,"column":2536},"end":{"line":5,"column":2622}},"62":{"start":{"line":5,"column":2623},"end":{"line":5,"column":2635}},"63":{"start":{"line":5,"column":2674},"end":{"line":5,"column":2745}},"64":{"start":{"line":5,"column":2732},"end":{"line":5,"column":2745}},"65":{"start":{"line":5,"column":2745},"end":{"line":5,"column":2786}},"66":{"start":{"line":5,"column":2773},"end":{"line":5,"column":2786}},"67":{"start":{"line":5,"column":2786},"end":{"line":5,"column":2831}},"68":{"start":{"line":5,"column":2819},"end":{"line":5,"column":2831}},"69":{"start":{"line":5,"column":2831},"end":{"line":5,"column":2949}},"70":{"start":{"line":5,"column":2836},"end":{"line":5,"column":2910}},"71":{"start":{"line":5,"column":2910},"end":{"line":5,"column":2922}},"72":{"start":{"line":5,"column":2935},"end":{"line":5,"column":2948}},"73":{"start":{"line":5,"column":2979},"end":{"line":5,"column":3123}},"74":{"start":{"line":5,"column":3074},"end":{"line":5,"column":3121}},"75":{"start":{"line":5,"column":3123},"end":{"line":5,"column":3149}},"76":{"start":{"line":5,"column":3192},"end":{"line":5,"column":3329}},"77":{"start":{"line":5,"column":3254},"end":{"line":5,"column":3328}},"78":{"start":{"line":5,"column":3329},"end":{"line":5,"column":3474}},"79":{"start":{"line":5,"column":3474},"end":{"line":5,"column":3528}},"80":{"start":{"line":5,"column":3490},"end":{"line":5,"column":3528}},"81":{"start":{"line":5,"column":3561},"end":{"line":5,"column":3663}},"82":{"start":{"line":5,"column":3636},"end":{"line":5,"column":3652}},"83":{"start":{"line":5,"column":3652},"end":{"line":5,"column":3661}},"84":{"start":{"line":5,"column":3663},"end":{"line":5,"column":3692}},"85":{"start":{"line":9,"column":15},"end":{"line":30,"column":49}},"86":{"start":{"line":9,"column":38},"end":{"line":9,"column":74}},"87":{"start":{"line":9,"column":87},"end":{"line":9,"column":113}},"88":{"start":{"line":9,"column":149},"end":{"line":9,"column":185}},"89":{"start":{"line":9,"column":185},"end":{"line":9,"column":305}},"90":{"start":{"line":9,"column":201},"end":{"line":9,"column":217}},"91":{"start":{"line":9,"column":226},"end":{"line":9,"column":241}},"92":{"start":{"line":9,"column":250},"end":{"line":9,"column":251}},"93":{"start":{"line":9,"column":275},"end":{"line":9,"column":304}},"94":{"start":{"line":9,"column":305},"end":{"line":9,"column":360}},"95":{"start":{"line":9,"column":360},"end":{"line":13,"column":6}},"96":{"start":{"line":12,"column":6},"end":{"line":12,"column":38}},"97":{"start":{"line":13,"column":6},"end":{"line":13,"column":19}},"98":{"start":{"line":13,"column":20},"end":{"line":30,"column":10}},"99":{"start":{"line":15,"column":18},"end":{"line":15,"column":22}},"100":{"start":{"line":16,"column":6},"end":{"line":27,"column":222}},"101":{"start":{"line":17,"column":151},"end":{"line":17,"column":185}},"102":{"start":{"line":30,"column":10},"end":{"line":30,"column":30}},"103":{"start":{"line":33,"column":0},"end":{"line":35,"column":37}},"104":{"start":{"line":38,"column":0},"end":{"line":38,"column":12}},"105":{"start":{"line":38,"column":13},"end":{"line":38,"column":40}}},"fnMap":{"0":{"name":"_interopRequireDefault","decl":{"start":{"line":5,"column":222},"end":{"line":5,"column":244}},"loc":{"start":{"line":5,"column":250},"end":{"line":5,"column":306}},"line":5},"1":{"name":"_getRequireWildcardCache","decl":{"start":{"line":5,"column":315},"end":{"line":5,"column":339}},"loc":{"start":{"line":5,"column":342},"end":{"line":5,"column":509}},"line":5},"2":{"name":"_getRequireWildcardCache","decl":{"start":{"line":5,"column":452},"end":{"line":5,"column":476}},"loc":{"start":{"line":5,"column":479},"end":{"line":5,"column":494}},"line":5},"3":{"name":"_interopRequireWildcard","decl":{"start":{"line":5,"column":518},"end":{"line":5,"column":541}},"loc":{"start":{"line":5,"column":547},"end":{"line":5,"column":1224}},"line":5},"4":{"name":"_classCallCheck","decl":{"start":{"line":5,"column":1233},"end":{"line":5,"column":1248}},"loc":{"start":{"line":5,"column":1272},"end":{"line":5,"column":1373}},"line":5},"5":{"name":"_defineProperties","decl":{"start":{"line":5,"column":1382},"end":{"line":5,"column":1399}},"loc":{"start":{"line":5,"column":1415},"end":{"line":5,"column":1682}},"line":5},"6":{"name":"_createClass","decl":{"start":{"line":5,"column":1691},"end":{"line":5,"column":1703}},"loc":{"start":{"line":5,"column":1742},"end":{"line":5,"column":1893}},"line":5},"7":{"name":"_createSuper","decl":{"start":{"line":5,"column":1902},"end":{"line":5,"column":1914}},"loc":{"start":{"line":5,"column":1924},"end":{"line":5,"column":2305}},"line":5},"8":{"name":"_createSuperInternal","decl":{"start":{"line":5,"column":2001},"end":{"line":5,"column":2021}},"loc":{"start":{"line":5,"column":2024},"end":{"line":5,"column":2303}},"line":5},"9":{"name":"_possibleConstructorReturn","decl":{"start":{"line":5,"column":2314},"end":{"line":5,"column":2340}},"loc":{"start":{"line":5,"column":2353},"end":{"line":5,"column":2475}},"line":5},"10":{"name":"_assertThisInitialized","decl":{"start":{"line":5,"column":2484},"end":{"line":5,"column":2506}},"loc":{"start":{"line":5,"column":2513},"end":{"line":5,"column":2636}},"line":5},"11":{"name":"_isNativeReflectConstruct","decl":{"start":{"line":5,"column":2645},"end":{"line":5,"column":2670}},"loc":{"start":{"line":5,"column":2673},"end":{"line":5,"column":2950}},"line":5},"12":{"name":"(anonymous_12)","decl":{"start":{"line":5,"column":2893},"end":{"line":5,"column":2894}},"loc":{"start":{"line":5,"column":2905},"end":{"line":5,"column":2907}},"line":5},"13":{"name":"_getPrototypeOf","decl":{"start":{"line":5,"column":2959},"end":{"line":5,"column":2974}},"loc":{"start":{"line":5,"column":2978},"end":{"line":5,"column":3150}},"line":5},"14":{"name":"_getPrototypeOf","decl":{"start":{"line":5,"column":3054},"end":{"line":5,"column":3069}},"loc":{"start":{"line":5,"column":3073},"end":{"line":5,"column":3122}},"line":5},"15":{"name":"_inherits","decl":{"start":{"line":5,"column":3159},"end":{"line":5,"column":3168}},"loc":{"start":{"line":5,"column":3191},"end":{"line":5,"column":3529}},"line":5},"16":{"name":"_setPrototypeOf","decl":{"start":{"line":5,"column":3538},"end":{"line":5,"column":3553}},"loc":{"start":{"line":5,"column":3560},"end":{"line":5,"column":3693}},"line":5},"17":{"name":"_setPrototypeOf","decl":{"start":{"line":5,"column":3613},"end":{"line":5,"column":3628}},"loc":{"start":{"line":5,"column":3635},"end":{"line":5,"column":3662}},"line":5},"18":{"name":"(anonymous_18)","decl":{"start":{"line":9,"column":15},"end":{"line":9,"column":16}},"loc":{"start":{"line":9,"column":37},"end":{"line":30,"column":31}},"line":9},"19":{"name":"CategoryList","decl":{"start":{"line":9,"column":123},"end":{"line":9,"column":135}},"loc":{"start":{"line":9,"column":138},"end":{"line":13,"column":20}},"line":9},"20":{"name":"(anonymous_20)","decl":{"start":{"line":11,"column":24},"end":{"line":11,"column":25}},"loc":{"start":{"line":11,"column":36},"end":{"line":13,"column":5}},"line":11},"21":{"name":"render","decl":{"start":{"line":13,"column":81},"end":{"line":13,"column":87}},"loc":{"start":{"line":15,"column":4},"end":{"line":30,"column":5}},"line":15},"22":{"name":"onPress","decl":{"start":{"line":17,"column":140},"end":{"line":17,"column":147}},"loc":{"start":{"line":17,"column":150},"end":{"line":17,"column":186}},"line":17}},"branchMap":{"0":{"loc":{"start":{"line":5,"column":258},"end":{"line":5,"column":304}},"type":"cond-expr","locations":[{"start":{"line":5,"column":282},"end":{"line":5,"column":285}},{"start":{"line":5,"column":288},"end":{"line":5,"column":304}}],"line":5},"1":{"loc":{"start":{"line":5,"column":258},"end":{"line":5,"column":279}},"type":"binary-expr","locations":[{"start":{"line":5,"column":258},"end":{"line":5,"column":261}},{"start":{"line":5,"column":265},"end":{"line":5,"column":279}}],"line":5},"2":{"loc":{"start":{"line":5,"column":343},"end":{"line":5,"column":390}},"type":"if","locations":[{"start":{"line":5,"column":343},"end":{"line":5,"column":390}},{"start":{"line":5,"column":343},"end":{"line":5,"column":390}}],"line":5},"3":{"loc":{"start":{"line":5,"column":548},"end":{"line":5,"column":588}},"type":"if","locations":[{"start":{"line":5,"column":548},"end":{"line":5,"column":588}},{"start":{"line":5,"column":548},"end":{"line":5,"column":588}}],"line":5},"4":{"loc":{"start":{"line":5,"column":552},"end":{"line":5,"column":573}},"type":"binary-expr","locations":[{"start":{"line":5,"column":552},"end":{"line":5,"column":555}},{"start":{"line":5,"column":559},"end":{"line":5,"column":573}}],"line":5},"5":{"loc":{"start":{"line":5,"column":588},"end":{"line":5,"column":688}},"type":"if","locations":[{"start":{"line":5,"column":588},"end":{"line":5,"column":688}},{"start":{"line":5,"column":588},"end":{"line":5,"column":688}}],"line":5},"6":{"loc":{"start":{"line":5,"column":592},"end":{"line":5,"column":660}},"type":"binary-expr","locations":[{"start":{"line":5,"column":592},"end":{"line":5,"column":604}},{"start":{"line":5,"column":608},"end":{"line":5,"column":631}},{"start":{"line":5,"column":635},"end":{"line":5,"column":660}}],"line":5},"7":{"loc":{"start":{"line":5,"column":727},"end":{"line":5,"column":780}},"type":"if","locations":[{"start":{"line":5,"column":727},"end":{"line":5,"column":780}},{"start":{"line":5,"column":727},"end":{"line":5,"column":780}}],"line":5},"8":{"loc":{"start":{"line":5,"column":731},"end":{"line":5,"column":754}},"type":"binary-expr","locations":[{"start":{"line":5,"column":731},"end":{"line":5,"column":736}},{"start":{"line":5,"column":740},"end":{"line":5,"column":754}}],"line":5},"9":{"loc":{"start":{"line":5,"column":824},"end":{"line":5,"column":880}},"type":"binary-expr","locations":[{"start":{"line":5,"column":824},"end":{"line":5,"column":845}},{"start":{"line":5,"column":849},"end":{"line":5,"column":880}}],"line":5},"10":{"loc":{"start":{"line":5,"column":903},"end":{"line":5,"column":1151}},"type":"if","locations":[{"start":{"line":5,"column":903},"end":{"line":5,"column":1151}},{"start":{"line":5,"column":903},"end":{"line":5,"column":1151}}],"line":5},"11":{"loc":{"start":{"line":5,"column":967},"end":{"line":5,"column":1039}},"type":"cond-expr","locations":[{"start":{"line":5,"column":991},"end":{"line":5,"column":1032}},{"start":{"line":5,"column":1035},"end":{"line":5,"column":1039}}],"line":5},"12":{"loc":{"start":{"line":5,"column":1040},"end":{"line":5,"column":1150}},"type":"if","locations":[{"start":{"line":5,"column":1040},"end":{"line":5,"column":1150}},{"start":{"line":5,"column":1040},"end":{"line":5,"column":1150}}],"line":5},"13":{"loc":{"start":{"line":5,"column":1044},"end":{"line":5,"column":1074}},"type":"binary-expr","locations":[{"start":{"line":5,"column":1044},"end":{"line":5,"column":1048}},{"start":{"line":5,"column":1053},"end":{"line":5,"column":1061}},{"start":{"line":5,"column":1065},"end":{"line":5,"column":1073}}],"line":5},"14":{"loc":{"start":{"line":5,"column":1173},"end":{"line":5,"column":1209}},"type":"if","locations":[{"start":{"line":5,"column":1173},"end":{"line":5,"column":1209}},{"start":{"line":5,"column":1173},"end":{"line":5,"column":1209}}],"line":5},"15":{"loc":{"start":{"line":5,"column":1273},"end":{"line":5,"column":1372}},"type":"if","locations":[{"start":{"line":5,"column":1273},"end":{"line":5,"column":1372}},{"start":{"line":5,"column":1273},"end":{"line":5,"column":1372}}],"line":5},"16":{"loc":{"start":{"line":5,"column":1506},"end":{"line":5,"column":1536}},"type":"binary-expr","locations":[{"start":{"line":5,"column":1506},"end":{"line":5,"column":1527}},{"start":{"line":5,"column":1531},"end":{"line":5,"column":1536}}],"line":5},"17":{"loc":{"start":{"line":5,"column":1568},"end":{"line":5,"column":1622}},"type":"if","locations":[{"start":{"line":5,"column":1568},"end":{"line":5,"column":1622}},{"start":{"line":5,"column":1568},"end":{"line":5,"column":1622}}],"line":5},"18":{"loc":{"start":{"line":5,"column":1743},"end":{"line":5,"column":1812}},"type":"if","locations":[{"start":{"line":5,"column":1743},"end":{"line":5,"column":1812}},{"start":{"line":5,"column":1743},"end":{"line":5,"column":1812}}],"line":5},"19":{"loc":{"start":{"line":5,"column":1812},"end":{"line":5,"column":1873}},"type":"if","locations":[{"start":{"line":5,"column":1812},"end":{"line":5,"column":1873}},{"start":{"line":5,"column":1812},"end":{"line":5,"column":1873}}],"line":5},"20":{"loc":{"start":{"line":5,"column":2069},"end":{"line":5,"column":2254}},"type":"if","locations":[{"start":{"line":5,"column":2069},"end":{"line":5,"column":2254}},{"start":{"line":5,"column":2069},"end":{"line":5,"column":2254}}],"line":5},"21":{"loc":{"start":{"line":5,"column":2354},"end":{"line":5,"column":2438}},"type":"if","locations":[{"start":{"line":5,"column":2354},"end":{"line":5,"column":2438}},{"start":{"line":5,"column":2354},"end":{"line":5,"column":2438}}],"line":5},"22":{"loc":{"start":{"line":5,"column":2358},"end":{"line":5,"column":2422}},"type":"binary-expr","locations":[{"start":{"line":5,"column":2358},"end":{"line":5,"column":2362}},{"start":{"line":5,"column":2367},"end":{"line":5,"column":2391}},{"start":{"line":5,"column":2395},"end":{"line":5,"column":2421}}],"line":5},"23":{"loc":{"start":{"line":5,"column":2514},"end":{"line":5,"column":2623}},"type":"if","locations":[{"start":{"line":5,"column":2514},"end":{"line":5,"column":2623}},{"start":{"line":5,"column":2514},"end":{"line":5,"column":2623}}],"line":5},"24":{"loc":{"start":{"line":5,"column":2674},"end":{"line":5,"column":2745}},"type":"if","locations":[{"start":{"line":5,"column":2674},"end":{"line":5,"column":2745}},{"start":{"line":5,"column":2674},"end":{"line":5,"column":2745}}],"line":5},"25":{"loc":{"start":{"line":5,"column":2678},"end":{"line":5,"column":2730}},"type":"binary-expr","locations":[{"start":{"line":5,"column":2678},"end":{"line":5,"column":2708}},{"start":{"line":5,"column":2712},"end":{"line":5,"column":2730}}],"line":5},"26":{"loc":{"start":{"line":5,"column":2745},"end":{"line":5,"column":2786}},"type":"if","locations":[{"start":{"line":5,"column":2745},"end":{"line":5,"column":2786}},{"start":{"line":5,"column":2745},"end":{"line":5,"column":2786}}],"line":5},"27":{"loc":{"start":{"line":5,"column":2786},"end":{"line":5,"column":2831}},"type":"if","locations":[{"start":{"line":5,"column":2786},"end":{"line":5,"column":2831}},{"start":{"line":5,"column":2786},"end":{"line":5,"column":2831}}],"line":5},"28":{"loc":{"start":{"line":5,"column":2997},"end":{"line":5,"column":3122}},"type":"cond-expr","locations":[{"start":{"line":5,"column":3021},"end":{"line":5,"column":3042}},{"start":{"line":5,"column":3045},"end":{"line":5,"column":3122}}],"line":5},"29":{"loc":{"start":{"line":5,"column":3081},"end":{"line":5,"column":3120}},"type":"binary-expr","locations":[{"start":{"line":5,"column":3081},"end":{"line":5,"column":3092}},{"start":{"line":5,"column":3096},"end":{"line":5,"column":3120}}],"line":5},"30":{"loc":{"start":{"line":5,"column":3192},"end":{"line":5,"column":3329}},"type":"if","locations":[{"start":{"line":5,"column":3192},"end":{"line":5,"column":3329}},{"start":{"line":5,"column":3192},"end":{"line":5,"column":3329}}],"line":5},"31":{"loc":{"start":{"line":5,"column":3196},"end":{"line":5,"column":3251}},"type":"binary-expr","locations":[{"start":{"line":5,"column":3196},"end":{"line":5,"column":3228}},{"start":{"line":5,"column":3232},"end":{"line":5,"column":3251}}],"line":5},"32":{"loc":{"start":{"line":5,"column":3364},"end":{"line":5,"column":3398}},"type":"binary-expr","locations":[{"start":{"line":5,"column":3364},"end":{"line":5,"column":3374}},{"start":{"line":5,"column":3378},"end":{"line":5,"column":3398}}],"line":5},"33":{"loc":{"start":{"line":5,"column":3474},"end":{"line":5,"column":3528}},"type":"if","locations":[{"start":{"line":5,"column":3474},"end":{"line":5,"column":3528}},{"start":{"line":5,"column":3474},"end":{"line":5,"column":3528}}],"line":5},"34":{"loc":{"start":{"line":5,"column":3579},"end":{"line":5,"column":3662}},"type":"binary-expr","locations":[{"start":{"line":5,"column":3579},"end":{"line":5,"column":3600}},{"start":{"line":5,"column":3604},"end":{"line":5,"column":3662}}],"line":5},"35":{"loc":{"start":{"line":18,"column":8},"end":{"line":24,"column":218}},"type":"cond-expr","locations":[{"start":{"line":19,"column":8},"end":{"line":20,"column":236}},{"start":{"line":23,"column":8},"end":{"line":24,"column":218}}],"line":18}},"s":{"0":1,"1":1,"2":1,"3":1,"4":1,"5":1,"6":1,"7":1,"8":2,"9":1,"10":0,"11":1,"12":1,"13":0,"14":1,"15":1,"16":0,"17":1,"18":0,"19":1,"20":1,"21":0,"22":1,"23":1,"24":1,"25":28,"26":28,"27":28,"28":0,"29":28,"30":1,"31":1,"32":1,"33":1,"34":0,"35":0,"36":1,"37":1,"38":1,"39":1,"40":1,"41":1,"42":1,"43":1,"44":1,"45":1,"46":1,"47":0,"48":1,"49":1,"50":1,"51":0,"52":0,"53":0,"54":0,"55":0,"56":0,"57":0,"58":0,"59":0,"60":0,"61":0,"62":0,"63":1,"64":0,"65":1,"66":0,"67":1,"68":1,"69":0,"70":0,"71":0,"72":0,"73":0,"74":0,"75":0,"76":1,"77":0,"78":1,"79":1,"80":1,"81":1,"82":0,"83":0,"84":1,"85":1,"86":1,"87":1,"88":0,"89":0,"90":0,"91":0,"92":0,"93":0,"94":0,"95":0,"96":0,"97":0,"98":1,"99":0,"100":0,"101":0,"102":1,"103":1,"104":1,"105":1},"f":{"0":2,"1":1,"2":0,"3":1,"4":0,"5":1,"6":1,"7":1,"8":0,"9":0,"10":0,"11":1,"12":0,"13":0,"14":0,"15":1,"16":1,"17":0,"18":1,"19":0,"20":0,"21":0,"22":0},"b":{"0":[1,1],"1":[2,2],"2":[0,1],"3":[0,1],"4":[1,1],"5":[0,1],"6":[1,1,0],"7":[0,1],"8":[1,1],"9":[1,1],"10":[28,0],"11":[28,0],"12":[0,28],"13":[28,28,28],"14":[1,0],"15":[0,0],"16":[1,1],"17":[1,0],"18":[1,0],"19":[0,1],"20":[0,0],"21":[0,0],"22":[0,0,0],"23":[0,0],"24":[0,1],"25":[1,1],"26":[0,1],"27":[1,0],"28":[0,0],"29":[0,0],"30":[0,1],"31":[1,0],"32":[1,1],"33":[1,0],"34":[1,0],"35":[0,0]},"inputSourceMap":null,"_coverageSchema":"1a1c01bbd47fc00a2c39e90264f33305004495a9","hash":"a96946ea798129e376801342d02d630cb6b0fe94"}
,"D:\\Darbai\\Ampps\\www\\Asmeniniai\\fastshop\\frontend\\src\\components_additional\\AdminButton.js": {"path":"D:\\Darbai\\Ampps\\www\\Asmeniniai\\fastshop\\frontend\\src\\components_additional\\AdminButton.js","statementMap":{"0":{"start":{"line":1,"column":13},"end":{"line":1,"column":75}},"1":{"start":{"line":1,"column":75},"end":{"line":1,"column":100}},"2":{"start":{"line":1,"column":113},"end":{"line":1,"column":153}},"3":{"start":{"line":2,"column":19},"end":{"line":2,"column":42}},"4":{"start":{"line":3,"column":24},"end":{"line":3,"column":60}},"5":{"start":{"line":3,"column":73},"end":{"line":3,"column":77}},"6":{"start":{"line":3,"column":93},"end":{"line":3,"column":193}},"7":{"start":{"line":3,"column":232},"end":{"line":3,"column":286}},"8":{"start":{"line":5,"column":13},"end":{"line":11,"column":1}},"9":{"start":{"line":5,"column":47},"end":{"line":5,"column":56}},"10":{"start":{"line":5,"column":65},"end":{"line":5,"column":75}},"11":{"start":{"line":5,"column":84},"end":{"line":5,"column":94}},"12":{"start":{"line":5,"column":108},"end":{"line":5,"column":123}},"13":{"start":{"line":5,"column":135},"end":{"line":5,"column":148}},"14":{"start":{"line":6,"column":2},"end":{"line":8,"column":237}},"15":{"start":{"line":13,"column":0},"end":{"line":13,"column":6}},"16":{"start":{"line":13,"column":7},"end":{"line":13,"column":34}}},"fnMap":{"0":{"name":"_interopRequireDefault","decl":{"start":{"line":3,"column":203},"end":{"line":3,"column":225}},"loc":{"start":{"line":3,"column":231},"end":{"line":3,"column":287}},"line":3},"1":{"name":"Button","decl":{"start":{"line":5,"column":22},"end":{"line":5,"column":28}},"loc":{"start":{"line":5,"column":35},"end":{"line":11,"column":1}},"line":5}},"branchMap":{"0":{"loc":{"start":{"line":3,"column":239},"end":{"line":3,"column":285}},"type":"cond-expr","locations":[{"start":{"line":3,"column":263},"end":{"line":3,"column":266}},{"start":{"line":3,"column":269},"end":{"line":3,"column":285}}],"line":3},"1":{"loc":{"start":{"line":3,"column":239},"end":{"line":3,"column":260}},"type":"binary-expr","locations":[{"start":{"line":3,"column":239},"end":{"line":3,"column":242}},{"start":{"line":3,"column":246},"end":{"line":3,"column":260}}],"line":3}},"s":{"0":1,"1":1,"2":1,"3":1,"4":1,"5":1,"6":1,"7":1,"8":1,"9":0,"10":0,"11":0,"12":0,"13":0,"14":0,"15":1,"16":1},"f":{"0":1,"1":0},"b":{"0":[0,1],"1":[1,1]},"inputSourceMap":null,"_coverageSchema":"1a1c01bbd47fc00a2c39e90264f33305004495a9","hash":"f0fe7d6b08fa1185fca0b2a30b63e6427725385f"}
,"D:\\Darbai\\Ampps\\www\\Asmeniniai\\fastshop\\frontend\\src\\components_additional\\EmptyList.js": {"path":"D:\\Darbai\\Ampps\\www\\Asmeniniai\\fastshop\\frontend\\src\\components_additional\\EmptyList.js","statementMap":{"0":{"start":{"line":1,"column":13},"end":{"line":1,"column":75}},"1":{"start":{"line":1,"column":75},"end":{"line":1,"column":100}},"2":{"start":{"line":1,"column":113},"end":{"line":1,"column":153}},"3":{"start":{"line":2,"column":19},"end":{"line":2,"column":42}},"4":{"start":{"line":3,"column":24},"end":{"line":3,"column":60}},"5":{"start":{"line":4,"column":19},"end":{"line":4,"column":96}},"6":{"start":{"line":5,"column":19},"end":{"line":5,"column":67}},"7":{"start":{"line":6,"column":14},"end":{"line":6,"column":40}},"8":{"start":{"line":6,"column":53},"end":{"line":6,"column":57}},"9":{"start":{"line":6,"column":73},"end":{"line":6,"column":171}},"10":{"start":{"line":6,"column":210},"end":{"line":6,"column":264}},"11":{"start":{"line":8,"column":16},"end":{"line":20,"column":1}},"12":{"start":{"line":8,"column":56},"end":{"line":8,"column":68}},"13":{"start":{"line":8,"column":82},"end":{"line":8,"column":97}},"14":{"start":{"line":10,"column":2},"end":{"line":16,"column":203}},"15":{"start":{"line":22,"column":0},"end":{"line":22,"column":9}},"16":{"start":{"line":22,"column":10},"end":{"line":22,"column":37}}},"fnMap":{"0":{"name":"_interopRequireDefault","decl":{"start":{"line":6,"column":181},"end":{"line":6,"column":203}},"loc":{"start":{"line":6,"column":209},"end":{"line":6,"column":265}},"line":6},"1":{"name":"EmptyList","decl":{"start":{"line":8,"column":25},"end":{"line":8,"column":34}},"loc":{"start":{"line":8,"column":41},"end":{"line":20,"column":1}},"line":8}},"branchMap":{"0":{"loc":{"start":{"line":6,"column":217},"end":{"line":6,"column":263}},"type":"cond-expr","locations":[{"start":{"line":6,"column":241},"end":{"line":6,"column":244}},{"start":{"line":6,"column":247},"end":{"line":6,"column":263}}],"line":6},"1":{"loc":{"start":{"line":6,"column":217},"end":{"line":6,"column":238}},"type":"binary-expr","locations":[{"start":{"line":6,"column":217},"end":{"line":6,"column":220}},{"start":{"line":6,"column":224},"end":{"line":6,"column":238}}],"line":6},"2":{"loc":{"start":{"line":11,"column":94},"end":{"line":11,"column":145}},"type":"cond-expr","locations":[{"start":{"line":11,"column":107},"end":{"line":11,"column":117}},{"start":{"line":11,"column":120},"end":{"line":11,"column":145}}],"line":11}},"s":{"0":1,"1":1,"2":1,"3":1,"4":1,"5":1,"6":1,"7":1,"8":1,"9":1,"10":3,"11":1,"12":0,"13":0,"14":0,"15":1,"16":1},"f":{"0":3,"1":0},"b":{"0":[2,1],"1":[3,3],"2":[0,0]},"inputSourceMap":null,"_coverageSchema":"1a1c01bbd47fc00a2c39e90264f33305004495a9","hash":"9e90009592ee3a2f21bc9e1f2c0bd4540f7e798b"}
,"D:\\Darbai\\Ampps\\www\\Asmeniniai\\fastshop\\frontend\\src\\components_additional\\Loading.js": {"path":"D:\\Darbai\\Ampps\\www\\Asmeniniai\\fastshop\\frontend\\src\\components_additional\\Loading.js","statementMap":{"0":{"start":{"line":1,"column":13},"end":{"line":1,"column":75}},"1":{"start":{"line":1,"column":75},"end":{"line":1,"column":100}},"2":{"start":{"line":1,"column":113},"end":{"line":1,"column":153}},"3":{"start":{"line":2,"column":19},"end":{"line":2,"column":42}},"4":{"start":{"line":3,"column":14},"end":{"line":3,"column":40}},"5":{"start":{"line":4,"column":24},"end":{"line":4,"column":60}},"6":{"start":{"line":4,"column":73},"end":{"line":4,"column":77}},"7":{"start":{"line":4,"column":93},"end":{"line":4,"column":189}},"8":{"start":{"line":4,"column":228},"end":{"line":4,"column":282}},"9":{"start":{"line":6,"column":14},"end":{"line":13,"column":1}},"10":{"start":{"line":8,"column":2},"end":{"line":10,"column":206}},"11":{"start":{"line":15,"column":0},"end":{"line":15,"column":7}},"12":{"start":{"line":15,"column":8},"end":{"line":15,"column":35}}},"fnMap":{"0":{"name":"_interopRequireDefault","decl":{"start":{"line":4,"column":199},"end":{"line":4,"column":221}},"loc":{"start":{"line":4,"column":227},"end":{"line":4,"column":283}},"line":4},"1":{"name":"Loading","decl":{"start":{"line":6,"column":23},"end":{"line":6,"column":30}},"loc":{"start":{"line":6,"column":33},"end":{"line":13,"column":1}},"line":6}},"branchMap":{"0":{"loc":{"start":{"line":4,"column":235},"end":{"line":4,"column":281}},"type":"cond-expr","locations":[{"start":{"line":4,"column":259},"end":{"line":4,"column":262}},{"start":{"line":4,"column":265},"end":{"line":4,"column":281}}],"line":4},"1":{"loc":{"start":{"line":4,"column":235},"end":{"line":4,"column":256}},"type":"binary-expr","locations":[{"start":{"line":4,"column":235},"end":{"line":4,"column":238}},{"start":{"line":4,"column":242},"end":{"line":4,"column":256}}],"line":4}},"s":{"0":1,"1":1,"2":1,"3":1,"4":1,"5":1,"6":1,"7":1,"8":1,"9":1,"10":0,"11":1,"12":1},"f":{"0":1,"1":0},"b":{"0":[0,1],"1":[1,1]},"inputSourceMap":null,"_coverageSchema":"1a1c01bbd47fc00a2c39e90264f33305004495a9","hash":"89fa2b1c380b0d039e369bb6daee3154297a87dc"}
,"D:\\Darbai\\Ampps\\www\\Asmeniniai\\fastshop\\frontend\\src\\components_additional\\Modal.js": {"path":"D:\\Darbai\\Ampps\\www\\Asmeniniai\\fastshop\\frontend\\src\\components_additional\\Modal.js","statementMap":{"0":{"start":{"line":1,"column":13},"end":{"line":1,"column":75}},"1":{"start":{"line":1,"column":75},"end":{"line":1,"column":100}},"2":{"start":{"line":1,"column":113},"end":{"line":1,"column":154}},"3":{"start":{"line":2,"column":19},"end":{"line":2,"column":42}},"4":{"start":{"line":3,"column":24},"end":{"line":3,"column":60}},"5":{"start":{"line":4,"column":19},"end":{"line":4,"column":96}},"6":{"start":{"line":5,"column":16},"end":{"line":5,"column":90}},"7":{"start":{"line":6,"column":19},"end":{"line":6,"column":67}},"8":{"start":{"line":6,"column":80},"end":{"line":6,"column":84}},"9":{"start":{"line":6,"column":100},"end":{"line":6,"column":194}},"10":{"start":{"line":6,"column":233},"end":{"line":6,"column":287}},"11":{"start":{"line":6,"column":325},"end":{"line":6,"column":372}},"12":{"start":{"line":6,"column":360},"end":{"line":6,"column":372}},"13":{"start":{"line":6,"column":384},"end":{"line":6,"column":397}},"14":{"start":{"line":6,"column":398},"end":{"line":6,"column":477}},"15":{"start":{"line":6,"column":462},"end":{"line":6,"column":475}},"16":{"start":{"line":6,"column":477},"end":{"line":6,"column":490}},"17":{"start":{"line":6,"column":530},"end":{"line":6,"column":570}},"18":{"start":{"line":6,"column":558},"end":{"line":6,"column":569}},"19":{"start":{"line":6,"column":570},"end":{"line":6,"column":670}},"20":{"start":{"line":6,"column":645},"end":{"line":6,"column":669}},"21":{"start":{"line":6,"column":682},"end":{"line":6,"column":708}},"22":{"start":{"line":6,"column":709},"end":{"line":6,"column":762}},"23":{"start":{"line":6,"column":739},"end":{"line":6,"column":761}},"24":{"start":{"line":6,"column":775},"end":{"line":6,"column":777}},"25":{"start":{"line":6,"column":806},"end":{"line":6,"column":862}},"26":{"start":{"line":6,"column":863},"end":{"line":6,"column":1134}},"27":{"start":{"line":6,"column":885},"end":{"line":6,"column":1133}},"28":{"start":{"line":6,"column":949},"end":{"line":6,"column":1021}},"29":{"start":{"line":6,"column":1022},"end":{"line":6,"column":1132}},"30":{"start":{"line":6,"column":1059},"end":{"line":6,"column":1100}},"31":{"start":{"line":6,"column":1108},"end":{"line":6,"column":1131}},"32":{"start":{"line":6,"column":1134},"end":{"line":6,"column":1155}},"33":{"start":{"line":6,"column":1155},"end":{"line":6,"column":1191}},"34":{"start":{"line":6,"column":1167},"end":{"line":6,"column":1190}},"35":{"start":{"line":6,"column":1191},"end":{"line":6,"column":1205}},"36":{"start":{"line":10,"column":12},"end":{"line":33,"column":1}},"37":{"start":{"line":10,"column":48},"end":{"line":10,"column":60}},"38":{"start":{"line":10,"column":69},"end":{"line":10,"column":79}},"39":{"start":{"line":10,"column":88},"end":{"line":10,"column":98}},"40":{"start":{"line":10,"column":104},"end":{"line":10,"column":111}},"41":{"start":{"line":10,"column":120},"end":{"line":10,"column":130}},"42":{"start":{"line":10,"column":145},"end":{"line":10,"column":161}},"43":{"start":{"line":10,"column":175},"end":{"line":10,"column":190}},"44":{"start":{"line":10,"column":202},"end":{"line":10,"column":215}},"45":{"start":{"line":11,"column":14},"end":{"line":11,"column":73}},"46":{"start":{"line":13,"column":2},"end":{"line":15,"column":9}},"47":{"start":{"line":14,"column":4},"end":{"line":14,"column":57}},"48":{"start":{"line":17,"column":2},"end":{"line":28,"column":232}},"49":{"start":{"line":35,"column":0},"end":{"line":35,"column":5}},"50":{"start":{"line":35,"column":6},"end":{"line":35,"column":33}}},"fnMap":{"0":{"name":"_interopRequireDefault","decl":{"start":{"line":6,"column":204},"end":{"line":6,"column":226}},"loc":{"start":{"line":6,"column":232},"end":{"line":6,"column":288}},"line":6},"1":{"name":"_getRequireWildcardCache","decl":{"start":{"line":6,"column":297},"end":{"line":6,"column":321}},"loc":{"start":{"line":6,"column":324},"end":{"line":6,"column":491}},"line":6},"2":{"name":"_getRequireWildcardCache","decl":{"start":{"line":6,"column":434},"end":{"line":6,"column":458}},"loc":{"start":{"line":6,"column":461},"end":{"line":6,"column":476}},"line":6},"3":{"name":"_interopRequireWildcard","decl":{"start":{"line":6,"column":500},"end":{"line":6,"column":523}},"loc":{"start":{"line":6,"column":529},"end":{"line":6,"column":1206}},"line":6},"4":{"name":"Modal","decl":{"start":{"line":10,"column":21},"end":{"line":10,"column":26}},"loc":{"start":{"line":10,"column":33},"end":{"line":33,"column":1}},"line":10},"5":{"name":"(anonymous_5)","decl":{"start":{"line":13,"column":24},"end":{"line":13,"column":25}},"loc":{"start":{"line":13,"column":36},"end":{"line":15,"column":3}},"line":13}},"branchMap":{"0":{"loc":{"start":{"line":6,"column":240},"end":{"line":6,"column":286}},"type":"cond-expr","locations":[{"start":{"line":6,"column":264},"end":{"line":6,"column":267}},{"start":{"line":6,"column":270},"end":{"line":6,"column":286}}],"line":6},"1":{"loc":{"start":{"line":6,"column":240},"end":{"line":6,"column":261}},"type":"binary-expr","locations":[{"start":{"line":6,"column":240},"end":{"line":6,"column":243}},{"start":{"line":6,"column":247},"end":{"line":6,"column":261}}],"line":6},"2":{"loc":{"start":{"line":6,"column":325},"end":{"line":6,"column":372}},"type":"if","locations":[{"start":{"line":6,"column":325},"end":{"line":6,"column":372}},{"start":{"line":6,"column":325},"end":{"line":6,"column":372}}],"line":6},"3":{"loc":{"start":{"line":6,"column":530},"end":{"line":6,"column":570}},"type":"if","locations":[{"start":{"line":6,"column":530},"end":{"line":6,"column":570}},{"start":{"line":6,"column":530},"end":{"line":6,"column":570}}],"line":6},"4":{"loc":{"start":{"line":6,"column":534},"end":{"line":6,"column":555}},"type":"binary-expr","locations":[{"start":{"line":6,"column":534},"end":{"line":6,"column":537}},{"start":{"line":6,"column":541},"end":{"line":6,"column":555}}],"line":6},"5":{"loc":{"start":{"line":6,"column":570},"end":{"line":6,"column":670}},"type":"if","locations":[{"start":{"line":6,"column":570},"end":{"line":6,"column":670}},{"start":{"line":6,"column":570},"end":{"line":6,"column":670}}],"line":6},"6":{"loc":{"start":{"line":6,"column":574},"end":{"line":6,"column":642}},"type":"binary-expr","locations":[{"start":{"line":6,"column":574},"end":{"line":6,"column":586}},{"start":{"line":6,"column":590},"end":{"line":6,"column":613}},{"start":{"line":6,"column":617},"end":{"line":6,"column":642}}],"line":6},"7":{"loc":{"start":{"line":6,"column":709},"end":{"line":6,"column":762}},"type":"if","locations":[{"start":{"line":6,"column":709},"end":{"line":6,"column":762}},{"start":{"line":6,"column":709},"end":{"line":6,"column":762}}],"line":6},"8":{"loc":{"start":{"line":6,"column":713},"end":{"line":6,"column":736}},"type":"binary-expr","locations":[{"start":{"line":6,"column":713},"end":{"line":6,"column":718}},{"start":{"line":6,"column":722},"end":{"line":6,"column":736}}],"line":6},"9":{"loc":{"start":{"line":6,"column":806},"end":{"line":6,"column":862}},"type":"binary-expr","locations":[{"start":{"line":6,"column":806},"end":{"line":6,"column":827}},{"start":{"line":6,"column":831},"end":{"line":6,"column":862}}],"line":6},"10":{"loc":{"start":{"line":6,"column":885},"end":{"line":6,"column":1133}},"type":"if","locations":[{"start":{"line":6,"column":885},"end":{"line":6,"column":1133}},{"start":{"line":6,"column":885},"end":{"line":6,"column":1133}}],"line":6},"11":{"loc":{"start":{"line":6,"column":949},"end":{"line":6,"column":1021}},"type":"cond-expr","locations":[{"start":{"line":6,"column":973},"end":{"line":6,"column":1014}},{"start":{"line":6,"column":1017},"end":{"line":6,"column":1021}}],"line":6},"12":{"loc":{"start":{"line":6,"column":1022},"end":{"line":6,"column":1132}},"type":"if","locations":[{"start":{"line":6,"column":1022},"end":{"line":6,"column":1132}},{"start":{"line":6,"column":1022},"end":{"line":6,"column":1132}}],"line":6},"13":{"loc":{"start":{"line":6,"column":1026},"end":{"line":6,"column":1056}},"type":"binary-expr","locations":[{"start":{"line":6,"column":1026},"end":{"line":6,"column":1030}},{"start":{"line":6,"column":1035},"end":{"line":6,"column":1043}},{"start":{"line":6,"column":1047},"end":{"line":6,"column":1055}}],"line":6},"14":{"loc":{"start":{"line":6,"column":1155},"end":{"line":6,"column":1191}},"type":"if","locations":[{"start":{"line":6,"column":1155},"end":{"line":6,"column":1191}},{"start":{"line":6,"column":1155},"end":{"line":6,"column":1191}}],"line":6}},"s":{"0":1,"1":1,"2":1,"3":1,"4":1,"5":1,"6":1,"7":1,"8":1,"9":1,"10":3,"11":1,"12":0,"13":1,"14":1,"15":0,"16":1,"17":1,"18":0,"19":1,"20":0,"21":1,"22":1,"23":0,"24":1,"25":1,"26":1,"27":28,"28":28,"29":28,"30":0,"31":28,"32":1,"33":1,"34":1,"35":1,"36":1,"37":0,"38":0,"39":0,"40":0,"41":0,"42":0,"43":0,"44":0,"45":0,"46":0,"47":0,"48":0,"49":1,"50":1},"f":{"0":3,"1":1,"2":0,"3":1,"4":0,"5":0},"b":{"0":[3,0],"1":[3,3],"2":[0,1],"3":[0,1],"4":[1,1],"5":[0,1],"6":[1,1,0],"7":[0,1],"8":[1,1],"9":[1,1],"10":[28,0],"11":[28,0],"12":[0,28],"13":[28,28,28],"14":[1,0]},"inputSourceMap":null,"_coverageSchema":"1a1c01bbd47fc00a2c39e90264f33305004495a9","hash":"2c91b3d2132672fefa7b67b3285ac14e54967522"}
,"D:\\Darbai\\Ampps\\www\\Asmeniniai\\fastshop\\frontend\\src\\components_additional\\styles\\AdditionalStyles.js": {"path":"D:\\Darbai\\Ampps\\www\\Asmeniniai\\fastshop\\frontend\\src\\components_additional\\styles\\AdditionalStyles.js","statementMap":{"0":{"start":{"line":1,"column":13},"end":{"line":1,"column":75}},"1":{"start":{"line":1,"column":75},"end":{"line":1,"column":363}},"2":{"start":{"line":1,"column":382},"end":{"line":1,"column":405}},"3":{"start":{"line":3,"column":14},"end":{"line":3,"column":33}},"4":{"start":{"line":6,"column":16},"end":{"line":47,"column":27}},"5":{"start":{"line":6,"column":38},"end":{"line":47,"column":26}},"6":{"start":{"line":47,"column":28},"end":{"line":47,"column":58}},"7":{"start":{"line":51,"column":18},"end":{"line":72,"column":25}},"8":{"start":{"line":51,"column":62},"end":{"line":72,"column":24}},"9":{"start":{"line":72,"column":26},"end":{"line":72,"column":60}},"10":{"start":{"line":76,"column":23},"end":{"line":92,"column":38}},"11":{"start":{"line":76,"column":79},"end":{"line":92,"column":37}},"12":{"start":{"line":92,"column":39},"end":{"line":92,"column":83}},"13":{"start":{"line":96,"column":17},"end":{"line":165,"column":26}},"14":{"start":{"line":96,"column":65},"end":{"line":165,"column":25}},"15":{"start":{"line":165,"column":27},"end":{"line":165,"column":59}},"16":{"start":{"line":168,"column":23},"end":{"line":232,"column":26}},"17":{"start":{"line":168,"column":77},"end":{"line":232,"column":25}},"18":{"start":{"line":232,"column":27},"end":{"line":232,"column":71}},"19":{"start":{"line":235,"column":19},"end":{"line":258,"column":19}},"20":{"start":{"line":235,"column":56},"end":{"line":258,"column":18}},"21":{"start":{"line":258,"column":20},"end":{"line":258,"column":56}},"22":{"start":{"line":263,"column":16},"end":{"line":283,"column":25}},"23":{"start":{"line":263,"column":48},"end":{"line":283,"column":24}},"24":{"start":{"line":283,"column":26},"end":{"line":283,"column":56}},"25":{"start":{"line":287,"column":18},"end":{"line":306,"column":25}},"26":{"start":{"line":287,"column":47},"end":{"line":306,"column":24}},"27":{"start":{"line":306,"column":26},"end":{"line":306,"column":60}},"28":{"start":{"line":309,"column":25},"end":{"line":314,"column":33}},"29":{"start":{"line":309,"column":66},"end":{"line":314,"column":32}},"30":{"start":{"line":314,"column":34},"end":{"line":314,"column":82}},"31":{"start":{"line":319,"column":24},"end":{"line":338,"column":29}},"32":{"start":{"line":319,"column":54},"end":{"line":338,"column":28}},"33":{"start":{"line":338,"column":30},"end":{"line":338,"column":76}},"34":{"start":{"line":343,"column":17},"end":{"line":365,"column":25}},"35":{"start":{"line":343,"column":52},"end":{"line":365,"column":24}},"36":{"start":{"line":365,"column":26},"end":{"line":365,"column":58}},"37":{"start":{"line":369,"column":17},"end":{"line":423,"column":28}},"38":{"start":{"line":369,"column":73},"end":{"line":423,"column":27}},"39":{"start":{"line":423,"column":29},"end":{"line":423,"column":61}}},"fnMap":{"0":{"name":"searchBar","decl":{"start":{"line":6,"column":25},"end":{"line":6,"column":34}},"loc":{"start":{"line":6,"column":37},"end":{"line":47,"column":27}},"line":6},"1":{"name":"buttonStyle","decl":{"start":{"line":51,"column":27},"end":{"line":51,"column":38}},"loc":{"start":{"line":51,"column":61},"end":{"line":72,"column":25}},"line":51},"2":{"name":"adminButtonStyle","decl":{"start":{"line":76,"column":32},"end":{"line":76,"column":48}},"loc":{"start":{"line":76,"column":78},"end":{"line":92,"column":38}},"line":76},"3":{"name":"modalStyle","decl":{"start":{"line":96,"column":26},"end":{"line":96,"column":36}},"loc":{"start":{"line":96,"column":64},"end":{"line":165,"column":26}},"line":96},"4":{"name":"modalStyleDelete","decl":{"start":{"line":168,"column":32},"end":{"line":168,"column":48}},"loc":{"start":{"line":168,"column":76},"end":{"line":232,"column":26}},"line":168},"5":{"name":"modalConfirm","decl":{"start":{"line":235,"column":28},"end":{"line":235,"column":40}},"loc":{"start":{"line":235,"column":55},"end":{"line":258,"column":19}},"line":235},"6":{"name":"emptyList","decl":{"start":{"line":263,"column":25},"end":{"line":263,"column":34}},"loc":{"start":{"line":263,"column":47},"end":{"line":283,"column":25}},"line":263},"7":{"name":"roundButton","decl":{"start":{"line":287,"column":27},"end":{"line":287,"column":38}},"loc":{"start":{"line":287,"column":46},"end":{"line":306,"column":25}},"line":287},"8":{"name":"backgroundForPages","decl":{"start":{"line":309,"column":34},"end":{"line":309,"column":52}},"loc":{"start":{"line":309,"column":65},"end":{"line":314,"column":33}},"line":309},"9":{"name":"emptyListSelected","decl":{"start":{"line":319,"column":33},"end":{"line":319,"column":50}},"loc":{"start":{"line":319,"column":53},"end":{"line":338,"column":29}},"line":319},"10":{"name":"errorStyle","decl":{"start":{"line":343,"column":26},"end":{"line":343,"column":36}},"loc":{"start":{"line":343,"column":51},"end":{"line":365,"column":25}},"line":343},"11":{"name":"authVerify","decl":{"start":{"line":369,"column":26},"end":{"line":369,"column":36}},"loc":{"start":{"line":369,"column":72},"end":{"line":423,"column":28}},"line":369}},"branchMap":{"0":{"loc":{"start":{"line":57,"column":13},"end":{"line":57,"column":78}},"type":"cond-expr","locations":[{"start":{"line":57,"column":21},"end":{"line":57,"column":26}},{"start":{"line":57,"column":29},"end":{"line":57,"column":78}}],"line":57},"1":{"loc":{"start":{"line":58,"column":14},"end":{"line":58,"column":34}},"type":"cond-expr","locations":[{"start":{"line":58,"column":23},"end":{"line":58,"column":29}},{"start":{"line":58,"column":32},"end":{"line":58,"column":34}}],"line":58},"2":{"loc":{"start":{"line":159,"column":18},"end":{"line":159,"column":62}},"type":"cond-expr","locations":[{"start":{"line":159,"column":55},"end":{"line":159,"column":57}},{"start":{"line":159,"column":60},"end":{"line":159,"column":62}}],"line":159},"3":{"loc":{"start":{"line":226,"column":18},"end":{"line":226,"column":62}},"type":"cond-expr","locations":[{"start":{"line":226,"column":55},"end":{"line":226,"column":57}},{"start":{"line":226,"column":60},"end":{"line":226,"column":62}}],"line":226},"4":{"loc":{"start":{"line":265,"column":23},"end":{"line":265,"column":74}},"type":"cond-expr","locations":[{"start":{"line":265,"column":36},"end":{"line":265,"column":46}},{"start":{"line":265,"column":49},"end":{"line":265,"column":74}}],"line":265},"5":{"loc":{"start":{"line":305,"column":13},"end":{"line":305,"column":59}},"type":"cond-expr","locations":[{"start":{"line":305,"column":21},"end":{"line":305,"column":26}},{"start":{"line":305,"column":29},"end":{"line":305,"column":59}}],"line":305},"6":{"loc":{"start":{"line":311,"column":23},"end":{"line":311,"column":74}},"type":"cond-expr","locations":[{"start":{"line":311,"column":36},"end":{"line":311,"column":46}},{"start":{"line":311,"column":49},"end":{"line":311,"column":74}}],"line":311},"7":{"loc":{"start":{"line":346,"column":11},"end":{"line":346,"column":32}},"type":"cond-expr","locations":[{"start":{"line":346,"column":20},"end":{"line":346,"column":26}},{"start":{"line":346,"column":29},"end":{"line":346,"column":32}}],"line":346},"8":{"loc":{"start":{"line":350,"column":12},"end":{"line":350,"column":27}},"type":"cond-expr","locations":[{"start":{"line":350,"column":19},"end":{"line":350,"column":23}},{"start":{"line":350,"column":26},"end":{"line":350,"column":27}}],"line":350}},"s":{"0":1,"1":1,"2":1,"3":1,"4":1,"5":0,"6":1,"7":1,"8":0,"9":1,"10":1,"11":0,"12":1,"13":1,"14":0,"15":1,"16":1,"17":0,"18":1,"19":1,"20":0,"21":1,"22":1,"23":0,"24":1,"25":1,"26":0,"27":1,"28":1,"29":2,"30":1,"31":1,"32":0,"33":1,"34":1,"35":0,"36":1,"37":1,"38":0,"39":1},"f":{"0":0,"1":0,"2":0,"3":0,"4":0,"5":0,"6":0,"7":0,"8":2,"9":0,"10":0,"11":0},"b":{"0":[0,0],"1":[0,0],"2":[0,0],"3":[0,0],"4":[0,0],"5":[0,0],"6":[0,2],"7":[0,0],"8":[0,0]},"inputSourceMap":null,"_coverageSchema":"1a1c01bbd47fc00a2c39e90264f33305004495a9","hash":"f2a75a484fa53f17e2b6b5cce493526db7ca3205"}
,"D:\\Darbai\\Ampps\\www\\Asmeniniai\\fastshop\\frontend\\src\\components_additional\\styles\\CategoryStyles.js": {"path":"D:\\Darbai\\Ampps\\www\\Asmeniniai\\fastshop\\frontend\\src\\components_additional\\styles\\CategoryStyles.js","statementMap":{"0":{"start":{"line":1,"column":13},"end":{"line":1,"column":75}},"1":{"start":{"line":1,"column":75},"end":{"line":1,"column":149}},"2":{"start":{"line":1,"column":168},"end":{"line":1,"column":191}},"3":{"start":{"line":2,"column":25},"end":{"line":2,"column":55}},"4":{"start":{"line":3,"column":14},"end":{"line":3,"column":33}},"5":{"start":{"line":6,"column":19},"end":{"line":211,"column":28}},"6":{"start":{"line":6,"column":61},"end":{"line":211,"column":27}},"7":{"start":{"line":211,"column":29},"end":{"line":211,"column":65}},"8":{"start":{"line":215,"column":18},"end":{"line":279,"column":26}},"9":{"start":{"line":215,"column":42},"end":{"line":279,"column":25}},"10":{"start":{"line":279,"column":27},"end":{"line":279,"column":61}},"11":{"start":{"line":283,"column":18},"end":{"line":325,"column":34}},"12":{"start":{"line":283,"column":47},"end":{"line":325,"column":33}},"13":{"start":{"line":325,"column":35},"end":{"line":325,"column":69}}},"fnMap":{"0":{"name":"authCategory","decl":{"start":{"line":6,"column":28},"end":{"line":6,"column":40}},"loc":{"start":{"line":6,"column":60},"end":{"line":211,"column":28}},"line":6},"1":{"name":"stylesGuest","decl":{"start":{"line":215,"column":27},"end":{"line":215,"column":38}},"loc":{"start":{"line":215,"column":41},"end":{"line":279,"column":26}},"line":215},"2":{"name":"categoryAdd","decl":{"start":{"line":283,"column":27},"end":{"line":283,"column":38}},"loc":{"start":{"line":283,"column":46},"end":{"line":325,"column":34}},"line":283}},"branchMap":{"0":{"loc":{"start":{"line":167,"column":19},"end":{"line":167,"column":33}},"type":"cond-expr","locations":[{"start":{"line":167,"column":27},"end":{"line":167,"column":29}},{"start":{"line":167,"column":32},"end":{"line":167,"column":33}}],"line":167},"1":{"loc":{"start":{"line":185,"column":23},"end":{"line":185,"column":79}},"type":"cond-expr","locations":[{"start":{"line":185,"column":36},"end":{"line":185,"column":46}},{"start":{"line":185,"column":49},"end":{"line":185,"column":79}}],"line":185},"2":{"loc":{"start":{"line":203,"column":19},"end":{"line":203,"column":33}},"type":"cond-expr","locations":[{"start":{"line":203,"column":27},"end":{"line":203,"column":29}},{"start":{"line":203,"column":32},"end":{"line":203,"column":33}}],"line":203},"3":{"loc":{"start":{"line":296,"column":19},"end":{"line":296,"column":33}},"type":"cond-expr","locations":[{"start":{"line":296,"column":27},"end":{"line":296,"column":29}},{"start":{"line":296,"column":32},"end":{"line":296,"column":33}}],"line":296}},"s":{"0":1,"1":1,"2":1,"3":1,"4":1,"5":1,"6":0,"7":1,"8":1,"9":3,"10":1,"11":1,"12":0,"13":1},"f":{"0":0,"1":3,"2":0},"b":{"0":[0,0],"1":[0,0],"2":[0,0],"3":[0,0]},"inputSourceMap":null,"_coverageSchema":"1a1c01bbd47fc00a2c39e90264f33305004495a9","hash":"578767adabf92ff1876c86357634282d1c95aee1"}
,"D:\\Darbai\\Ampps\\www\\Asmeniniai\\fastshop\\frontend\\src\\components_additional\\styles\\Colors.js": {"path":"D:\\Darbai\\Ampps\\www\\Asmeniniai\\fastshop\\frontend\\src\\components_additional\\styles\\Colors.js","statementMap":{"0":{"start":{"line":1,"column":13},"end":{"line":1,"column":75}},"1":{"start":{"line":1,"column":75},"end":{"line":1,"column":99}},"2":{"start":{"line":1,"column":118},"end":{"line":1,"column":141}},"3":{"start":{"line":3,"column":13},"end":{"line":29,"column":24}},"4":{"start":{"line":29,"column":25},"end":{"line":29,"column":49}}},"fnMap":{},"branchMap":{},"s":{"0":1,"1":1,"2":1,"3":1,"4":1},"f":{},"b":{},"inputSourceMap":null,"_coverageSchema":"1a1c01bbd47fc00a2c39e90264f33305004495a9","hash":"dc68e367df2d751415cb751b05a9e7bfa03861fe"}
,"D:\\Darbai\\Ampps\\www\\Asmeniniai\\fastshop\\frontend\\src\\redux\\store.js": {"path":"D:\\Darbai\\Ampps\\www\\Asmeniniai\\fastshop\\frontend\\src\\redux\\store.js","statementMap":{"0":{"start":{"line":1,"column":13},"end":{"line":1,"column":75}},"1":{"start":{"line":1,"column":75},"end":{"line":1,"column":148}},"2":{"start":{"line":1,"column":161},"end":{"line":1,"column":177}},"3":{"start":{"line":2,"column":18},"end":{"line":2,"column":64}},"4":{"start":{"line":3,"column":16},"end":{"line":3,"column":61}},"5":{"start":{"line":4,"column":20},"end":{"line":4,"column":44}},"6":{"start":{"line":5,"column":20},"end":{"line":5,"column":92}},"7":{"start":{"line":6,"column":22},"end":{"line":6,"column":106}},"8":{"start":{"line":6,"column":145},"end":{"line":6,"column":199}},"9":{"start":{"line":8,"column":19},"end":{"line":8,"column":21}},"10":{"start":{"line":10,"column":17},"end":{"line":10,"column":38}},"11":{"start":{"line":10,"column":39},"end":{"line":10,"column":71}},"12":{"start":{"line":11,"column":23},"end":{"line":11,"column":129}},"13":{"start":{"line":11,"column":130},"end":{"line":11,"column":174}},"14":{"start":{"line":13,"column":20},"end":{"line":17,"column":44}},"15":{"start":{"line":20,"column":23},"end":{"line":20,"column":90}},"16":{"start":{"line":22,"column":0},"end":{"line":26,"column":1}},"17":{"start":{"line":23,"column":14},"end":{"line":23,"column":105}},"18":{"start":{"line":24,"column":18},"end":{"line":24,"column":56}},"19":{"start":{"line":25,"column":2},"end":{"line":25,"column":48}},"20":{"start":{"line":26,"column":2},"end":{"line":26,"column":29}}},"fnMap":{"0":{"name":"_interopRequireDefault","decl":{"start":{"line":6,"column":116},"end":{"line":6,"column":138}},"loc":{"start":{"line":6,"column":144},"end":{"line":6,"column":200}},"line":6},"1":{"name":"_default","decl":{"start":{"line":22,"column":9},"end":{"line":22,"column":17}},"loc":{"start":{"line":22,"column":20},"end":{"line":26,"column":1}},"line":22}},"branchMap":{"0":{"loc":{"start":{"line":6,"column":152},"end":{"line":6,"column":198}},"type":"cond-expr","locations":[{"start":{"line":6,"column":176},"end":{"line":6,"column":179}},{"start":{"line":6,"column":182},"end":{"line":6,"column":198}}],"line":6},"1":{"loc":{"start":{"line":6,"column":152},"end":{"line":6,"column":173}},"type":"binary-expr","locations":[{"start":{"line":6,"column":152},"end":{"line":6,"column":155}},{"start":{"line":6,"column":159},"end":{"line":6,"column":173}}],"line":6}},"s":{"0":1,"1":1,"2":1,"3":1,"4":1,"5":1,"6":1,"7":1,"8":4,"9":1,"10":1,"11":1,
[...]
:2,"column":502},"end":{"line":2,"column":874}},"type":"if","locations":[{"start":{"line":2,"column":502},"end":{"line":2,"column":874}},{"start":{"line":2,"column":502},"end":{"line":2,"column":874}}],"line":2},"4":{"loc":{"start":{"line":2,"column":620},"end":{"line":2,"column":874}},"type":"if","locations":[{"start":{"line":2,"column":620},"end":{"line":2,"column":874}},{"start":{"line":2,"column":620},"end":{"line":2,"column":874}}],"line":2},"5":{"loc":{"start":{"line":2,"column":933},"end":{"line":2,"column":1080}},"type":"if","locations":[{"start":{"line":2,"column":933},"end":{"line":2,"column":1080}},{"start":{"line":2,"column":933},"end":{"line":2,"column":1080}}],"line":2},"6":{"loc":{"start":{"line":15,"column":33},"end":{"line":15,"column":113}},"type":"cond-expr","locations":[{"start":{"line":15,"column":86},"end":{"line":15,"column":98}},{"start":{"line":15,"column":101},"end":{"line":15,"column":113}}],"line":15},"7":{"loc":{"start":{"line":15,"column":33},"end":{"line":15,"column":83}},"type":"binary-expr","locations":[{"start":{"line":15,"column":33},"end":{"line":15,"column":53}},{"start":{"line":15,"column":57},"end":{"line":15,"column":83}}],"line":15},"8":{"loc":{"start":{"line":15,"column":127},"end":{"line":15,"column":174}},"type":"cond-expr","locations":[{"start":{"line":15,"column":150},"end":{"line":15,"column":162}},{"start":{"line":15,"column":165},"end":{"line":15,"column":174}}],"line":15},"9":{"loc":{"start":{"line":16,"column":2},"end":{"line":121,"column":20}},"type":"switch","locations":[{"start":{"line":17,"column":4},"end":{"line":22,"column":31}},{"start":{"line":24,"column":4},"end":{"line":32,"column":37}},{"start":{"line":34,"column":4},"end":{"line":39,"column":43}},{"start":{"line":41,"column":4},"end":{"line":46,"column":37}},{"start":{"line":48,"column":4},"end":{"line":52,"column":31}},{"start":{"line":54,"column":4},"end":{"line":59,"column":31}},{"start":{"line":61,"column":4},"end":{"line":65,"column":35}},{"start":{"line":67,"column":4},"end":{"line":72,"column":29}},{"start":{"line":74,"column":4},"end":{"line":80,"column":29}},{"start":{"line":82,"column":4},"end":{"line":86,"column":30}},{"start":{"line":88,"column":4},"end":{"line":92,"column":31}},{"start":{"line":94,"column":4},"end":{"line":101,"column":31}},{"start":{"line":103,"column":4},"end":{"line":107,"column":31}},{"start":{"line":109,"column":4},"end":{"line":113,"column":30}},{"start":{"line":115,"column":4},"end":{"line":118,"column":30}},{"start":{"line":120,"column":4},"end":{"line":121,"column":19}}],"line":16}},"s":{"0":1,"1":1,"2":1,"3":1,"4":0,"5":0,"6":0,"7":0,"8":0,"9":0,"10":0,"11":0,"12":0,"13":0,"14":0,"15":0,"16":0,"17":0,"18":0,"19":0,"20":0,"21":0,"22":0,"23":0,"24":0,"25":0,"26":0,"27":1,"28":3,"29":3,"30":3,"31":0,"32":0,"33":0,"34":0,"35":0,"36":0,"37":0,"38":0,"39":0,"40":0,"41":0,"42":0,"43":0,"44":0,"45":0,"46":0,"47":0,"48":0,"49":3},"f":{"0":0,"1":0,"2":0,"3":0,"4":0,"5":0,"6":3,"7":0,"8":0},"b":{"0":[0,0],"1":[0,0],"2":[0,0],"3":[0,0],"4":[0,0],"5":[0,0],"6":[0,3],"7":[3,3],"8":[3,0],"9":[0,0,0,0,0,0,0,0,0,0,0,0,0,0,0,3]},"inputSourceMap":null,"_coverageSchema":"1a1c01bbd47fc00a2c39e90264f33305004495a9","hash":"9af825ce20904efdf41cc24b46cf396d2f25be76"}
,"D:\\Darbai\\Ampps\\www\\Asmeniniai\\fastshop\\frontend\\src\\redux\\reducers\\subcategoriesReducer.js": {"path":"D:\\Darbai\\Ampps\\www\\Asmeniniai\\fastshop\\frontend\\src\\redux\\reducers\\subcategoriesReducer.js","statementMap":{"0":{"start":{"line":1,"column":13},"end":{"line":1,"column":75}},"1":{"start":{"line":1,"column":75},"end":{"line":1,"column":102}},"2":{"start":{"line":1,"column":121},"end":{"line":1,"column":144}},"3":{"start":{"line":2,"column":13},"end":{"line":2,"column":40}},"4":{"start":{"line":2,"column":94},"end":{"line":2,"column":113}},"5":{"start":{"line":2,"column":114},"end":{"line":2,"column":359}},"6":{"start":{"line":2,"column":163},"end":{"line":2,"column":199}},"7":{"start":{"line":2,"column":200},"end":{"line":2,"column":327}},"8":{"start":{"line":2,"column":220},"end":{"line":2,"column":327}},"9":{"start":{"line":2,"column":261},"end":{"line":2,"column":324}},"10":{"start":{"line":2,"column":327},"end":{"line":2,"column":358}},"11":{"start":{"line":2,"column":359},"end":{"line":2,"column":371}},"12":{"start":{"line":2,"column":404},"end":{"line":2,"column":875}},"13":{"start":{"line":2,"column":417},"end":{"line":2,"column":418}},"14":{"start":{"line":2,"column":461},"end":{"line":2,"column":501}},"15":{"start":{"line":2,"column":502},"end":{"line":2,"column":874}},"16":{"start":{"line":2,"column":514},"end":{"line":2,"column":613}},"17":{"start":{"line":2,"column":568},"end":{"line":2,"column":610}},"18":{"start":{"line":2,"column":620},"end":{"line":2,"column":874}},"19":{"start":{"line":2,"column":659},"end":{"line":2,"column":733}},"20":{"start":{"line":2,"column":741},"end":{"line":2,"column":873}},"21":{"start":{"line":2,"column":789},"end":{"line":2,"column":870}},"22":{"start":{"line":2,"column":875},"end":{"line":2,"column":889}},"23":{"start":{"line":2,"column":933},"end":{"line":2,"column":1080}},"24":{"start":{"line":2,"column":950},"end":{"line":2,"column":1054}},"25":{"start":{"line":2,"column":1062},"end":{"line":2,"column":1079}},"26":{"start":{"line":2,"column":1080},"end":{"line":2,"column":1091}},"27":{"start":{"line":4,"column":19},"end":{"line":12,"column":18}},"28":{"start":{"line":15,"column":33},"end":{"line":15,"column":113}},"29":{"start":{"line":15,"column":127},"end":{"line":15,"column":174}},"30":{"start":{"line":16,"column":2},"end":{"line":95,"column":20}},"31":{"start":{"line":18,"column":6},"end":{"line":21,"column":21}},"32":{"start":{"line":24,"column":6},"end":{"line":28,"column":31}},"33":{"start":{"line":31,"column":6},"end":{"line":34,"column":35}},"34":{"start":{"line":37,"column":6},"end":{"line":41,"column":37}},"35":{"start":{"line":44,"column":6},"end":{"line":47,"column":41}},"36":{"start":{"line":50,"column":6},"end":{"line":55,"column":41}},"37":{"start":{"line":58,"column":6},"end":{"line":61,"column":41}},"38":{"start":{"line":64,"column":6},"end":{"line":67,"column":35}},"39":{"start":{"line":70,"column":22},"end":{"line":70,"column":117}},"40":{"start":{"line":70,"column":66},"end":{"line":70,"column":115}},"41":{"start":{"line":71,"column":6},"end":{"line":75,"column":35}},"42":{"start":{"line":78,"column":6},"end":{"line":81,"column":35}},"43":{"start":{"line":84,"column":6},"end":{"line":87,"column":31}},"44":{"start":{"line":86,"column":67},"end":{"line":86,"column":101}},"45":{"start":{"line":90,"column":6},"end":{"line":92,"column":31}},"46":{"start":{"line":95,"column":6},"end":{"line":95,"column":19}}},"fnMap":{"0":{"name":"ownKeys","decl":{"start":{"line":2,"column":50},"end":{"line":2,"column":57}},"loc":{"start":{"line":2,"column":82},"end":{"line":2,"column":372}},"line":2},"1":{"name":"(anonymous_1)","decl":{"start":{"line":2,"column":245},"end":{"line":2,"column":246}},"loc":{"start":{"line":2,"column":260},"end":{"line":2,"column":325}},"line":2},"2":{"name":"_objectSpread","decl":{"start":{"line":2,"column":381},"end":{"line":2,"column":394}},"loc":{"start":{"line":2,"column":403},"end":{"line":2,"column":890}},"line":2},"3":{"name":"(anonymous_3)","decl":{"start":{"line":2,"column":552},"end":{"line":2,"column":553}},"loc":{"start":{"line":2,"column":567},"end":{"line":2,"column":611}},"line":2},"4":{"name":"(anonymous_4)","decl":{"start":{"line":2,"column":773},"end":{"line":2,"column":774}},"loc":{"start":{"line":2,"column":788},"end":{"line":2,"column":871}},"line":2},"5":{"name":"_defineProperty","decl":{"start":{"line":2,"column":899},"end":{"line":2,"column":914}},"loc":{"start":{"line":2,"column":932},"end":{"line":2,"column":1092}},"line":2},"6":{"name":"_default","decl":{"start":{"line":15,"column":9},"end":{"line":15,"column":17}},"loc":{"start":{"line":15,"column":20},"end":{"line":97,"column":1}},"line":15},"7":{"name":"(anonymous_7)","decl":{"start":{"line":70,"column":49},"end":{"line":70,"column":50}},"loc":{"start":{"line":70,"column":65},"end":{"line":70,"column":116}},"line":70},"8":{"name":"(anonymous_8)","decl":{"start":{"line":86,"column":50},"end":{"line":86,"column":51}},"loc":{"start":{"line":86,"column":66},"end":{"line":86,"column":102}},"line":86}},"branchMap":{"0":{"loc":{"start":{"line":2,"column":114},"end":{"line":2,"column":359}},"type":"if","locations":[{"start":{"line":2,"column":114},"end":{"line":2,"column":359}},{"start":{"line":2,"column":114},"end":{"line":2,"column":359}}],"line":2},"1":{"loc":{"start":{"line":2,"column":200},"end":{"line":2,"column":327}},"type":"if","locations":[{"start":{"line":2,"column":200},"end":{"line":2,"column":327}},{"start":{"line":2,"column":200},"end":{"line":2,"column":327}}],"line":2},"2":{"loc":{"start":{"line":2,"column":461},"end":{"line":2,"column":501}},"type":"cond-expr","locations":[{"start":{"line":2,"column":484},"end":{"line":2,"column":496}},{"start":{"line":2,"column":499},"end":{"line":2,"column":501}}],"line":2},"3":{"loc":{"start":{"line":2,"column":502},"end":{"line":2,"column":874}},"type":"if","locations":[{"start":{"line":2,"column":502},"end":{"line":2,"column":874}},{"start":{"line":2,"column":502},"end":{"line":2,"column":874}}],"line":2},"4":{"loc":{"start":{"line":2,"column":620},"end":{"line":2,"column":874}},"type":"if","locations":[{"start":{"line":2,"column":620},"end":{"line":2,"column":874}},{"start":{"line":2,"column":620},"end":{"line":2,"column":874}}],"line":2},"5":{"loc":{"start":{"line":2,"column":933},"end":{"line":2,"column":1080}},"type":"if","locations":[{"start":{"line":2,"column":933},"end":{"line":2,"column":1080}},{"start":{"line":2,"column":933},"end":{"line":2,"column":1080}}],"line":2},"6":{"loc":{"start":{"line":15,"column":33},"end":{"line":15,"column":113}},"type":"cond-expr","locations":[{"start":{"line":15,"column":86},"end":{"line":15,"column":98}},{"start":{"line":15,"column":101},"end":{"line":15,"column":113}}],"line":15},"7":{"loc":{"start":{"line":15,"column":33},"end":{"line":15,"column":83}},"type":"binary-expr","locations":[{"start":{"line":15,"column":33},"end":{"line":15,"column":53}},{"start":{"line":15,"column":57},"end":{"line":15,"column":83}}],"line":15},"8":{"loc":{"start":{"line":15,"column":127},"end":{"line":15,"column":174}},"type":"cond-expr","locations":[{"start":{"line":15,"column":150},"end":{"line":15,"column":162}},{"start":{"line":15,"column":165},"end":{"line":15,"column":174}}],"line":15},"9":{"loc":{"start":{"line":16,"column":2},"end":{"line":95,"column":20}},"type":"switch","locations":[{"start":{"line":17,"column":4},"end":{"line":21,"column":21}},{"start":{"line":23,"column":4},"end":{"line":28,"column":31}},{"start":{"line":30,"column":4},"end":{"line":34,"column":35}},{"start":{"line":36,"column":4},"end":{"line":41,"column":37}},{"start":{"line":43,"column":4},"end":{"line":47,"column":41}},{"start":{"line":49,"column":4},"end":{"line":55,"column":41}},{"start":{"line":57,"column":4},"end":{"line":61,"column":41}},{"start":{"line":63,"column":4},"end":{"line":67,"column":35}},{"start":{"line":69,"column":4},"end":{"line":75,"column":35}},{"start":{"line":77,"column":4},"end":{"line":81,"column":35}},{"start":{"line":83,"column":4},"end":{"line":87,"column":31}},{"start":{"line":89,"column":4},"end":{"line":92,"column":31}},{"start":{"line":94,"column":4},"end":{"line":95,"column":19}}],"line":16}},"s":{"0":1,"1":1,"2":1,"3":1,"4":0,"5":0,"6":0,"7":0,"8":0,"9":0,"10":0,"11":0,"12":0,"13":0,"14":0,"15":0,"16":0,"17":0,"18":0,"19":0,"20":0,"21":0,"22":0,"23":0,"24":0,"25":0,"26":0,"27":1,"28":3,"29":3,"30":3,"31":0,"32":0,"33":0,"34":0,"35":0,"36":0,"37":0,"38":0,"39":0,"40":0,"41":0,"42":0,"43":0,"44":0,"45":0,"46":3},"f":{"0":0,"1":0,"2":0,"3":0,"4":0,"5":0,"6":3,"7":0,"8":0},"b":{"0":[0,0],"1":[0,0],"2":[0,0],"3":[0,0],"4":[0,0],"5":[0,0],"6":[0,3],"7":[3,3],"8":[3,0],"9":[0,0,0,0,0,0,0,0,0,0,0,0,3]},"inputSourceMap":null,"_coverageSchema":"1a1c01bbd47fc00a2c39e90264f33305004495a9","hash":"8e9c65e0327d54831fb31d833a129f208268c6ca"}
,"D:\\Darbai\\Ampps\\www\\Asmeniniai\\fastshop\\frontend\\src\\utils\\testing\\index.js": {"path":"D:\\Darbai\\Ampps\\www\\Asmeniniai\\fastshop\\frontend\\src\\utils\\testing\\index.js","statementMap":{"0":{"start":{"line":1,"column":13},"end":{"line":1,"column":75}},"1":{"start":{"line":1,"column":75},"end":{"line":1,"column":102}},"2":{"start":{"line":1,"column":115},"end":{"line":1,"column":131}},"3":{"start":{"line":2,"column":13},"end":{"line":2,"column":41}},"4":{"start":{"line":2,"column":76},"end":{"line":2,"column":192}},"5":{"start":{"line":2,"column":224},"end":{"line":2,"column":380}},"6":{"start":{"line":2,"column":430},"end":{"line":2,"column":445}},"7":{"start":{"line":2,"column":438},"end":{"line":2,"column":445}},"8":{"start":{"line":2,"column":445},"end":{"line":2,"column":508}},"9":{"start":{"line":2,"column":472},"end":{"line":2,"column":508}},"10":{"start":{"line":2,"column":516},"end":{"line":2,"column":562}},"11":{"start":{"line":2,"column":563},"end":{"line":2,"column":623}},"12":{"start":{"line":2,"column":600},"end":{"line":2,"column":623}},"13":{"start":{"line":2,"column":623},"end":{"line":2,"column":676}},"14":{"start":{"line":2,"column":655},"end":{"line":2,"column":676}},"15":{"start":{"line":2,"column":676},"end":{"line":2,"column":789}},"16":{"start":{"line":2,"column":753},"end":{"line":2,"column":789}},"17":{"start":{"line":2,"column":823},"end":{"line":2,"column":917}},"18":{"start":{"line":2,"column":893},"end":{"line":2,"column":917}},"19":{"start":{"line":2,"column":952},"end":{"line":2,"column":1006}},"20":{"start":{"line":2,"column":976},"end":{"line":2,"column":1006}},"21":{"start":{"line":2,"column":1045},"end":{"line":2,"column":1099}},"22":{"start":{"line":2,"column":1082},"end":{"line":2,"column":1099}},"23":{"start":{"line":2,"column":1099},"end":{"line":2,"column":1171}},"24":{"start":{"line":2,"column":1112},"end":{"line":2,"column":1113}},"25":{"start":{"line":2,"column":1122},"end":{"line":2,"column":1136}},"26":{"start":{"line":2,"column":1153},"end":{"line":2,"column":1170}},"27":{"start":{"line":2,"column":1171},"end":{"line":2,"column":1183}},"28":{"start":{"line":4,"column":16},"end":{"line":8,"column":1}},"29":{"start":{"line":5,"column":23},"end":{"line":5,"column":30}},"30":{"start":{"line":6,"column":24},"end":{"line":6,"column":140}},"31":{"start":{"line":7,"column":2},"end":{"line":7,"column":25}},"32":{"start":{"line":8,"column":2},"end":{"line":8,"column":32}}},"fnMap":{"0":{"name":"_toConsumableArray","decl":{"start":{"line":2,"column":51},"end":{"line":2,"column":69}},"loc":{"start":{"line":2,"column":75},"end":{"line":2,"column":193}},"line":2},"1":{"name":"_nonIterableSpread","decl":{"start":{"line":2,"column":202},"end":{"line":2,"column":220}},"loc":{"start":{"line":2,"column":223},"end":{"line":2,"column":381}},"line":2},"2":{"name":"_unsupportedIterableToArray","decl":{"start":{"line":2,"column":390},"end":{"line":2,"column":417}},"loc":{"start":{"line":2,"column":429},"end":{"line":2,"column":790}},"line":2},"3":{"name":"_iterableToArray","decl":{"start":{"line":2,"column":799},"end":{"line":2,"column":815}},"loc":{"start":{"line":2,"column":822},"end":{"line":2,"column":918}},"line":2},"4":{"name":"_arrayWithoutHoles","decl":{"start":{"line":2,"column":927},"end":{"line":2,"column":945}},"loc":{"start":{"line":2,"column":951},"end":{"line":2,"column":1007}},"line":2},"5":{"name":"_arrayLikeToArray","decl":{"start":{"line":2,"column":1016},"end":{"line":2,"column":1033}},"loc":{"start":{"line":2,"column":1044},"end":{"line":2,"column":1184}},"line":2},"6":{"name":"testStore","decl":{"start":{"line":4,"column":25},"end":{"line":4,"column":34}},"loc":{"start":{"line":4,"column":44},"end":{"line":8,"column":1}},"line":4}},"branchMap":{"0":{"loc":{"start":{"line":2,"column":83},"end":{"line":2,"column":191}},"type":"binary-expr","locations":[{"start":{"line":2,"column":83},"end":{"line":2,"column":106}},{"start":{"line":2,"column":110},"end":{"line":2,"column":131}},{"start":{"line":2,"column":135},"end":{"line":2,"column":167}},{"start":{"line":2,"column":171},"end":{"line":2,"column":191}}],"line":2},"1":{"loc":{"start":{"line":2,"column":430},"end":{"line":2,"column":445}},"type":"if","locations":[{"start":{"line":2,"column":430},"end":{"line":2,"column":445}},{"start":{"line":2,"column":430},"end":{"line":2,"column":445}}],"line":2},"2":{"loc":{"start":{"line":2,"column":445},"end":{"line":2,"column":508}},"type":"if","locations":[{"start":{"line":2,"column":445},"end":{"line":2,"column":508}},{"start":{"line":2,"column":445},"end":{"line":2,"column":508}}],"line":2},"3":{"loc":{"start":{"line":2,"column":563},"end":{"line":2,"column":623}},"type":"if","locations":[{"start":{"line":2,"column":563},"end":{"line":2,"column":623}},{"start":{"line":2,"column":563},"end":{"line":2,"column":623}}],"line":2},"4":{"loc":{"start":{"line":2,"column":567},"end":{"line":2,"column":598}},"type":"binary-expr","locations":[{"start":{"line":2,"column":567},"end":{"line":2,"column":581}},{"start":{"line":2,"column":585},"end":{"line":2,"column":598}}],"line":2},"5":{"loc":{"start":{"line":2,"column":623},"end":{"line":2,"column":676}},"type":"if","locations":[{"start":{"line":2,"column":623},"end":{"line":2,"column":676}},{"start":{"line":2,"column":623},"end":{"line":2,"column":676}}],"line":2},"6":{"loc":{"start":{"line":2,"column":627},"end":{"line":2,"column":653}},"type":"binary-expr","locations":[{"start":{"line":2,"column":627},"end":{"line":2,"column":638}},{"start":{"line":2,"column":642},"end":{"line":2,"column":653}}],"line":2},"7":{"loc":{"start":{"line":2,"column":676},"end":{"line":2,"column":789}},"type":"if","locations":[{"start":{"line":2,"column":676},"end":{"line":2,"column":789}},{"start":{"line":2,"column":676},"end":{"line":2,"column":789}}],"line":2},"8":{"loc":{"start":{"line":2,"column":680},"end":{"line":2,"column":751}},"type":"binary-expr","locations":[{"start":{"line":2,"column":680},"end":{"line":2,"column":697}},{"start":{"line":2,"column":701},"end":{"line":2,"column":751}}],"line":2},"9":{"loc":{"start":{"line":2,"column":823},"end":{"line":2,"column":917}},"type":"if","locations":[{"start":{"line":2,"column":823},"end":{"line":2,"column":917}},{"start":{"line":2,"column":823},"end":{"line":2,"column":917}}],"line":2},"10":{"loc":{"start":{"line":2,"column":827},"end":{"line":2,"column":891}},"type":"binary-expr","locations":[{"start":{"line":2,"column":827},"end":{"line":2,"column":856}},{"start":{"line":2,"column":860},"end":{"line":2,"column":891}}],"line":2},"11":{"loc":{"start":{"line":2,"column":952},"end":{"line":2,"column":1006}},"type":"if","locations":[{"start":{"line":2,"column":952},"end":{"line":2,"column":1006}},{"start":{"line":2,"column":952},"end":{"line":2,"column":1006}}],"line":2},"12":{"loc":{"start":{"line":2,"column":1045},"end":{"line":2,"column":1099}},"type":"if","locations":[{"start":{"line":2,"column":1045},"end":{"line":2,"column":1099}},{"start":{"line":2,"column":1045},"end":{"line":2,"column":1099}}],"line":2},"13":{"loc":{"start":{"line":2,"column":1049},"end":{"line":2,"column":1080}},"type":"binary-expr","locations":[{"start":{"line":2,"column":1049},"end":{"line":2,"column":1060}},{"start":{"line":2,"column":1064},"end":{"line":2,"column":1080}}],"line":2}},"s":{"0":1,"1":1,"2":1,"3":1,"4":4,"5":0,"6":0,"7":0,"8":0,"9":0,"10":0,"11":0,"12":0,"13":0,"14":0,"15":0,"16":0,"17":0,"18":0,"19":4,"20":4,"21":4,"22":4,"23":4,"24":4,"25":4,"26":4,"27":4,"28":1,"29":4,"30":4,"31":4,"32":1},"f":{"0":4,"1":0,"2":0,"3":0,"4":4,"5":4,"6":4},"b":{"0":[4,0,0,0],"1":[0,0],"2":[0,0],"3":[0,0],"4":[0,0],"5":[0,0],"6":[0,0],"7":[0,0],"8":[0,0],"9":[0,0],"10":[0,0],"11":[4,0],"12":[4,0],"13":[4,0]},"inputSourceMap":null,"_coverageSchema":"1a1c01bbd47fc00a2c39e90264f33305004495a9","hash":"c855baa5f840a6ee31afee7b98cc50aca75de5ab"}
}
