{"D:\\Darbai\\Ampps\\www\\Asmeniniai\\fastshop\\frontend\\src\\components\\Categories\\Categories.js": {"path":"D:\\Darbai\\Ampps\\www\\Asmeniniai\\fastshop\\frontend\\src\\components\\Categories\\Categories.js","statementMap":{"0":{"start":{"line":1,"column":13},"end":{"line":1,"column":75}},"1":{"start":{"line":1,"column":75},"end":{"line":1,"column":121}},"2":{"start":{"line":1,"column":134},"end":{"line":1,"column":175}},"3":{"start":{"line":2,"column":17},"end":{"line":2,"column":62}},"4":{"start":{"line":3,"column":19},"end":{"line":3,"column":42}},"5":{"start":{"line":4,"column":18},"end":{"line":4,"column":40}},"6":{"start":{"line":5,"column":23},"end":{"line":5,"column":50}},"7":{"start":{"line":6,"column":23},"end":{"line":6,"column":69}},"8":{"start":{"line":7,"column":22},"end":{"line":7,"column":82}},"9":{"start":{"line":8,"column":24},"end":{"line":8,"column":86}},"10":{"start":{"line":9,"column":14},"end":{"line":9,"column":66}},"11":{"start":{"line":13,"column":16},"end":{"line":13,"column":61}},"12":{"start":{"line":14,"column":15},"end":{"line":14,"column":85}},"13":{"start":{"line":15,"column":17},"end":{"line":15,"column":89}},"14":{"start":{"line":16,"column":13},"end":{"line":16,"column":81}},"15":{"start":{"line":16,"column":101},"end":{"line":16,"column":201}},"16":{"start":{"line":16,"column":240},"end":{"line":16,"column":294}},"17":{"start":{"line":16,"column":332},"end":{"line":16,"column":379}},"18":{"start":{"line":16,"column":367},"end":{"line":16,"column":379}},"19":{"start":{"line":16,"column":391},"end":{"line":16,"column":404}},"20":{"start":{"line":16,"column":405},"end":{"line":16,"column":484}},"21":{"start":{"line":16,"column":469},"end":{"line":16,"column":482}},"22":{"start":{"line":16,"column":484},"end":{"line":16,"column":497}},"23":{"start":{"line":16,"column":537},"end":{"line":16,"column":577}},"24":{"start":{"line":16,"column":565},"end":{"line":16,"column":576}},"25":{"start":{"line":16,"column":577},"end":{"line":16,"column":677}},"26":{"start":{"line":16,"column":652},"end":{"line":16,"column":676}},"27":{"start":{"line":16,"column":689},"end":{"line":16,"column":715}},"28":{"start":{"line":16,"column":716},"end":{"line":16,"column":769}},"29":{"start":{"line":16,"column":746},"end":{"line":16,"column":768}},"30":{"start":{"line":16,"column":782},"end":{"line":16,"column":784}},"31":{"start":{"line":16,"column":813},"end":{"line":16,"column":869}},"32":{"start":{"line":16,"column":870},"end":{"line":16,"column":1141}},"33":{"start":{"line":16,"column":892},"end":{"line":16,"column":1140}},"34":{"start":{"line":16,"column":956},"end":{"line":16,"column":1028}},"35":{"start":{"line":16,"column":1029},"end":{"line":16,"column":1139}},"36":{"start":{"line":16,"column":1066},"end":{"line":16,"column":1107}},"37":{"start":{"line":16,"column":1115},"end":{"line":16,"column":1138}},"38":{"start":{"line":16,"column":1141},"end":{"line":16,"column":1162}},"39":{"start":{"line":16,"column":1162},"end":{"line":16,"column":1198}},"40":{"start":{"line":16,"column":1174},"end":{"line":16,"column":1197}},"41":{"start":{"line":16,"column":1198},"end":{"line":16,"column":1212}},"42":{"start":{"line":16,"column":1262},"end":{"line":16,"column":1361}},"43":{"start":{"line":16,"column":1303},"end":{"line":16,"column":1360}},"44":{"start":{"line":16,"column":1405},"end":{"line":16,"column":1670}},"45":{"start":{"line":16,"column":1418},"end":{"line":16,"column":1419}},"46":{"start":{"line":16,"column":1462},"end":{"line":16,"column":1470}},"47":{"start":{"line":16,"column":1471},"end":{"line":16,"column":1526}},"48":{"start":{"line":16,"column":1526},"end":{"line":16,"column":1557}},"49":{"start":{"line":16,"column":1557},"end":{"line":16,"column":1611}},"50":{"start":{"line":16,"column":1584},"end":{"line":16,"column":1611}},"51":{"start":{"line":16,"column":1611},"end":{"line":16,"column":1669}},"52":{"start":{"line":16,"column":1732},"end":{"line":16,"column":1801}},"53":{"start":{"line":16,"column":1748},"end":{"line":16,"column":1801}},"54":{"start":{"line":16,"column":1801},"end":{"line":16,"column":1862}},"55":{"start":{"line":16,"column":1818},"end":{"line":16,"column":1862}},"56":{"start":{"line":16,"column":1862},"end":{"line":16,"column":1881}},"57":{"start":{"line":16,"column":1946},"end":{"line":16,"column":1973}},"58":{"start":{"line":16,"column":1974},"end":{"line":16,"column":2293}},"59":{"start":{"line":16,"column":2026},"end":{"line":16,"column":2050}},"60":{"start":{"line":16,"column":2058},"end":{"line":16,"column":2243}},"61":{"start":{"line":16,"column":2106},"end":{"line":16,"column":2139}},"62":{"start":{"line":16,"column":2140},"end":{"line":16,"column":2196}},"63":{"start":{"line":16,"column":2204},"end":{"line":16,"column":2242}},"64":{"start":{"line":16,"column":2243},"end":{"line":16,"column":2291}},"65":{"start":{"line":16,"column":2343},"end":{"line":16,"column":2427}},"66":{"start":{"line":16,"column":2414},"end":{"line":16,"column":2426}},"67":{"start":{"line":16,"column":2427},"end":{"line":16,"column":2463}},"68":{"start":{"line":16,"column":2503},"end":{"line":16,"column":2612}},"69":{"start":{"line":16,"column":2525},"end":{"line":16,"column":2611}},"70":{"start":{"line":16,"column":2612},"end":{"line":16,"column":2624}},"71":{"start":{"line":16,"column":2663},"end":{"line":16,"column":2734}},"72":{"start":{"line":16,"column":2721},"end":{"line":16,"column":2734}},"73":{"start":{"line":16,"column":2734},"end":{"line":16,"column":2775}},"74":{"start":{"line":16,"column":2762},"end":{"line":16,"column":2775}},"75":{"start":{"line":16,"column":2775},"end":{"line":16,"column":2820}},"76":{"start":{"line":16,"column":2808},"end":{"line":16,"column":2820}},"77":{"start":{"line":16,"column":2820},"end":{"line":16,"column":2938}},"78":{"start":{"line":16,"column":2825},"end":{"line":16,"column":2899}},"79":{"start":{"line":16,"column":2899},"end":{"line":16,"column":2911}},"80":{"start":{"line":16,"column":2924},"end":{"line":16,"column":2937}},"81":{"start":{"line":16,"column":2968},"end":{"line":16,"column":3112}},"82":{"start":{"line":16,"column":3063},"end":{"line":16,"column":3110}},"83":{"start":{"line":16,"column":3112},"end":{"line":16,"column":3138}},"84":{"start":{"line":16,"column":3181},"end":{"line":16,"column":3318}},"85":{"start":{"line":16,"column":3243},"end":{"line":16,"column":3317}},"86":{"start":{"line":16,"column":3318},"end":{"line":16,"column":3463}},"87":{"start":{"line":16,"column":3463},"end":{"line":16,"column":3517}},"88":{"start":{"line":16,"column":3479},"end":{"line":16,"column":3517}},"89":{"start":{"line":16,"column":3550},"end":{"line":16,"column":3652}},"90":{"start":{"line":16,"column":3625},"end":{"line":16,"column":3641}},"91":{"start":{"line":16,"column":3641},"end":{"line":16,"column":3650}},"92":{"start":{"line":16,"column":3652},"end":{"line":16,"column":3681}},"93":{"start":{"line":18,"column":13},"end":{"line":64,"column":47}},"94":{"start":{"line":18,"column":36},"end":{"line":18,"column":70}},"95":{"start":{"line":18,"column":83},"end":{"line":18,"column":107}},"96":{"start":{"line":18,"column":141},"end":{"line":18,"column":175}},"97":{"start":{"line":18,"column":175},"end":{"line":18,"column":295}},"98":{"start":{"line":18,"column":191},"end":{"line":18,"column":207}},"99":{"start":{"line":18,"column":216},"end":{"line":18,"column":231}},"100":{"start":{"line":18,"column":240},"end":{"line":18,"column":241}},"101":{"start":{"line":18,"column":265},"end":{"line":18,"column":294}},"102":{"start":{"line":18,"column":295},"end":{"line":18,"column":350}},"103":{"start":{"line":18,"column":350},"end":{"line":29,"column":6}},"104":{"start":{"line":28,"column":6},"end":{"line":28,"column":122}},"105":{"start":{"line":29,"column":6},"end":{"line":29,"column":19}},"106":{"start":{"line":29,"column":20},"end":{"line":64,"column":10}},"107":{"start":{"line":29,"column":111},"end":{"line":29,"column":138}},"108":{"start":{"line":31,"column":18},"end":{"line":31,"column":22}},"109":{"start":{"line":32,"column":6},"end":{"line":54,"column":290}},"110":{"start":{"line":42,"column":35},"end":{"line":42,"column":84}},"111":{"start":{"line":52,"column":180},"end":{"line":52,"column":204}},"112":{"start":{"line":52,"column":286},"end":{"line":52,"column":295}},"113":{"start":{"line":52,"column":296},"end":{"line":54,"column":197}},"114":{"start":{"line":54,"column":65},"end":{"line":54,"column":103}},"115":{"start":{"line":64,"column":10},"end":{"line":64,"column":28}},"116":{"start":{"line":64,"column":48},"end":{"line":64,"column":80}},"117":{"start":{"line":67,"column":0},"end":{"line":72,"column":48}},"118":{"start":{"line":76,"column":22},"end":{"line":79,"column":37}},"119":{"start":{"line":76,"column":55},"end":{"line":79,"column":36}},"120":{"start":{"line":83,"column":0},"end":{"line":83,"column":142}},"121":{"start":{"line":83,"column":143},"end":{"line":83,"column":170}}},"fnMap":{"0":{"name":"_interopRequireDefault","decl":{"start":{"line":16,"column":211},"end":{"line":16,"column":233}},"loc":{"start":{"line":16,"column":239},"end":{"line":16,"column":295}},"line":16},"1":{"name":"_getRequireWildcardCache","decl":{"start":{"line":16,"column":304},"end":{"line":16,"column":328}},"loc":{"start":{"line":16,"column":331},"end":{"line":16,"column":498}},"line":16},"2":{"name":"_getRequireWildcardCache","decl":{"start":{"line":16,"column":441},"end":{"line":16,"column":465}},"loc":{"start":{"line":16,"column":468},"end":{"line":16,"column":483}},"line":16},"3":{"name":"_interopRequireWildcard","decl":{"start":{"line":16,"column":507},"end":{"line":16,"column":530}},"loc":{"start":{"line":16,"column":536},"end":{"line":16,"column":1213}},"line":16},"4":{"name":"_classCallCheck","decl":{"start":{"line":16,"column":1222},"end":{"line":16,"column":1237}},"loc":{"start":{"line":16,"column":1261},"end":{"line":16,"column":1362}},"line":16},"5":{"name":"_defineProperties","decl":{"start":{"line":16,"column":1371},"end":{"line":16,"column":1388}},"loc":{"start":{"line":16,"column":1404},"end":{"line":16,"column":1671}},"line":16},"6":{"name":"_createClass","decl":{"start":{"line":16,"column":1680},"end":{"line":16,"column":1692}},"loc":{"start":{"line":16,"column":1731},"end":{"line":16,"column":1882}},"line":16},"7":{"name":"_createSuper","decl":{"start":{"line":16,"column":1891},"end":{"line":16,"column":1903}},"loc":{"start":{"line":16,"column":1913},"end":{"line":16,"column":2294}},"line":16},"8":{"name":"_createSuperInternal","decl":{"start":{"line":16,"column":1990},"end":{"line":16,"column":2010}},"loc":{"start":{"line":16,"column":2013},"end":{"line":16,"column":2292}},"line":16},"9":{"name":"_possibleConstructorReturn","decl":{"start":{"line":16,"column":2303},"end":{"line":16,"column":2329}},"loc":{"start":{"line":16,"column":2342},"end":{"line":16,"column":2464}},"line":16},"10":{"name":"_assertThisInitialized","decl":{"start":{"line":16,"column":2473},"end":{"line":16,"column":2495}},"loc":{"start":{"line":16,"column":2502},"end":{"line":16,"column":2625}},"line":16},"11":{"name":"_isNativeReflectConstruct","decl":{"start":{"line":16,"column":2634},"end":{"line":16,"column":2659}},"loc":{"start":{"line":16,"column":2662},"end":{"line":16,"column":2939}},"line":16},"12":{"name":"(anonymous_12)","decl":{"start":{"line":16,"column":2882},"end":{"line":16,"column":2883}},"loc":{"start":{"line":16,"column":2894},"end":{"line":16,"column":2896}},"line":16},"13":{"name":"_getPrototypeOf","decl":{"start":{"line":16,"column":2948},"end":{"line":16,"column":2963}},"loc":{"start":{"line":16,"column":2967},"end":{"line":16,"column":3139}},"line":16},"14":{"name":"_getPrototypeOf","decl":{"start":{"line":16,"column":3043},"end":{"line":16,"column":3058}},"loc":{"start":{"line":16,"column":3062},"end":{"line":16,"column":3111}},"line":16},"15":{"name":"_inherits","decl":{"start":{"line":16,"column":3148},"end":{"line":16,"column":3157}},"loc":{"start":{"line":16,"column":3180},"end":{"line":16,"column":3518}},"line":16},"16":{"name":"_setPrototypeOf","decl":{"start":{"line":16,"column":3527},"end":{"line":16,"column":3542}},"loc":{"start":{"line":16,"column":3549},"end":{"line":16,"column":3682}},"line":16},"17":{"name":"_setPrototypeOf","decl":{"start":{"line":16,"column":3602},"end":{"line":16,"column":3617}},"loc":{"start":{"line":16,"column":3624},"end":{"line":16,"column":3651}},"line":16},"18":{"name":"(anonymous_18)","decl":{"start":{"line":18,"column":13},"end":{"line":18,"column":14}},"loc":{"start":{"line":18,"column":35},"end":{"line":64,"column":29}},"line":18},"19":{"name":"Categories","decl":{"start":{"line":18,"column":117},"end":{"line":18,"column":127}},"loc":{"start":{"line":18,"column":130},"end":{"line":29,"column":20}},"line":18},"20":{"name":"(anonymous_20)","decl":{"start":{"line":27,"column":24},"end":{"line":27,"column":25}},"loc":{"start":{"line":27,"column":40},"end":{"line":29,"column":5}},"line":27},"21":{"name":"componentDidMount","decl":{"start":{"line":29,"column":90},"end":{"line":29,"column":107}},"loc":{"start":{"line":29,"column":110},"end":{"line":29,"column":139}},"line":29},"22":{"name":"render","decl":{"start":{"line":29,"column":176},"end":{"line":29,"column":182}},"loc":{"start":{"line":31,"column":4},"end":{"line":64,"column":5}},"line":31},"23":{"name":"close","decl":{"start":{"line":42,"column":26},"end":{"line":42,"column":31}},"loc":{"start":{"line":42,"column":34},"end":{"line":42,"column":85}},"line":42},"24":{"name":"keyExtractor","decl":{"start":{"line":52,"column":153},"end":{"line":52,"column":165}},"loc":{"start":{"line":52,"column":179},"end":{"line":52,"column":205}},"line":52},"25":{"name":"renderItem","decl":{"start":{"line":52,"column":257},"end":{"line":52,"column":267}},"loc":{"start":{"line":52,"column":274},"end":{"line":54,"column":198}},"line":52},"26":{"name":"goToSubcategories","decl":{"start":{"line":54,"column":44},"end":{"line":54,"column":61}},"loc":{"start":{"line":54,"column":64},"end":{"line":54,"column":104}},"line":54},"27":{"name":"mapStateToProps","decl":{"start":{"line":76,"column":31},"end":{"line":76,"column":46}},"loc":{"start":{"line":76,"column":54},"end":{"line":79,"column":37}},"line":76}},"branchMap":{"0":{"loc":{"start":{"line":16,"column":247},"end":{"line":16,"column":293}},"type":"cond-expr","locations":[{"start":{"line":16,"column":271},"end":{"line":16,"column":274}},{"start":{"line":16,"column":277},"end":{"line":16,"column":293}}],"line":16},"1":{"loc":{"start":{"line":16,"column":247},"end":{"line":16,"column":268}},"type":"binary-expr","locations":[{"start":{"line":16,"column":247},"end":{"line":16,"column":250}},{"start":{"line":16,"column":254},"end":{"line":16,"column":268}}],"line":16},"2":{"loc":{"start":{"line":16,"column":332},"end":{"line":16,"column":379}},"type":"if","locations":[{"start":{"line":16,"column":332},"end":{"line":16,"column":379}},{"start":{"line":16,"column":332},"end":{"line":16,"column":379}}],"line":16},"3":{"loc":{"start":{"line":16,"column":537},"end":{"line":16,"column":577}},"type":"if","locations":[{"start":{"line":16,"column":537},"end":{"line":16,"column":577}},{"start":{"line":16,"column":537},"end":{"line":16,"column":577}}],"line":16},"4":{"loc":{"start":{"line":16,"column":541},"end":{"line":16,"column":562}},"type":"binary-expr","locations":[{"start":{"line":16,"column":541},"end":{"line":16,"column":544}},{"start":{"line":16,"column":548},"end":{"line":16,"column":562}}],"line":16},"5":{"loc":{"start":{"line":16,"column":577},"end":{"line":16,"column":677}},"type":"if","locations":[{"start":{"line":16,"column":577},"end":{"line":16,"column":677}},{"start":{"line":16,"column":577},"end":{"line":16,"column":677}}],"line":16},"6":{"loc":{"start":{"line":16,"column":581},"end":{"line":16,"column":649}},"type":"binary-expr","locations":[{"start":{"line":16,"column":581},"end":{"line":16,"column":593}},{"start":{"line":16,"column":597},"end":{"line":16,"column":620}},{"start":{"line":16,"column":624},"end":{"line":16,"column":649}}],"line":16},"7":{"loc":{"start":{"line":16,"column":716},"end":{"line":16,"column":769}},"type":"if","locations":[{"start":{"line":16,"column":716},"end":{"line":16,"column":769}},{"start":{"line":16,"column":716},"end":{"line":16,"column":769}}],"line":16},"8":{"loc":{"start":{"line":16,"column":720},"end":{"line":16,"column":743}},"type":"binary-expr","locations":[{"start":{"line":16,"column":720},"end":{"line":16,"column":725}},{"start":{"line":16,"column":729},"end":{"line":16,"column":743}}],"line":16},"9":{"loc":{"start":{"line":16,"column":813},"end":{"line":16,"column":869}},"type":"binary-expr","locations":[{"start":{"line":16,"column":813},"end":{"line":16,"column":834}},{"start":{"line":16,"column":838},"end":{"line":16,"column":869}}],"line":16},"10":{"loc":{"start":{"line":16,"column":892},"end":{"line":16,"column":1140}},"type":"if","locations":[{"start":{"line":16,"column":892},"end":{"line":16,"column":1140}},{"start":{"line":16,"column":892},"end":{"line":16,"column":1140}}],"line":16},"11":{"loc":{"start":{"line":16,"column":956},"end":{"line":16,"column":1028}},"type":"cond-expr","locations":[{"start":{"line":16,"column":980},"end":{"line":16,"column":1021}},{"start":{"line":16,"column":1024},"end":{"line":16,"column":1028}}],"line":16},"12":{"loc":{"start":{"line":16,"column":1029},"end":{"line":16,"column":1139}},"type":"if","locations":[{"start":{"line":16,"column":1029},"end":{"line":16,"column":1139}},{"start":{"line":16,"column":1029},"end":{"line":16,"column":1139}}],"line":16},"13":{"loc":{"start":{"line":16,"column":1033},"end":{"line":16,"column":1063}},"type":"binary-expr","locations":[{"start":{"line":16,"column":1033},"end":{"line":16,"column":1037}},{"start":{"line":16,"column":1042},"end":{"line":16,"column":1050}},{"start":{"line":16,"column":1054},"end":{"line":16,"column":1062}}],"line":16},"14":{"loc":{"start":{"line":16,"column":1162},"end":{"line":16,"column":1198}},"type":"if","locations":[{"start":{"line":16,"column":1162},"end":{"line":16,"column":1198}},{"start":{"line":16,"column":1162},"end":{"line":16,"column":1198}}],"line":16},"15":{"loc":{"start":{"line":16,"column":1262},"end":{"line":16,"column":1361}},"type":"if","locations":[{"start":{"line":16,"column":1262},"end":{"line":16,"column":1361}},{"start":{"line":16,"column":1262},"end":{"line":16,"column":1361}}],"line":16},"16":{"loc":{"start":{"line":16,"column":1495},"end":{"line":16,"column":1525}},"type":"binary-expr","locations":[{"start":{"line":16,"column":1495},"end":{"line":16,"column":1516}},{"start":{"line":16,"column":1520},"end":{"line":16,"column":1525}}],"line":16},"17":{"loc":{"start":{"line":16,"column":1557},"end":{"line":16,"column":1611}},"type":"if","locations":[{"start":{"line":16,"column":1557},"end":{"line":16,"column":1611}},{"start":{"line":16,"column":1557},"end":{"line":16,"column":1611}}],"line":16},"18":{"loc":{"start":{"line":16,"column":1732},"end":{"line":16,"column":1801}},"type":"if","locations":[{"start":{"line":16,"column":1732},"end":{"line":16,"column":1801}},{"start":{"line":16,"column":1732},"end":{"line":16,"column":1801}}],"line":16},"19":{"loc":{"start":{"line":16,"column":1801},"end":{"line":16,"column":1862}},"type":"if","locations":[{"start":{"line":16,"column":1801},"end":{"line":16,"column":1862}},{"start":{"line":16,"column":1801},"end":{"line":16,"column":1862}}],"line":16},"20":{"loc":{"start":{"line":16,"column":2058},"end":{"line":16,"column":2243}},"type":"if","locations":[{"start":{"line":16,"column":2058},"end":{"line":16,"column":2243}},{"start":{"line":16,"column":2058},"end":{"line":16,"column":2243}}],"line":16},"21":{"loc":{"start":{"line":16,"column":2343},"end":{"line":16,"column":2427}},"type":"if","locations":[{"start":{"line":16,"column":2343},"end":{"line":16,"column":2427}},{"start":{"line":16,"column":2343},"end":{"line":16,"column":2427}}],"line":16},"22":{"loc":{"start":{"line":16,"column":2347},"end":{"line":16,"column":2411}},"type":"binary-expr","locations":[{"start":{"line":16,"column":2347},"end":{"line":16,"column":2351}},{"start":{"line":16,"column":2356},"end":{"line":16,"column":2380}},{"start":{"line":16,"column":2384},"end":{"line":16,"column":2410}}],"line":16},"23":{"loc":{"start":{"line":16,"column":2503},"end":{"line":16,"column":2612}},"type":"if","locations":[{"start":{"line":16,"column":2503},"end":{"line":16,"column":2612}},{"start":{"line":16,"column":2503},"end":{"line":16,"column":2612}}],"line":16},"24":{"loc":{"start":{"line":16,"column":2663},"end":{"line":16,"column":2734}},"type":"if","locations":[{"start":{"line":16,"column":2663},"end":{"line":16,"column":2734}},{"start":{"line":16,"column":2663},"end":{"line":16,"column":2734}}],"line":16},"25":{"loc":{"start":{"line":16,"column":2667},"end":{"line":16,"column":2719}},"type":"binary-expr","locations":[{"start":{"line":16,"column":2667},"end":{"line":16,"column":2697}},{"start":{"line":16,"column":2701},"end":{"line":16,"column":2719}}],"line":16},"26":{"loc":{"start":{"line":16,"column":2734},"end":{"line":16,"column":2775}},"type":"if","locations":[{"start":{"line":16,"column":2734},"end":{"line":16,"column":2775}},{"start":{"line":16,"column":2734},"end":{"line":16,"column":2775}}],"line":16},"27":{"loc":{"start":{"line":16,"column":2775},"end":{"line":16,"column":2820}},"type":"if","locations":[{"start":{"line":16,"column":2775},"end":{"line":16,"column":2820}},{"start":{"line":16,"column":2775},"end":{"line":16,"column":2820}}],"line":16},"28":{"loc":{"start":{"line":16,"column":2986},"end":{"line":16,"column":3111}},"type":"cond-expr","locations":[{"start":{"line":16,"column":3010},"end":{"line":16,"column":3031}},{"start":{"line":16,"column":3034},"end":{"line":16,"column":3111}}],"line":16},"29":{"loc":{"start":{"line":16,"column":3070},"end":{"line":16,"column":3109}},"type":"binary-expr","locations":[{"start":{"line":16,"column":3070},"end":{"line":16,"column":3081}},{"start":{"line":16,"column":3085},"end":{"line":16,"column":3109}}],"line":16},"30":{"loc":{"start":{"line":16,"column":3181},"end":{"line":16,"column":3318}},"type":"if","locations":[{"start":{"line":16,"column":3181},"end":{"line":16,"column":3318}},{"start":{"line":16,"column":3181},"end":{"line":16,"column":3318}}],"line":16},"31":{"loc":{"start":{"line":16,"column":3185},"end":{"line":16,"column":3240}},"type":"binary-expr","locations":[{"start":{"line":16,"column":3185},"end":{"line":16,"column":3217}},{"start":{"line":16,"column":3221},"end":{"line":16,"column":3240}}],"line":16},"32":{"loc":{"start":{"line":16,"column":3353},"end":{"line":16,"column":3387}},"type":"binary-expr","locations":[{"start":{"line":16,"column":3353},"end":{"line":16,"column":3363}},{"start":{"line":16,"column":3367},"end":{"line":16,"column":3387}}],"line":16},"33":{"loc":{"start":{"line":16,"column":3463},"end":{"line":16,"column":3517}},"type":"if","locations":[{"start":{"line":16,"column":3463},"end":{"line":16,"column":3517}},{"start":{"line":16,"column":3463},"end":{"line":16,"column":3517}}],"line":16},"34":{"loc":{"start":{"line":16,"column":3568},"end":{"line":16,"column":3651}},"type":"binary-expr","locations":[{"start":{"line":16,"column":3568},"end":{"line":16,"column":3589}},{"start":{"line":16,"column":3593},"end":{"line":16,"column":3651}}],"line":16},"35":{"loc":{"start":{"line":33,"column":8},"end":{"line":54,"column":288}},"type":"cond-expr","locations":[{"start":{"line":34,"column":8},"end":{"line":35,"column":145}},{"start":{"line":38,"column":8},"end":{"line":54,"column":288}}],"line":33},"36":{"loc":{"start":{"line":38,"column":8},"end":{"line":54,"column":288}},"type":"cond-expr","locations":[{"start":{"line":39,"column":8},"end":{"line":45,"column":128}},{"start":{"line":48,"column":8},"end":{"line":54,"column":288}}],"line":38},"37":{"loc":{"start":{"line":49,"column":8},"end":{"line":54,"column":287}},"type":"cond-expr","locations":[{"start":{"line":50,"column":8},"end":{"line":50,"column":176}},{"start":{"line":52,"column":8},"end":{"line":54,"column":287}}],"line":49},"38":{"loc":{"start":{"line":49,"column":8},"end":{"line":49,"column":80}},"type":"binary-expr","locations":[{"start":{"line":49,"column":8},"end":{"line":49,"column":43}},{"start":{"line":49,"column":47},"end":{"line":49,"column":80}}],"line":49}},"s":{"0":1,"1":1,"2":1,"3":1,"4":1,"5":1,"6":1,"7":1,"8":1,"9":1,"10":1,"11":1,"12":1,"13":1,"14":1,"15":1,"16":5,"17":1,"18":0,"19":1,"20":1,"21":0,"22":1,"23":1,"24":0,"25":1,"26":0,"27":1,"28":1,"29":0,"30":1,"31":1,"32":1,"33":28,"34":28,"35":28,"36":0,"37":28,"38":1,"39":1,"40":1,"41":1,"42":5,"43":0,"44":1,"45":1,"46":2,"47":2,"48":2,"49":2,"50":2,"51":2,"52":1,"53":1,"54":1,"55":0,"56":1,"57":1,"58":1,"59":5,"60":5,"61":5,"62":5,"63":0,"64":5,"65":5,"66":5,"67":0,"68":0,"69":0,"70":0,"71":1,"72":0,"73":1,"74":0,"75":1,"76":1,"77":0,"78":0,"79":0,"80":0,"81":1,"82":0,"83":1,"84":1,"85":0,"86":1,"87":1,"88":1,"89":1,"90":0,"91":0,"92":1,"93":1,"94":1,"95":1,"96":5,"97":5,"98":5,"99":5,"100":5,"101":15,"102":5,"103":5,"104":0,"105":5,"106":1,"107":5,"108":5,"109":5,"110":0,"111":0,"112":0,"113":0,"114":0,"115":1,"116":1,"117":1,"118":1,"119":5,"120":1,"121":1},"f":{"0":5,"1":1,"2":0,"3":1,"4":5,"5":1,"6":1,"7":1,"8":5,"9":5,"10":0,"11":1,"12":0,"13":1,"14":0,"15":1,"16":1,"17":0,"18":1,"19":5,"20":0,"21":5,"22":5,"23":0,"24":0,"25":0,"26":0,"27":5},"b":{"0":[4,1],"1":[5,5],"2":[0,1],"3":[0,1],"4":[1,1],"5":[0,1],"6":[1,1,0],"7":[0,1],"8":[1,1],"9":[1,1],"10":[28,0],"11":[28,0],"12":[0,28],"13":[28,28,28],"14":[1,0],"15":[0,5],"16":[2,2],"17":[2,0],"18":[1,0],"19":[0,1],"20":[5,0],"21":[5,0],"22":[5,5,0],"23":[0,0],"24":[0,1],"25":[1,1],"26":[0,1],"27":[1,0],"28":[1,0],"29":[0,0],"30":[0,1],"31":[1,0],"32":[1,1],"33":[1,0],"34":[1,0],"35":[1,4],"36":[1,3],"37":[2,1],"38":[3,3]},"inputSourceMap":null,"_coverageSchema":"1a1c01bbd47fc00a2c39e90264f33305004495a9","hash":"e0a4456c76bbe4579fc0ff82e610f7927676a0a0"}
,"D:\\Darbai\\Ampps\\www\\Asmeniniai\\fastshop\\frontend\\src\\components\\Categories\\Category.js": {"path":"D:\\Darbai\\Ampps\\www\\Asmeniniai\\fastshop\\frontend\\src\\components\\Categories\\Category.js","statementMap":{"0":{"start":{"line":1,"column":13},"end":{"line":1,"column":75}},"1":{"start":{"line":1,"column":75},"end":{"line":1,"column":100}},"2":{"start":{"line":1,"column":113},"end":{"line":1,"column":154}},"3":{"start":{"line":2,"column":17},"end":{"line":2,"column":62}},"4":{"start":{"line":3,"column":19},"end":{"line":3,"column":42}},"5":{"start":{"line":4,"column":22},"end":{"line":4,"column":82}},"6":{"start":{"line":5,"column":16},"end":{"line":5,"column":90}},"7":{"start":{"line":5,"column":110},"end":{"line":5,"column":208}},"8":{"start":{"line":5,"column":247},"end":{"line":5,"column":301}},"9":{"start":{"line":5,"column":339},"end":{"line":5,"column":386}},"10":{"start":{"line":5,"column":374},"end":{"line":5,"column":386}},"11":{"start":{"line":5,"column":398},"end":{"line":5,"column":411}},"12":{"start":{"line":5,"column":412},"end":{"line":5,"column":491}},"13":{"start":{"line":5,"column":476},"end":{"line":5,"column":489}},"14":{"start":{"line":5,"column":491},"end":{"line":5,"column":504}},"15":{"start":{"line":5,"column":544},"end":{"line":5,"column":584}},"16":{"start":{"line":5,"column":572},"end":{"line":5,"column":583}},"17":{"start":{"line":5,"column":584},"end":{"line":5,"column":684}},"18":{"start":{"line":5,"column":659},"end":{"line":5,"column":683}},"19":{"start":{"line":5,"column":696},"end":{"line":5,"column":722}},"20":{"start":{"line":5,"column":723},"end":{"line":5,"column":776}},"21":{"start":{"line":5,"column":753},"end":{"line":5,"column":775}},"22":{"start":{"line":5,"column":789},"end":{"line":5,"column":791}},"23":{"start":{"line":5,"column":820},"end":{"line":5,"column":876}},"24":{"start":{"line":5,"column":877},"end":{"line":5,"column":1148}},"25":{"start":{"line":5,"column":899},"end":{"line":5,"column":1147}},"26":{"start":{"line":5,"column":963},"end":{"line":5,"column":1035}},"27":{"start":{"line":5,"column":1036},"end":{"line":5,"column":1146}},"28":{"start":{"line":5,"column":1073},"end":{"line":5,"column":1114}},"29":{"start":{"line":5,"column":1122},"end":{"line":5,"column":1145}},"30":{"start":{"line":5,"column":1148},"end":{"line":5,"column":1169}},"31":{"start":{"line":5,"column":1169},"end":{"line":5,"column":1205}},"32":{"start":{"line":5,"column":1181},"end":{"line":5,"column":1204}},"33":{"start":{"line":5,"column":1205},"end":{"line":5,"column":1219}},"34":{"start":{"line":5,"column":1269},"end":{"line":5,"column":1368}},"35":{"start":{"line":5,"column":1310},"end":{"line":5,"column":1367}},"36":{"start":{"line":5,"column":1412},"end":{"line":5,"column":1677}},"37":{"start":{"line":5,"column":1425},"end":{"line":5,"column":1426}},"38":{"start":{"line":5,"column":1469},"end":{"line":5,"column":1477}},"39":{"start":{"line":5,"column":1478},"end":{"line":5,"column":1533}},"40":{"start":{"line":5,"column":1533},"end":{"line":5,"column":1564}},"41":{"start":{"line":5,"column":1564},"end":{"line":5,"column":1618}},"42":{"start":{"line":5,"column":1591},"end":{"line":5,"column":1618}},"43":{"start":{"line":5,"column":1618},"end":{"line":5,"column":1676}},"44":{"start":{"line":5,"column":1739},"end":{"line":5,"column":1808}},"45":{"start":{"line":5,"column":1755},"end":{"line":5,"column":1808}},"46":{"start":{"line":5,"column":1808},"end":{"line":5,"column":1869}},"47":{"start":{"line":5,"column":1825},"end":{"line":5,"column":1869}},"48":{"start":{"line":5,"column":1869},"end":{"line":5,"column":1888}},"49":{"start":{"line":5,"column":1953},"end":{"line":5,"column":1980}},"50":{"start":{"line":5,"column":1981},"end":{"line":5,"column":2300}},"51":{"start":{"line":5,"column":2033},"end":{"line":5,"column":2057}},"52":{"start":{"line":5,"column":2065},"end":{"line":5,"column":2250}},"53":{"start":{"line":5,"column":2113},"end":{"line":5,"column":2146}},"54":{"start":{"line":5,"column":2147},"end":{"line":5,"column":2203}},"55":{"start":{"line":5,"column":2211},"end":{"line":5,"column":2249}},"56":{"start":{"line":5,"column":2250},"end":{"line":5,"column":2298}},"57":{"start":{"line":5,"column":2350},"end":{"line":5,"column":2434}},"58":{"start":{"line":5,"column":2421},"end":{"line":5,"column":2433}},"59":{"start":{"line":5,"column":2434},"end":{"line":5,"column":2470}},"60":{"start":{"line":5,"column":2510},"end":{"line":5,"column":2619}},"61":{"start":{"line":5,"column":2532},"end":{"line":5,"column":2618}},"62":{"start":{"line":5,"column":2619},"end":{"line":5,"column":2631}},"63":{"start":{"line":5,"column":2670},"end":{"line":5,"column":2741}},"64":{"start":{"line":5,"column":2728},"end":{"line":5,"column":2741}},"65":{"start":{"line":5,"column":2741},"end":{"line":5,"column":2782}},"66":{"start":{"line":5,"column":2769},"end":{"line":5,"column":2782}},"67":{"start":{"line":5,"column":2782},"end":{"line":5,"column":2827}},"68":{"start":{"line":5,"column":2815},"end":{"line":5,"column":2827}},"69":{"start":{"line":5,"column":2827},"end":{"line":5,"column":2945}},"70":{"start":{"line":5,"column":2832},"end":{"line":5,"column":2906}},"71":{"start":{"line":5,"column":2906},"end":{"line":5,"column":2918}},"72":{"start":{"line":5,"column":2931},"end":{"line":5,"column":2944}},"73":{"start":{"line":5,"column":2975},"end":{"line":5,"column":3119}},"74":{"start":{"line":5,"column":3070},"end":{"line":5,"column":3117}},"75":{"start":{"line":5,"column":3119},"end":{"line":5,"column":3145}},"76":{"start":{"line":5,"column":3188},"end":{"line":5,"column":3325}},"77":{"start":{"line":5,"column":3250},"end":{"line":5,"column":3324}},"78":{"start":{"line":5,"column":3325},"end":{"line":5,"column":3470}},"79":{"start":{"line":5,"column":3470},"end":{"line":5,"column":3524}},"80":{"start":{"line":5,"column":3486},"end":{"line":5,"column":3524}},"81":{"start":{"line":5,"column":3557},"end":{"line":5,"column":3659}},"82":{"start":{"line":5,"column":3632},"end":{"line":5,"column":3648}},"83":{"start":{"line":5,"column":3648},"end":{"line":5,"column":3657}},"84":{"start":{"line":5,"column":3659},"end":{"line":5,"column":3688}},"85":{"start":{"line":9,"column":11},"end":{"line":30,"column":45}},"86":{"start":{"line":9,"column":34},"end":{"line":9,"column":66}},"87":{"start":{"line":9,"column":79},"end":{"line":9,"column":101}},"88":{"start":{"line":9,"column":133},"end":{"line":9,"column":165}},"89":{"start":{"line":9,"column":165},"end":{"line":9,"column":285}},"90":{"start":{"line":9,"column":181},"end":{"line":9,"column":197}},"91":{"start":{"line":9,"column":206},"end":{"line":9,"column":221}},"92":{"start":{"line":9,"column":230},"end":{"line":9,"column":231}},"93":{"start":{"line":9,"column":255},"end":{"line":9,"column":284}},"94":{"start":{"line":9,"column":285},"end":{"line":9,"column":340}},"95":{"start":{"line":9,"column":340},"end":{"line":13,"column":6}},"96":{"start":{"line":12,"column":6},"end":{"line":12,"column":38}},"97":{"start":{"line":13,"column":6},"end":{"line":13,"column":19}},"98":{"start":{"line":13,"column":20},"end":{"line":30,"column":10}},"99":{"start":{"line":15,"column":18},"end":{"line":15,"column":22}},"100":{"start":{"line":16,"column":6},"end":{"line":27,"column":222}},"101":{"start":{"line":17,"column":151},"end":{"line":17,"column":185}},"102":{"start":{"line":30,"column":10},"end":{"line":30,"column":26}},"103":{"start":{"line":33,"column":0},"end":{"line":36,"column":34}},"104":{"start":{"line":39,"column":0},"end":{"line":39,"column":8}},"105":{"start":{"line":39,"column":9},"end":{"line":39,"column":36}}},"fnMap":{"0":{"name":"_interopRequireDefault","decl":{"start":{"line":5,"column":218},"end":{"line":5,"column":240}},"loc":{"start":{"line":5,"column":246},"end":{"line":5,"column":302}},"line":5},"1":{"name":"_getRequireWildcardCache","decl":{"start":{"line":5,"column":311},"end":{"line":5,"column":335}},"loc":{"start":{"line":5,"column":338},"end":{"line":5,"column":505}},"line":5},"2":{"name":"_getRequireWildcardCache","decl":{"start":{"line":5,"column":448},"end":{"line":5,"column":472}},"loc":{"start":{"line":5,"column":475},"end":{"line":5,"column":490}},"line":5},"3":{"name":"_interopRequireWildcard","decl":{"start":{"line":5,"column":514},"end":{"line":5,"column":537}},"loc":{"start":{"line":5,"column":543},"end":{"line":5,"column":1220}},"line":5},"4":{"name":"_classCallCheck","decl":{"start":{"line":5,"column":1229},"end":{"line":5,"column":1244}},"loc":{"start":{"line":5,"column":1268},"end":{"line":5,"column":1369}},"line":5},"5":{"name":"_defineProperties","decl":{"start":{"line":5,"column":1378},"end":{"line":5,"column":1395}},"loc":{"start":{"line":5,"column":1411},"end":{"line":5,"column":1678}},"line":5},"6":{"name":"_createClass","decl":{"start":{"line":5,"column":1687},"end":{"line":5,"column":1699}},"loc":{"start":{"line":5,"column":1738},"end":{"line":5,"column":1889}},"line":5},"7":{"name":"_createSuper","decl":{"start":{"line":5,"column":1898},"end":{"line":5,"column":1910}},"loc":{"start":{"line":5,"column":1920},"end":{"line":5,"column":2301}},"line":5},"8":{"name":"_createSuperInternal","decl":{"start":{"line":5,"column":1997},"end":{"line":5,"column":2017}},"loc":{"start":{"line":5,"column":2020},"end":{"line":5,"column":2299}},"line":5},"9":{"name":"_possibleConstructorReturn","decl":{"start":{"line":5,"column":2310},"end":{"line":5,"column":2336}},"loc":{"start":{"line":5,"column":2349},"end":{"line":5,"column":2471}},"line":5},"10":{"name":"_assertThisInitialized","decl":{"start":{"line":5,"column":2480},"end":{"line":5,"column":2502}},"loc":{"start":{"line":5,"column":2509},"end":{"line":5,"column":2632}},"line":5},"11":{"name":"_isNativeReflectConstruct","decl":{"start":{"line":5,"column":2641},"end":{"line":5,"column":2666}},"loc":{"start":{"line":5,"column":2669},"end":{"line":5,"column":2946}},"line":5},"12":{"name":"(anonymous_12)","decl":{"start":{"line":5,"column":2889},"end":{"line":5,"column":2890}},"loc":{"start":{"line":5,"column":2901},"end":{"line":5,"column":2903}},"line":5},"13":{"name":"_getPrototypeOf","decl":{"start":{"line":5,"column":2955},"end":{"line":5,"column":2970}},"loc":{"start":{"line":5,"column":2974},"end":{"line":5,"column":3146}},"line":5},"14":{"name":"_getPrototypeOf","decl":{"start":{"line":5,"column":3050},"end":{"line":5,"column":3065}},"loc":{"start":{"line":5,"column":3069},"end":{"line":5,"column":3118}},"line":5},"15":{"name":"_inherits","decl":{"start":{"line":5,"column":3155},"end":{"line":5,"column":3164}},"loc":{"start":{"line":5,"column":3187},"end":{"line":5,"column":3525}},"line":5},"16":{"name":"_setPrototypeOf","decl":{"start":{"line":5,"column":3534},"end":{"line":5,"column":3549}},"loc":{"start":{"line":5,"column":3556},"end":{"line":5,"column":3689}},"line":5},"17":{"name":"_setPrototypeOf","decl":{"start":{"line":5,"column":3609},"end":{"line":5,"column":3624}},"loc":{"start":{"line":5,"column":3631},"end":{"line":5,"column":3658}},"line":5},"18":{"name":"(anonymous_18)","decl":{"start":{"line":9,"column":11},"end":{"line":9,"column":12}},"loc":{"start":{"line":9,"column":33},"end":{"line":30,"column":27}},"line":9},"19":{"name":"Category","decl":{"start":{"line":9,"column":111},"end":{"line":9,"column":119}},"loc":{"start":{"line":9,"column":122},"end":{"line":13,"column":20}},"line":9},"20":{"name":"(anonymous_20)","decl":{"start":{"line":11,"column":24},"end":{"line":11,"column":25}},"loc":{"start":{"line":11,"column":36},"end":{"line":13,"column":5}},"line":11},"21":{"name":"render","decl":{"start":{"line":13,"column":77},"end":{"line":13,"column":83}},"loc":{"start":{"line":15,"column":4},"end":{"line":30,"column":5}},"line":15},"22":{"name":"onPress","decl":{"start":{"line":17,"column":140},"end":{"line":17,"column":147}},"loc":{"start":{"line":17,"column":150},"end":{"line":17,"column":186}},"line":17}},"branchMap":{"0":{"loc":{"start":{"line":5,"column":254},"end":{"line":5,"column":300}},"type":"cond-expr","locations":[{"start":{"line":5,"column":278},"end":{"line":5,"column":281}},{"start":{"line":5,"column":284},"end":{"line":5,"column":300}}],"line":5},"1":{"loc":{"start":{"line":5,"column":254},"end":{"line":5,"column":275}},"type":"binary-expr","locations":[{"start":{"line":5,"column":254},"end":{"line":5,"column":257}},{"start":{"line":5,"column":261},"end":{"line":5,"column":275}}],"line":5},"2":{"loc":{"start":{"line":5,"column":339},"end":{"line":5,"column":386}},"type":"if","locations":[{"start":{"line":5,"column":339},"end":{"line":5,"column":386}},{"start":{"line":5,"column":339},"end":{"line":5,"column":386}}],"line":5},"3":{"loc":{"start":{"line":5,"column":544},"end":{"line":5,"column":584}},"type":"if","locations":[{"start":{"line":5,"column":544},"end":{"line":5,"column":584}},{"start":{"line":5,"column":544},"end":{"line":5,"column":584}}],"line":5},"4":{"loc":{"start":{"line":5,"column":548},"end":{"line":5,"column":569}},"type":"binary-expr","locations":[{"start":{"line":5,"column":548},"end":{"line":5,"column":551}},{"start":{"line":5,"column":555},"end":{"line":5,"column":569}}],"line":5},"5":{"loc":{"start":{"line":5,"column":584},"end":{"line":5,"column":684}},"type":"if","locations":[{"start":{"line":5,"column":584},"end":{"line":5,"column":684}},{"start":{"line":5,"column":584},"end":{"line":5,"column":684}}],"line":5},"6":{"loc":{"start":{"line":5,"column":588},"end":{"line":5,"column":656}},"type":"binary-expr","locations":[{"start":{"line":5,"column":588},"end":{"line":5,"column":600}},{"start":{"line":5,"column":604},"end":{"line":5,"column":627}},{"start":{"line":5,"column":631},"end":{"line":5,"column":656}}],"line":5},"7":{"loc":{"start":{"line":5,"column":723},"end":{"line":5,"column":776}},"type":"if","locations":[{"start":{"line":5,"column":723},"end":{"line":5,"column":776}},{"start":{"line":5,"column":723},"end":{"line":5,"column":776}}],"line":5},"8":{"loc":{"start":{"line":5,"column":727},"end":{"line":5,"column":750}},"type":"binary-expr","locations":[{"start":{"line":5,"column":727},"end":{"line":5,"column":732}},{"start":{"line":5,"column":736},"end":{"line":5,"column":750}}],"line":5},"9":{"loc":{"start":{"line":5,"column":820},"end":{"line":5,"column":876}},"type":"binary-expr","locations":[{"start":{"line":5,"column":820},"end":{"line":5,"column":841}},{"start":{"line":5,"column":845},"end":{"line":5,"column":876}}],"line":5},"10":{"loc":{"start":{"line":5,"column":899},"end":{"line":5,"column":1147}},"type":"if","locations":[{"start":{"line":5,"column":899},"end":{"line":5,"column":1147}},{"start":{"line":5,"column":899},"end":{"line":5,"column":1147}}],"line":5},"11":{"loc":{"start":{"line":5,"column":963},"end":{"line":5,"column":1035}},"type":"cond-expr","locations":[{"start":{"line":5,"column":987},"end":{"line":5,"column":1028}},{"start":{"line":5,"column":1031},"end":{"line":5,"column":1035}}],"line":5},"12":{"loc":{"start":{"line":5,"column":1036},"end":{"line":5,"column":1146}},"type":"if","locations":[{"start":{"line":5,"column":1036},"end":{"line":5,"column":1146}},{"start":{"line":5,"column":1036},"end":{"line":5,"column":1146}}],"line":5},"13":{"loc":{"start":{"line":5,"column":1040},"end":{"line":5,"column":1070}},"type":"binary-expr","locations":[{"start":{"line":5,"column":1040},"end":{"line":5,"column":1044}},{"start":{"line":5,"column":1049},"end":{"line":5,"column":1057}},{"start":{"line":5,"column":1061},"end":{"line":5,"column":1069}}],"line":5},"14":{"loc":{"start":{"line":5,"column":1169},"end":{"line":5,"column":1205}},"type":"if","locations":[{"start":{"line":5,"column":1169},"end":{"line":5,"column":1205}},{"start":{"line":5,"column":1169},"end":{"line":5,"column":1205}}],"line":5},"15":{"loc":{"start":{"line":5,"column":1269},"end":{"line":5,"column":1368}},"type":"if","locations":[{"start":{"line":5,"column":1269},"end":{"line":5,"column":1368}},{"start":{"line":5,"column":1269},"end":{"line":5,"column":1368}}],"line":5},"16":{"loc":{"start":{"line":5,"column":1502},"end":{"line":5,"column":1532}},"type":"binary-expr","locations":[{"start":{"line":5,"column":1502},"end":{"line":5,"column":1523}},{"start":{"line":5,"column":1527},"end":{"line":5,"column":1532}}],"line":5},"17":{"loc":{"start":{"line":5,"column":1564},"end":{"line":5,"column":1618}},"type":"if","locations":[{"start":{"line":5,"column":1564},"end":{"line":5,"column":1618}},{"start":{"line":5,"column":1564},"end":{"line":5,"column":1618}}],"line":5},"18":{"loc":{"start":{"line":5,"column":1739},"end":{"line":5,"column":1808}},"type":"if","locations":[{"start":{"line":5,"column":1739},"end":{"line":5,"column":1808}},{"start":{"line":5,"column":1739},"end":{"line":5,"column":1808}}],"line":5},"19":{"loc":{"start":{"line":5,"column":1808},"end":{"line":5,"column":1869}},"type":"if","locations":[{"start":{"line":5,"column":1808},"end":{"line":5,"column":1869}},{"start":{"line":5,"column":1808},"end":{"line":5,"column":1869}}],"line":5},"20":{"loc":{"start":{"line":5,"column":2065},"end":{"line":5,"column":2250}},"type":"if","locations":[{"start":{"line":5,"column":2065},"end":{"line":5,"column":2250}},{"start":{"line":5,"column":2065},"end":{"line":5,"column":2250}}],"line":5},"21":{"loc":{"start":{"line":5,"column":2350},"end":{"line":5,"column":2434}},"type":"if","locations":[{"start":{"line":5,"column":2350},"end":{"line":5,"column":2434}},{"start":{"line":5,"column":2350},"end":{"line":5,"column":2434}}],"line":5},"22":{"loc":{"start":{"line":5,"column":2354},"end":{"line":5,"column":2418}},"type":"binary-expr","locations":[{"start":{"line":5,"column":2354},"end":{"line":5,"column":2358}},{"start":{"line":5,"column":2363},"end":{"line":5,"column":2387}},{"start":{"line":5,"column":2391},"end":{"line":5,"column":2417}}],"line":5},"23":{"loc":{"start":{"line":5,"column":2510},"end":{"line":5,"column":2619}},"type":"if","locations":[{"start":{"line":5,"column":2510},"end":{"line":5,"column":2619}},{"start":{"line":5,"column":2510},"end":{"line":5,"column":2619}}],"line":5},"24":{"loc":{"start":{"line":5,"column":2670},"end":{"line":5,"column":2741}},"type":"if","locations":[{"start":{"line":5,"column":2670},"end":{"line":5,"column":2741}},{"start":{"line":5,"column":2670},"end":{"line":5,"column":2741}}],"line":5},"25":{"loc":{"start":{"line":5,"column":2674},"end":{"line":5,"column":2726}},"type":"binary-expr","locations":[{"start":{"line":5,"column":2674},"end":{"line":5,"column":2704}},{"start":{"line":5,"column":2708},"end":{"line":5,"column":2726}}],"line":5},"26":{"loc":{"start":{"line":5,"column":2741},"end":{"line":5,"column":2782}},"type":"if","locations":[{"start":{"line":5,"column":2741},"end":{"line":5,"column":2782}},{"start":{"line":5,"column":2741},"end":{"line":5,"column":2782}}],"line":5},"27":{"loc":{"start":{"line":5,"column":2782},"end":{"line":5,"column":2827}},"type":"if","locations":[{"start":{"line":5,"column":2782},"end":{"line":5,"column":2827}},{"start":{"line":5,"column":2782},"end":{"line":5,"column":2827}}],"line":5},"28":{"loc":{"start":{"line":5,"column":2993},"end":{"line":5,"column":3118}},"type":"cond-expr","locations":[{"start":{"line":5,"column":3017},"end":{"line":5,"column":3038}},{"start":{"line":5,"column":3041},"end":{"line":5,"column":3118}}],"line":5},"29":{"loc":{"start":{"line":5,"column":3077},"end":{"line":5,"column":3116}},"type":"binary-expr","locations":[{"start":{"line":5,"column":3077},"end":{"line":5,"column":3088}},{"start":{"line":5,"column":3092},"end":{"line":5,"column":3116}}],"line":5},"30":{"loc":{"start":{"line":5,"column":3188},"end":{"line":5,"column":3325}},"type":"if","locations":[{"start":{"line":5,"column":3188},"end":{"line":5,"column":3325}},{"start":{"line":5,"column":3188},"end":{"line":5,"column":3325}}],"line":5},"31":{"loc":{"start":{"line":5,"column":3192},"end":{"line":5,"column":3247}},"type":"binary-expr","locations":[{"start":{"line":5,"column":3192},"end":{"line":5,"column":3224}},{"start":{"line":5,"column":3228},"end":{"line":5,"column":3247}}],"line":5},"32":{"loc":{"start":{"line":5,"column":3360},"end":{"line":5,"column":3394}},"type":"binary-expr","locations":[{"start":{"line":5,"column":3360},"end":{"line":5,"column":3370}},{"start":{"line":5,"column":3374},"end":{"line":5,"column":3394}}],"line":5},"33":{"loc":{"start":{"line":5,"column":3470},"end":{"line":5,"column":3524}},"type":"if","locations":[{"start":{"line":5,"column":3470},"end":{"line":5,"column":3524}},{"start":{"line":5,"column":3470},"end":{"line":5,"column":3524}}],"line":5},"34":{"loc":{"start":{"line":5,"column":3575},"end":{"line":5,"column":3658}},"type":"binary-expr","locations":[{"start":{"line":5,"column":3575},"end":{"line":5,"column":3596}},{"start":{"line":5,"column":3600},"end":{"line":5,"column":3658}}],"line":5},"35":{"loc":{"start":{"line":18,"column":8},"end":{"line":24,"column":218}},"type":"cond-expr","locations":[{"start":{"line":19,"column":8},"end":{"line":20,"column":236}},{"start":{"line":23,"column":8},"end":{"line":24,"column":218}}],"line":18}},"s":{"0":1,"1":1,"2":1,"3":1,"4":1,"5":1,"6":1,"7":1,"8":2,"9":1,"10":0,"11":1,"12":1,"13":0,"14":1,"15":1,"16":0,"17":1,"18":0,"19":1,"20":1,"21":0,"22":1,"23":1,"24":1,"25":28,"26":28,"27":28,"28":0,"29":28,"30":1,"31":1,"32":1,"33":1,"34":0,"35":0,"36":1,"37":1,"38":1,"39":1,"40":1,"41":1,"42":1,"43":1,"44":1,"45":1,"46":1,"47":0,"48":1,"49":1,"50":1,"51":0,"52":0,"53":0,"54":0,"55":0,"56":0,"57":0,"58":0,"59":0,"60":0,"61":0,"62":0,"63":1,"64":0,"65":1,"66":0,"67":1,"68":1,"69":0,"70":0,"71":0,"72":0,"73":0,"74":0,"75":0,"76":1,"77":0,"78":1,"79":1,"80":1,"81":1,"82":0,"83":0,"84":1,"85":1,"86":1,"87":1,"88":0,"89":0,"90":0,"91":0,"92":0,"93":0,"94":0,"95":0,"96":0,"97":0,"98":1,"99":0,"100":0,"101":0,"102":1,"103":1,"104":1,"105":1},"f":{"0":2,"1":1,"2":0,"3":1,"4":0,"5":1,"6":1,"7":1,"8":0,"9":0,"10":0,"11":1,"12":0,"13":0,"14":0,"15":1,"16":1,"17":0,"18":1,"19":0,"20":0,"21":0,"22":0},"b":{"0":[1,1],"1":[2,2],"2":[0,1],"3":[0,1],"4":[1,1],"5":[0,1],"6":[1,1,0],"7":[0,1],"8":[1,1],"9":[1,1],"10":[28,0],"11":[28,0],"12":[0,28],"13":[28,28,28],"14":[1,0],"15":[0,0],"16":[1,1],"17":[1,0],"18":[1,0],"19":[0,1],"20":[0,0],"21":[0,0],"22":[0,0,0],"23":[0,0],"24":[0,1],"25":[1,1],"26":[0,1],"27":[1,0],"28":[0,0],"29":[0,0],"30":[0,1],"31":[1,0],"32":[1,1],"33":[1,0],"34":[1,0],"35":[0,0]},"inputSourceMap":null,"_coverageSchema":"1a1c01bbd47fc00a2c39e90264f33305004495a9","hash":"593ab108aa56ddb329572cbbd0dc56b68ed9c72a"}
,"D:\\Darbai\\Ampps\\www\\Asmeniniai\\fastshop\\frontend\\src\\componentsAuth\\auth_categories\\Categories.js": {"path":"D:\\Darbai\\Ampps\\www\\Asmeniniai\\fastshop\\frontend\\src\\componentsAuth\\auth_categories\\Categories.js","statementMap":{"0":{"start":{"line":1,"column":13},"end":{"line":1,"column":75}},"1":{"start":{"line":1,"column":75},"end":{"line":1,"column":121}},"2":{"start":{"line":1,"column":134},"end":{"line":1,"column":175}},"3":{"start":{"line":2,"column":17},"end":{"line":2,"column":62}},"4":{"start":{"line":3,"column":19},"end":{"line":3,"column":42}},"5":{"start":{"line":4,"column":18},"end":{"line":4,"column":40}},"6":{"start":{"line":5,"column":23},"end":{"line":5,"column":69}},"7":{"start":{"line":6,"column":30},"end":{"line":6,"column":90}},"8":{"start":{"line":7,"column":23},"end":{"line":7,"column":50}},"9":{"start":{"line":8,"column":22},"end":{"line":8,"column":82}},"10":{"start":{"line":9,"column":24},"end":{"line":9,"column":86}},"11":{"start":{"line":10,"column":14},"end":{"line":10,"column":66}},"12":{"start":{"line":13,"column":20},"end":{"line":13,"column":69}},"13":{"start":{"line":14,"column":15},"end":{"line":14,"column":85}},"14":{"start":{"line":15,"column":20},"end":{"line":15,"column":95}},"15":{"start":{"line":16,"column":17},"end":{"line":16,"column":89}},"16":{"start":{"line":17,"column":17},"end":{"line":17,"column":89}},"17":{"start":{"line":18,"column":13},"end":{"line":18,"column":81}},"18":{"start":{"line":18,"column":101},"end":{"line":18,"column":210}},"19":{"start":{"line":18,"column":249},"end":{"line":18,"column":303}},"20":{"start":{"line":18,"column":341},"end":{"line":18,"column":388}},"21":{"start":{"line":18,"column":376},"end":{"line":18,"column":388}},"22":{"start":{"line":18,"column":400},"end":{"line":18,"column":413}},"23":{"start":{"line":18,"column":414},"end":{"line":18,"column":493}},"24":{"start":{"line":18,"column":478},"end":{"line":18,"column":491}},"25":{"start":{"line":18,"column":493},"end":{"line":18,"column":506}},"26":{"start":{"line":18,"column":546},"end":{"line":18,"column":586}},"27":{"start":{"line":18,"column":574},"end":{"line":18,"column":585}},"28":{"start":{"line":18,"column":586},"end":{"line":18,"column":686}},"29":{"start":{"line":18,"column":661},"end":{"line":18,"column":685}},"30":{"start":{"line":18,"column":698},"end":{"line":18,"column":724}},"31":{"start":{"line":18,"column":725},"end":{"line":18,"column":778}},"32":{"start":{"line":18,"column":755},"end":{"line":18,"column":777}},"33":{"start":{"line":18,"column":791},"end":{"line":18,"column":793}},"34":{"start":{"line":18,"column":822},"end":{"line":18,"column":878}},"35":{"start":{"line":18,"column":879},"end":{"line":18,"column":1150}},"36":{"start":{"line":18,"column":901},"end":{"line":18,"column":1149}},"37":{"start":{"line":18,"column":965},"end":{"line":18,"column":1037}},"38":{"start":{"line":18,"column":1038},"end":{"line":18,"column":1148}},"39":{"start":{"line":18,"column":1075},"end":{"line":18,"column":1116}},"40":{"start":{"line":18,"column":1124},"end":{"line":18,"column":1147}},"41":{"start":{"line":18,"column":1150},"end":{"line":18,"column":1171}},"42":{"start":{"line":18,"column":1171},"end":{"line":18,"column":1207}},"43":{"start":{"line":18,"column":1183},"end":{"line":18,"column":1206}},"44":{"start":{"line":18,"column":1207},"end":{"line":18,"column":1221}},"45":{"start":{"line":18,"column":1271},"end":{"line":18,"column":1370}},"46":{"start":{"line":18,"column":1312},"end":{"line":18,"column":1369}},"47":{"start":{"line":18,"column":1414},"end":{"line":18,"column":1679}},"48":{"start":{"line":18,"column":1427},"end":{"line":18,"column":1428}},"49":{"start":{"line":18,"column":1471},"end":{"line":18,"column":1479}},"50":{"start":{"line":18,"column":1480},"end":{"line":18,"column":1535}},"51":{"start":{"line":18,"column":1535},"end":{"line":18,"column":1566}},"52":{"start":{"line":18,"column":1566},"end":{"line":18,"column":1620}},"53":{"start":{"line":18,"column":1593},"end":{"line":18,"column":1620}},"54":{"start":{"line":18,"column":1620},"end":{"line":18,"column":1678}},"55":{"start":{"line":18,"column":1741},"end":{"line":18,"column":1810}},"56":{"start":{"line":18,"column":1757},"end":{"line":18,"column":1810}},"57":{"start":{"line":18,"column":1810},"end":{"line":18,"column":1871}},"58":{"start":{"line":18,"column":1827},"end":{"line":18,"column":1871}},"59":{"start":{"line":18,"column":1871},"end":{"line":18,"column":1890}},"60":{"start":{"line":18,"column":1955},"end":{"line":18,"column":1982}},"61":{"start":{"line":18,"column":1983},"end":{"line":18,"column":2302}},"62":{"start":{"line":18,"column":2035},"end":{"line":18,"column":2059}},"63":{"start":{"line":18,"column":2067},"end":{"line":18,"column":2252}},"64":{"start":{"line":18,"column":2115},"end":{"line":18,"column":2148}},"65":{"start":{"line":18,"column":2149},"end":{"line":18,"column":2205}},"66":{"start":{"line":18,"column":2213},"end":{"line":18,"column":2251}},"67":{"start":{"line":18,"column":2252},"end":{"line":18,"column":2300}},"68":{"start":{"line":18,"column":2352},"end":{"line":18,"column":2436}},"69":{"start":{"line":18,"column":2423},"end":{"line":18,"column":2435}},"70":{"start":{"line":18,"column":2436},"end":{"line":18,"column":2472}},"71":{"start":{"line":18,"column":2512},"end":{"line":18,"column":2621}},"72":{"start":{"line":18,"column":2534},"end":{"line":18,"column":2620}},"73":{"start":{"line":18,"column":2621},"end":{"line":18,"column":2633}},"74":{"start":{"line":18,"column":2672},"end":{"line":18,"column":2743}},"75":{"start":{"line":18,"column":2730},"end":{"line":18,"column":2743}},"76":{"start":{"line":18,"column":2743},"end":{"line":18,"column":2784}},"77":{"start":{"line":18,"column":2771},"end":{"line":18,"column":2784}},"78":{"start":{"line":18,"column":2784},"end":{"line":18,"column":2829}},"79":{"start":{"line":18,"column":2817},"end":{"line":18,"column":2829}},"80":{"start":{"line":18,"column":2829},"end":{"line":18,"column":2947}},"81":{"start":{"line":18,"column":2834},"end":{"line":18,"column":2908}},"82":{"start":{"line":18,"column":2908},"end":{"line":18,"column":2920}},"83":{"start":{"line":18,"column":2933},"end":{"line":18,"column":2946}},"84":{"start":{"line":18,"column":2977},"end":{"line":18,"column":3121}},"85":{"start":{"line":18,"column":3072},"end":{"line":18,"column":3119}},"86":{"start":{"line":18,"column":3121},"end":{"line":18,"column":3147}},"87":{"start":{"line":18,"column":3190},"end":{"line":18,"column":3327}},"88":{"start":{"line":18,"column":3252},"end":{"line":18,"column":3326}},"89":{"start":{"line":18,"column":3327},"end":{"line":18,"column":3472}},"90":{"start":{"line":18,"column":3472},"end":{"line":18,"column":3526}},"91":{"start":{"line":18,"column":3488},"end":{"line":18,"column":3526}},"92":{"start":{"line":18,"column":3559},"end":{"line":18,"column":3661}},"93":{"start":{"line":18,"column":3634},"end":{"line":18,"column":3650}},"94":{"start":{"line":18,"column":3650},"end":{"line":18,"column":3659}},"95":{"start":{"line":18,"column":3661},"end":{"line":18,"column":3690}},"96":{"start":{"line":20,"column":13},"end":{"line":207,"column":164}},"97":{"start":{"line":20,"column":36},"end":{"line":20,"column":70}},"98":{"start":{"line":20,"column":83},"end":{"line":20,"column":107}},"99":{"start":{"line":20,"column":141},"end":{"line":20,"column":175}},"100":{"start":{"line":20,"column":175},"end":{"line":20,"column":295}},"101":{"start":{"line":20,"column":191},"end":{"line":20,"column":207}},"102":{"start":{"line":20,"column":216},"end":{"line":20,"column":231}},"103":{"start":{"line":20,"column":240},"end":{"line":20,"column":241}},"104":{"start":{"line":20,"column":265},"end":{"line":20,"column":294}},"105":{"start":{"line":20,"column":295},"end":{"line":20,"column":350}},"106":{"start":{"line":20,"column":350},"end":{"line":32,"column":24}},"107":{"start":{"line":32,"column":24},"end":{"line":47,"column":6}},"108":{"start":{"line":46,"column":6},"end":{"line":46,"column":127}},"109":{"start":{"line":47,"column":6},"end":{"line":51,"column":6}},"110":{"start":{"line":50,"column":6},"end":{"line":50,"column":55}},"111":{"start":{"line":51,"column":6},"end":{"line":55,"column":6}},"112":{"start":{"line":54,"column":6},"end":{"line":54,"column":39}},"113":{"start":{"line":55,"column":6},"end":{"line":59,"column":6}},"114":{"start":{"line":58,"column":6},"end":{"line":58,"column":39}},"115":{"start":{"line":59,"column":6},"end":{"line":68,"column":6}},"116":{"start":{"line":62,"column":6},"end":{"line":66,"column":33}},"117":{"start":{"line":68,"column":6},"end":{"line":84,"column":6}},"118":{"start":{"line":71,"column":20},"end":{"line":72,"column":23}},"119":{"start":{"line":74,"column":6},"end":{"line":74,"column":42}},"120":{"start":{"line":75,"column":6},"end":{"line":83,"column":9}},"121":{"start":{"line":76,"column":8},"end":{"line":82,"column":9}},"122":{"start":{"line":77,"column":10},"end":{"line":78,"column":35}},"123":{"start":{"line":81,"column":10},"end":{"line":81,"column":46}},"124":{"start":{"line":84,"column":6},"end":{"line":114,"column":6}},"125":{"start":{"line":87,"column":27},"end":{"line":87,"column":55}},"126":{"start":{"line":88,"column":21},"end":{"line":88,"column":74}},"127":{"start":{"line":89,"column":20},"end":{"line":89,"column":107}},"128":{"start":{"line":90,"column":19},"end":{"line":90,"column":87}},"129":{"start":{"line":92,"column":6},"end":{"line":98,"column":7}},"130":{"start":{"line":93,"column":8},"end":{"line":93,"column":99}},"131":{"start":{"line":94,"column":13},"end":{"line":98,"column":7}},"132":{"start":{"line":95,"column":8},"end":{"line":95,"column":104}},"133":{"start":{"line":97,"column":8},"end":{"line":97,"column":86}},"134":{"start":{"line":99,"column":6},"end":{"line":108,"column":7}},"135":{"start":{"line":100,"column":8},"end":{"line":105,"column":9}},"136":{"start":{"line":102,"column":10},"end":{"line":102,"column":71}},"137":{"start":{"line":104,"column":10},"end":{"line":104,"column":53}},"138":{"start":{"line":107,"column":8},"end":{"line":107,"column":51}},"139":{"start":{"line":110,"column":6},"end":{"line":113,"column":7}},"140":{"start":{"line":111,"column":8},"end":{"line":111,"column":29}},"141":{"start":{"line":112,"column":8},"end":{"line":112,"column":27}},"142":{"start":{"line":114,"column":6},"end":{"line":125,"column":155}},"143":{"start":{"line":116,"column":48},"end":{"line":125,"column":153}},"144":{"start":{"line":116,"column":109},"end":{"line":125,"column":123}},"145":{"start":{"line":116,"column":120},"end":{"line":125,"column":122}},"146":{"start":{"line":117,"column":14},"end":{"line":121,"column":35}},"147":{"start":{"line":121,"column":35},"end":{"line":121,"column":53}},"148":{"start":{"line":121,"column":53},"end":{"line":123,"column":66}},"149":{"start":{"line":124,"column":14},"end":{"line":124,"column":42}},"150":{"start":{"line":125,"column":14},"end":{"line":125,"column":80}},"151":{"start":{"line":125,"column":98},"end":{"line":125,"column":121}},"152":{"start":{"line":125,"column":155},"end":{"line":140,"column":6}},"153":{"start":{"line":130,"column":6},"end":{"line":138,"column":34}},"154":{"start":{"line":140,"column":6},"end":{"line":140,"column":19}},"155":{"start":{"line":140,"column":20},"end":{"line":207,"column":127}},"156":{"start":{"line":140,"column":127},"end":{"line":140,"column":165}},"157":{"start":{"line":140,"column":235},"end":{"line":140,"column":262}},"158":{"start":{"line":142,"column":18},"end":{"line":142,"column":22}},"159":{"start":{"line":143,"column":6},"end":{"line":145,"column":7}},"160":{"start":{"line":144,"column":8},"end":{"line":144,"column":161}},"161":{"start":{"line":146,"column":6},"end":{"line":198,"column":304}},"162":{"start":{"line":156,"column":35},"end":{"line":156,"column":84}},"163":{"start":{"line":176,"column":85},"end":{"line":176,"column":130}},"164":{"start":{"line":180,"column":210},"end":{"line":180,"column":234}},"165":{"start":{"line":180,"column":287},"end":{"line":180,"column":296}},"166":{"start":{"line":180,"column":297},"end":{"line":198,"column":210}},"167":{"start":{"line":190,"column":53},"end":{"line":190,"column":79}},"168":{"start":{"line":191,"column":65},"end":{"line":191,"column":103}},"169":{"start":{"line":192,"column":63},"end":{"line":192,"column":97}},"170":{"start":{"line":193,"column":61},"end":{"line":193,"column":97}},"171":{"start":{"line":194,"column":59},"end":{"line":194,"column":94}},"172":{"start":{"line":195,"column":53},"end":{"line":195,"column":81}},"173":{"start":{"line":197,"column":68},"end":{"line":197,"column":105}},"174":{"start":{"line":198,"column":72},"end":{"line":198,"column":115}},"175":{"start":{"line":207,"column":95},"end":{"line":207,"column":121}},"176":{"start":{"line":207,"column":127},"end":{"line":207,"column":145}},"177":{"start":{"line":207,"column":165},"end":{"line":207,"column":197}},"178":{"start":{"line":210,"column":0},"end":{"line":215,"column":40}},"179":{"start":{"line":219,"column":22},"end":{"line":222,"column":37}},"180":{"start":{"line":219,"column":55},"end":{"line":222,"column":36}},"181":{"start":{"line":225,"column":0},"end":{"line":225,"column":236}},"182":{"start":{"line":225,"column":237},"end":{"line":225,"column":264}}},"fnMap":{"0":{"name":"_interopRequireDefault","decl":{"start":{"line":18,"column":220},"end":{"line":18,"column":242}},"loc":{"start":{"line":18,"column":248},"end":{"line":18,"column":304}},"line":18},"1":{"name":"_getRequireWildcardCache","decl":{"start":{"line":18,"column":313},"end":{"line":18,"column":337}},"loc":{"start":{"line":18,"column":340},"end":{"line":18,"column":507}},"line":18},"2":{"name":"_getRequireWildcardCache","decl":{"start":{"line":18,"column":450},"end":{"line":18,"column":474}},"loc":{"start":{"line":18,"column":477},"end":{"line":18,"column":492}},"line":18},"3":{"name":"_interopRequireWildcard","decl":{"start":{"line":18,"column":516},"end":{"line":18,"column":539}},"loc":{"start":{"line":18,"column":545},"end":{"line":18,"column":1222}},"line":18},"4":{"name":"_classCallCheck","decl":{"start":{"line":18,"column":1231},"end":{"line":18,"column":1246}},"loc":{"start":{"line":18,"column":1270},"end":{"line":18,"column":1371}},"line":18},"5":{"name":"_defineProperties","decl":{"start":{"line":18,"column":1380},"end":{"line":18,"column":1397}},"loc":{"start":{"line":18,"column":1413},"end":{"line":18,"column":1680}},"line":18},"6":{"name":"_createClass","decl":{"start":{"line":18,"column":1689},"end":{"line":18,"column":1701}},"loc":{"start":{"line":18,"column":1740},"end":{"line":18,"column":1891}},"line":18},"7":{"name":"_createSuper","decl":{"start":{"line":18,"column":1900},"end":{"line":18,"column":1912}},"loc":{"start":{"line":18,"column":1922},"end":{"line":18,"column":2303}},"line":18},"8":{"name":"_createSuperInternal","decl":{"start":{"line":18,"column":1999},"end":{"line":18,"column":2019}},"loc":{"start":{"line":18,"column":2022},"end":{"line":18,"column":2301}},"line":18},"9":{"name":"_possibleConstructorReturn","decl":{"start":{"line":18,"column":2312},"end":{"line":18,"column":2338}},"loc":{"start":{"line":18,"column":2351},"end":{"line":18,"column":2473}},"line":18},"10":{"name":"_assertThisInitialized","decl":{"start":{"line":18,"column":2482},"end":{"line":18,"column":2504}},"loc":{"start":{"line":18,"column":2511},"end":{"line":18,"column":2634}},"line":18},"11":{"name":"_isNativeReflectConstruct","decl":{"start":{"line":18,"column":2643},"end":{"line":18,"column":2668}},"loc":{"start":{"line":18,"column":2671},"end":{"line":18,"column":2948}},"line":18},"12":{"name":"(anonymous_12)","decl":{"start":{"line":18,"column":2891},"end":{"line":18,"column":2892}},"loc":{"start":{"line":18,"column":2903},"end":{"line":18,"column":2905}},"line":18},"13":{"name":"_getPrototypeOf","decl":{"start":{"line":18,"column":2957},"end":{"line":18,"column":2972}},"loc":{"start":{"line":18,"column":2976},"end":{"line":18,"column":3148}},"line":18},"14":{"name":"_getPrototypeOf","decl":{"start":{"line":18,"column":3052},"end":{"line":18,"column":3067}},"loc":{"start":{"line":18,"column":3071},"end":{"line":18,"column":3120}},"line":18},"15":{"name":"_inherits","decl":{"start":{"line":18,"column":3157},"end":{"line":18,"column":3166}},"loc":{"start":{"line":18,"column":3189},"end":{"line":18,"column":3527}},"line":18},"16":{"name":"_setPrototypeOf","decl":{"start":{"line":18,"column":3536},"end":{"line":18,"column":3551}},"loc":{"start":{"line":18,"column":3558},"end":{"line":18,"column":3691}},"line":18},"17":{"name":"_setPrototypeOf","decl":{"start":{"line":18,"column":3611},"end":{"line":18,"column":3626}},"loc":{"start":{"line":18,"column":3633},"end":{"line":18,"column":3660}},"line":18},"18":{"name":"(anonymous_18)","decl":{"start":{"line":20,"column":13},"end":{"line":20,"column":14}},"loc":{"start":{"line":20,"column":35},"end":{"line":207,"column":146}},"line":20},"19":{"name":"Categories","decl":{"start":{"line":20,"column":117},"end":{"line":20,"column":127}},"loc":{"start":{"line":20,"column":130},"end":{"line":140,"column":20}},"line":20},"20":{"name":"(anonymous_20)","decl":{"start":{"line":45,"column":24},"end":{"line":45,"column":25}},"loc":{"start":{"line":45,"column":40},"end":{"line":47,"column":5}},"line":45},"21":{"name":"(anonymous_21)","decl":{"start":{"line":49,"column":21},"end":{"line":49,"column":22}},"loc":{"start":{"line":49,"column":33},"end":{"line":51,"column":5}},"line":49},"22":{"name":"(anonymous_22)","decl":{"start":{"line":53,"column":20},"end":{"line":53,"column":21}},"loc":{"start":{"line":53,"column":34},"end":{"line":55,"column":5}},"line":53},"23":{"name":"(anonymous_23)","decl":{"start":{"line":57,"column":19},"end":{"line":57,"column":20}},"loc":{"start":{"line":57,"column":31},"end":{"line":59,"column":5}},"line":57},"24":{"name":"(anonymous_24)","decl":{"start":{"line":61,"column":22},"end":{"line":61,"column":23}},"loc":{"start":{"line":61,"column":38},"end":{"line":68,"column":5}},"line":61},"25":{"name":"(anonymous_25)","decl":{"start":{"line":70,"column":18},"end":{"line":70,"column":19}},"loc":{"start":{"line":70,"column":30},"end":{"line":84,"column":5}},"line":70},"26":{"name":"(anonymous_26)","decl":{"start":{"line":75,"column":66},"end":{"line":75,"column":67}},"loc":{"start":{"line":75,"column":86},"end":{"line":83,"column":7}},"line":75},"27":{"name":"(anonymous_27)","decl":{"start":{"line":86,"column":21},"end":{"line":86,"column":22}},"loc":{"start":{"line":86,"column":33},"end":{"line":114,"column":5}},"line":86},"28":{"name":"_callee","decl":{"start":{"line":116,"column":28},"end":{"line":116,"column":35}},"loc":{"start":{"line":116,"column":38},"end":{"line":125,"column":154}},"line":116},"29":{"name":"_callee$","decl":{"start":{"line":116,"column":89},"end":{"line":116,"column":97}},"loc":{"start":{"line":116,"column":108},"end":{"line":125,"column":124}},"line":116},"30":{"name":"(anonymous_30)","decl":{"start":{"line":129,"column":17},"end":{"line":129,"column":18}},"loc":{"start":{"line":129,"column":29},"end":{"line":140,"column":5}},"line":129},"31":{"name":"componentDidCatch","decl":{"start":{"line":140,"column":90},"end":{"line":140,"column":107}},"loc":{"start":{"line":140,"column":126},"end":{"line":140,"column":166}},"line":140},"32":{"name":"componentDidMount","decl":{"start":{"line":140,"column":214},"end":{"line":140,"column":231}},"loc":{"start":{"line":140,"column":234},"end":{"line":140,"column":263}},"line":140},"33":{"name":"render","decl":{"start":{"line":140,"column":300},"end":{"line":140,"column":306}},"loc":{"start":{"line":142,"column":4},"end":{"line":207,"column":5}},"line":142},"34":{"name":"close","decl":{"start":{"line":156,"column":26},"end":{"line":156,"column":31}},"loc":{"start":{"line":156,"column":34},"end":{"line":156,"column":85}},"line":156},"35":{"name":"func","decl":{"start":{"line":176,"column":77},"end":{"line":176,"column":81}},"loc":{"start":{"line":176,"column":84},"end":{"line":176,"column":131}},"line":176},"36":{"name":"keyExtractor","decl":{"start":{"line":180,"column":183},"end":{"line":180,"column":195}},"loc":{"start":{"line":180,"column":209},"end":{"line":180,"column":235}},"line":180},"37":{"name":"renderItem","decl":{"start":{"line":180,"column":258},"end":{"line":180,"column":268}},"loc":{"start":{"line":180,"column":275},"end":{"line":198,"column":211}},"line":180},"38":{"name":"changeImage","decl":{"start":{"line":190,"column":38},"end":{"line":190,"column":49}},"loc":{"start":{"line":190,"column":52},"end":{"line":190,"column":80}},"line":190},"39":{"name":"goToSubcategories","decl":{"start":{"line":191,"column":44},"end":{"line":191,"column":61}},"loc":{"start":{"line":191,"column":64},"end":{"line":191,"column":104}},"line":191},"40":{"name":"deleteCategory","decl":{"start":{"line":192,"column":41},"end":{"line":192,"column":55}},"loc":{"start":{"line":192,"column":62},"end":{"line":192,"column":98}},"line":192},"41":{"name":"triggerEditFunc","decl":{"start":{"line":193,"column":42},"end":{"line":193,"column":57}},"loc":{"start":{"line":193,"column":60},"end":{"line":193,"column":98}},"line":193},"42":{"name":"validateSubmit","decl":{"start":{"line":194,"column":41},"end":{"line":194,"column":55}},"loc":{"start":{"line":194,"column":58},"end":{"line":194,"column":95}},"line":194},"43":{"name":"changeImage","decl":{"start":{"line":195,"column":38},"end":{"line":195,"column":49}},"loc":{"start":{"line":195,"column":52},"end":{"line":195,"column":82}},"line":195},"44":{"name":"onChangeNameText","decl":{"start":{"line":197,"column":43},"end":{"line":197,"column":59}},"loc":{"start":{"line":197,"column":67},"end":{"line":197,"column":106}},"line":197},"45":{"name":"onChangeBackground","decl":{"start":{"line":198,"column":45},"end":{"line":198,"column":63}},"loc":{"start":{"line":198,"column":71},"end":{"line":198,"column":116}},"line":198},"46":{"name":"getDerivedStateFromError","decl":{"start":{"line":207,"column":62},"end":{"line":207,"column":86}},"loc":{"start":{"line":207,"column":94},"end":{"line":207,"column":122}},"line":207},"47":{"name":"mapStateToProps","decl":{"start":{"line":219,"column":31},"end":{"line":219,"column":46}},"loc":{"start":{"line":219,"column":54},"end":{"line":222,"column":37}},"line":219}},"branchMap":{"0":{"loc":{"start":{"line":18,"column":256},"end":{"line":18,"column":302}},"type":"cond-expr","locations":[{"start":{"line":18,"column":280},"end":{"line":18,"column":283}},{"start":{"line":18,"column":286},"end":{"line":18,"column":302}}],"line":18},"1":{"loc":{"start":{"line":18,"column":256},"end":{"line":18,"column":277}},"type":"binary-expr","locations":[{"start":{"line":18,"column":256},"end":{"line":18,"column":259}},{"start":{"line":18,"column":263},"end":{"line":18,"column":277}}],"line":18},"2":{"loc":{"start":{"line":18,"column":341},"end":{"line":18,"column":388}},"type":"if","locations":[{"start":{"line":18,"column":341},"end":{"line":18,"column":388}},{"start":{"line":18,"column":341},"end":{"line":18,"column":388}}],"line":18},"3":{"loc":{"start":{"line":18,"column":546},"end":{"line":18,"column":586}},"type":"if","locations":[{"start":{"line":18,"column":546},"end":{"line":18,"column":586}},{"start":{"line":18,"column":546},"end":{"line":18,"column":586}}],"line":18},"4":{"loc":{"start":{"line":18,"column":550},"end":{"line":18,"column":571}},"type":"binary-expr","locations":[{"start":{"line":18,"column":550},"end":{"line":18,"column":553}},{"start":{"line":18,"column":557},"end":{"line":18,"column":571}}],"line":18},"5":{"loc":{"start":{"line":18,"column":586},"end":{"line":18,"column":686}},"type":"if","locations":[{"start":{"line":18,"column":586},"end":{"line":18,"column":686}},{"start":{"line":18,"column":586},"end":{"line":18,"column":686}}],"line":18},"6":{"loc":{"start":{"line":18,"column":590},"end":{"line":18,"column":658}},"type":"binary-expr","locations":[{"start":{"line":18,"column":590},"end":{"line":18,"column":602}},{"start":{"line":18,"column":606},"end":{"line":18,"column":629}},{"start":{"line":18,"column":633},"end":{"line":18,"column":658}}],"line":18},"7":{"loc":{"start":{"line":18,"column":725},"end":{"line":18,"column":778}},"type":"if","locations":[{"start":{"line":18,"column":725},"end":{"line":18,"column":778}},{"start":{"line":18,"column":725},"end":{"line":18,"column":778}}],"line":18},"8":{"loc":{"start":{"line":18,"column":729},"end":{"line":18,"column":752}},"type":"binary-expr","locations":[{"start":{"line":18,"column":729},"end":{"line":18,"column":734}},{"start":{"line":18,"column":738},"end":{"line":18,"column":752}}],"line":18},"9":{"loc":{"start":{"line":18,"column":822},"end":{"line":18,"column":878}},"type":"binary-expr","locations":[{"start":{"line":18,"column":822},"end":{"line":18,"column":843}},{"start":{"line":18,"column":847},"end":{"line":18,"column":878}}],"line":18},"10":{"loc":{"start":{"line":18,"column":901},"end":{"line":18,"column":1149}},"type":"if","locations":[{"start":{"line":18,"column":901},"end":{"line":18,"column":1149}},{"start":{"line":18,"column":901},"end":{"line":18,"column":1149}}],"line":18},"11":{"loc":{"start":{"line":18,"column":965},"end":{"line":18,"column":1037}},"type":"cond-expr","locations":[{"start":{"line":18,"column":989},"end":{"line":18,"column":1030}},{"start":{"line":18,"column":1033},"end":{"line":18,"column":1037}}],"line":18},"12":{"loc":{"start":{"line":18,"column":1038},"end":{"line":18,"column":1148}},"type":"if","locations":[{"start":{"line":18,"column":1038},"end":{"line":18,"column":1148}},{"start":{"line":18,"column":1038},"end":{"line":18,"column":1148}}],"line":18},"13":{"loc":{"start":{"line":18,"column":1042},"end":{"line":18,"column":1072}},"type":"binary-expr","locations":[{"start":{"line":18,"column":1042},"end":{"line":18,"column":1046}},{"start":{"line":18,"column":1051},"end":{"line":18,"column":1059}},{"start":{"line":18,"column":1063},"end":{"line":18,"column":1071}}],"line":18},"14":{"loc":{"start":{"line":18,"column":1171},"end":{"line":18,"column":1207}},"type":"if","locations":[{"start":{"line":18,"column":1171},"end":{"line":18,"column":1207}},{"start":{"line":18,"column":1171},"end":{"line":18,"column":1207}}],"line":18},"15":{"loc":{"start":{"line":18,"column":1271},"end":{"line":18,"column":1370}},"type":"if","locations":[{"start":{"line":18,"column":1271},"end":{"line":18,"column":1370}},{"start":{"line":18,"column":1271},"end":{"line":18,"column":1370}}],"line":18},"16":{"loc":{"start":{"line":18,"column":1504},"end":{"line":18,"column":1534}},"type":"binary-expr","locations":[{"start":{"line":18,"column":1504},"end":{"line":18,"column":1525}},{"start":{"line":18,"column":1529},"end":{"line":18,"column":1534}}],"line":18},"17":{"loc":{"start":{"line":18,"column":1566},"end":{"line":18,"column":1620}},"type":"if","locations":[{"start":{"line":18,"column":1566},"end":{"line":18,"column":1620}},{"start":{"line":18,"column":1566},"end":{"line":18,"column":1620}}],"line":18},"18":{"loc":{"start":{"line":18,"column":1741},"end":{"line":18,"column":1810}},"type":"if","locations":[{"start":{"line":18,"column":1741},"end":{"line":18,"column":1810}},{"start":{"line":18,"column":1741},"end":{"line":18,"column":1810}}],"line":18},"19":{"loc":{"start":{"line":18,"column":1810},"end":{"line":18,"column":1871}},"type":"if","locations":[{"start":{"line":18,"column":1810},"end":{"line":18,"column":1871}},{"start":{"line":18,"column":1810},"end":{"line":18,"column":1871}}],"line":18},"20":{"loc":{"start":{"line":18,"column":2067},"end":{"line":18,"column":2252}},"type":"if","locations":[{"start":{"line":18,"column":2067},"end":{"line":18,"column":2252}},{"start":{"line":18,"column":2067},"end":{"line":18,"column":2252}}],"line":18},"21":{"loc":{"start":{"line":18,"column":2352},"end":{"line":18,"column":2436}},"type":"if","locations":[{"start":{"line":18,"column":2352},"end":{"line":18,"column":2436}},{"start":{"line":18,"column":2352},"end":{"line":18,"column":2436}}],"line":18},"22":{"loc":{"start":{"line":18,"column":2356},"end":{"line":18,"column":2420}},"type":"binary-expr","locations":[{"start":{"line":18,"column":2356},"end":{"line":18,"column":2360}},{"start":{"line":18,"column":2365},"end":{"line":18,"column":2389}},{"start":{"line":18,"column":2393},"end":{"line":18,"column":2419}}],"line":18},"23":{"loc":{"start":{"line":18,"column":2512},"end":{"line":18,"column":2621}},"type":"if","locations":[{"start":{"line":18,"column":2512},"end":{"line":18,"column":2621}},{"start":{"line":18,"column":2512},"end":{"line":18,"column":2621}}],"line":18},"24":{"loc":{"start":{"line":18,"column":2672},"end":{"line":18,"column":2743}},"type":"if","locations":[{"start":{"line":18,"column":2672},"end":{"line":18,"column":2743}},{"start":{"line":18,"column":2672},"end":{"line":18,"column":2743}}],"line":18},"25":{"loc":{"start":{"line":18,"column":2676},"end":{"line":18,"column":2728}},"type":"binary-expr","locations":[{"start":{"line":18,"column":2676},"end":{"line":18,"column":2706}},{"start":{"line":18,"column":2710},"end":{"line":18,"column":2728}}],"line":18},"26":{"loc":{"start":{"line":18,"column":2743},"end":{"line":18,"column":2784}},"type":"if","locations":[{"start":{"line":18,"column":2743},"end":{"line":18,"column":2784}},{"start":{"line":18,"column":2743},"end":{"line":18,"column":2784}}],"line":18},"27":{"loc":{"start":{"line":18,"column":2784},"end":{"line":18,"column":2829}},"type":"if","locations":[{"start":{"line":18,"column":2784},"end":{"line":18,"column":2829}},{"start":{"line":18,"column":2784},"end":{"line":18,"column":2829}}],"line":18},"28":{"loc":{"start":{"line":18,"column":2995},"end":{"line":18,"column":3120}},"type":"cond-expr","locations":[{"start":{"line":18,"column":3019},"end":{"line":18,"column":3040}},{"start":{"line":18,"column":3043},"end":{"line":18,"column":3120}}],"line":18},"29":{"loc":{"start":{"line":18,"column":3079},"end":{"line":18,"column":3118}},"type":"binary-expr","locations":[{"start":{"line":18,"column":3079},"end":{"line":18,"column":3090}},{"start":{"line":18,"column":3094},"end":{"line":18,"column":3118}}],"line":18},"30":{"loc":{"start":{"line":18,"column":3190},"end":{"line":18,"column":3327}},"type":"if","locations":[{"start":{"line":18,"column":3190},"end":{"line":18,"column":3327}},{"start":{"line":18,"column":3190},"end":{"line":18,"column":3327}}],"line":18},"31":{"loc":{"start":{"line":18,"column":3194},"end":{"line":18,"column":3249}},"type":"binary-expr","locations":[{"start":{"line":18,"column":3194},"end":{"line":18,"column":3226}},{"start":{"line":18,"column":3230},"end":{"line":18,"column":3249}}],"line":18},"32":{"loc":{"start":{"line":18,"column":3362},"end":{"line":18,"column":3396}},"type":"binary-expr","locations":[{"start":{"line":18,"column":3362},"end":{"line":18,"column":3372}},{"start":{"line":18,"column":3376},"end":{"line":18,"column":3396}}],"line":18},"33":{"loc":{"start":{"line":18,"column":3472},"end":{"line":18,"column":3526}},"type":"if","locations":[{"start":{"line":18,"column":3472},"end":{"line":18,"column":3526}},{"start":{"line":18,"column":3472},"end":{"line":18,"column":3526}}],"line":18},"34":{"loc":{"start":{"line":18,"column":3577},"end":{"line":18,"column":3660}},"type":"binary-expr","locations":[{"start":{"line":18,"column":3577},"end":{"line":18,"column":3598}},{"start":{"line":18,"column":3602},"end":{"line":18,"column":3660}}],"line":18},"35":{"loc":{"start":{"line":76,"column":8},"end":{"
[...]
n":502},"end":{"line":2,"column":874}},{"start":{"line":2,"column":502},"end":{"line":2,"column":874}}],"line":2},"4":{"loc":{"start":{"line":2,"column":620},"end":{"line":2,"column":874}},"type":"if","locations":[{"start":{"line":2,"column":620},"end":{"line":2,"column":874}},{"start":{"line":2,"column":620},"end":{"line":2,"column":874}}],"line":2},"5":{"loc":{"start":{"line":2,"column":933},"end":{"line":2,"column":1080}},"type":"if","locations":[{"start":{"line":2,"column":933},"end":{"line":2,"column":1080}},{"start":{"line":2,"column":933},"end":{"line":2,"column":1080}}],"line":2},"6":{"loc":{"start":{"line":15,"column":33},"end":{"line":15,"column":113}},"type":"cond-expr","locations":[{"start":{"line":15,"column":86},"end":{"line":15,"column":98}},{"start":{"line":15,"column":101},"end":{"line":15,"column":113}}],"line":15},"7":{"loc":{"start":{"line":15,"column":33},"end":{"line":15,"column":83}},"type":"binary-expr","locations":[{"start":{"line":15,"column":33},"end":{"line":15,"column":53}},{"start":{"line":15,"column":57},"end":{"line":15,"column":83}}],"line":15},"8":{"loc":{"start":{"line":15,"column":127},"end":{"line":15,"column":174}},"type":"cond-expr","locations":[{"start":{"line":15,"column":150},"end":{"line":15,"column":162}},{"start":{"line":15,"column":165},"end":{"line":15,"column":174}}],"line":15},"9":{"loc":{"start":{"line":16,"column":2},"end":{"line":121,"column":20}},"type":"switch","locations":[{"start":{"line":17,"column":4},"end":{"line":22,"column":31}},{"start":{"line":24,"column":4},"end":{"line":32,"column":37}},{"start":{"line":34,"column":4},"end":{"line":39,"column":43}},{"start":{"line":41,"column":4},"end":{"line":46,"column":37}},{"start":{"line":48,"column":4},"end":{"line":52,"column":31}},{"start":{"line":54,"column":4},"end":{"line":59,"column":31}},{"start":{"line":61,"column":4},"end":{"line":65,"column":35}},{"start":{"line":67,"column":4},"end":{"line":72,"column":29}},{"start":{"line":74,"column":4},"end":{"line":80,"column":29}},{"start":{"line":82,"column":4},"end":{"line":86,"column":30}},{"start":{"line":88,"column":4},"end":{"line":92,"column":31}},{"start":{"line":94,"column":4},"end":{"line":101,"column":31}},{"start":{"line":103,"column":4},"end":{"line":107,"column":31}},{"start":{"line":109,"column":4},"end":{"line":113,"column":30}},{"start":{"line":115,"column":4},"end":{"line":118,"column":30}},{"start":{"line":120,"column":4},"end":{"line":121,"column":19}}],"line":16}},"s":{"0":1,"1":1,"2":1,"3":1,"4":0,"5":0,"6":0,"7":0,"8":0,"9":0,"10":0,"11":0,"12":0,"13":0,"14":0,"15":0,"16":0,"17":0,"18":0,"19":0,"20":0,"21":0,"22":0,"23":0,"24":0,"25":0,"26":0,"27":1,"28":5,"29":5,"30":5,"31":0,"32":0,"33":0,"34":0,"35":0,"36":0,"37":0,"38":0,"39":0,"40":0,"41":0,"42":0,"43":0,"44":0,"45":0,"46":0,"47":0,"48":0,"49":5},"f":{"0":0,"1":0,"2":0,"3":0,"4":0,"5":0,"6":5,"7":0,"8":0},"b":{"0":[0,0],"1":[0,0],"2":[0,0],"3":[0,0],"4":[0,0],"5":[0,0],"6":[2,3],"7":[5,5],"8":[5,0],"9":[0,0,0,0,0,0,0,0,0,0,0,0,0,0,0,5]},"inputSourceMap":null,"_coverageSchema":"1a1c01bbd47fc00a2c39e90264f33305004495a9","hash":"9af825ce20904efdf41cc24b46cf396d2f25be76"}
,"D:\\Darbai\\Ampps\\www\\Asmeniniai\\fastshop\\frontend\\src\\redux\\reducers\\subcategoriesReducer.js": {"path":"D:\\Darbai\\Ampps\\www\\Asmeniniai\\fastshop\\frontend\\src\\redux\\reducers\\subcategoriesReducer.js","statementMap":{"0":{"start":{"line":1,"column":13},"end":{"line":1,"column":75}},"1":{"start":{"line":1,"column":75},"end":{"line":1,"column":102}},"2":{"start":{"line":1,"column":121},"end":{"line":1,"column":144}},"3":{"start":{"line":2,"column":13},"end":{"line":2,"column":40}},"4":{"start":{"line":2,"column":94},"end":{"line":2,"column":113}},"5":{"start":{"line":2,"column":114},"end":{"line":2,"column":359}},"6":{"start":{"line":2,"column":163},"end":{"line":2,"column":199}},"7":{"start":{"line":2,"column":200},"end":{"line":2,"column":327}},"8":{"start":{"line":2,"column":220},"end":{"line":2,"column":327}},"9":{"start":{"line":2,"column":261},"end":{"line":2,"column":324}},"10":{"start":{"line":2,"column":327},"end":{"line":2,"column":358}},"11":{"start":{"line":2,"column":359},"end":{"line":2,"column":371}},"12":{"start":{"line":2,"column":404},"end":{"line":2,"column":875}},"13":{"start":{"line":2,"column":417},"end":{"line":2,"column":418}},"14":{"start":{"line":2,"column":461},"end":{"line":2,"column":501}},"15":{"start":{"line":2,"column":502},"end":{"line":2,"column":874}},"16":{"start":{"line":2,"column":514},"end":{"line":2,"column":613}},"17":{"start":{"line":2,"column":568},"end":{"line":2,"column":610}},"18":{"start":{"line":2,"column":620},"end":{"line":2,"column":874}},"19":{"start":{"line":2,"column":659},"end":{"line":2,"column":733}},"20":{"start":{"line":2,"column":741},"end":{"line":2,"column":873}},"21":{"start":{"line":2,"column":789},"end":{"line":2,"column":870}},"22":{"start":{"line":2,"column":875},"end":{"line":2,"column":889}},"23":{"start":{"line":2,"column":933},"end":{"line":2,"column":1080}},"24":{"start":{"line":2,"column":950},"end":{"line":2,"column":1054}},"25":{"start":{"line":2,"column":1062},"end":{"line":2,"column":1079}},"26":{"start":{"line":2,"column":1080},"end":{"line":2,"column":1091}},"27":{"start":{"line":4,"column":19},"end":{"line":12,"column":18}},"28":{"start":{"line":15,"column":33},"end":{"line":15,"column":113}},"29":{"start":{"line":15,"column":127},"end":{"line":15,"column":174}},"30":{"start":{"line":16,"column":2},"end":{"line":95,"column":20}},"31":{"start":{"line":18,"column":6},"end":{"line":21,"column":21}},"32":{"start":{"line":24,"column":6},"end":{"line":28,"column":31}},"33":{"start":{"line":31,"column":6},"end":{"line":34,"column":35}},"34":{"start":{"line":37,"column":6},"end":{"line":41,"column":37}},"35":{"start":{"line":44,"column":6},"end":{"line":47,"column":41}},"36":{"start":{"line":50,"column":6},"end":{"line":55,"column":41}},"37":{"start":{"line":58,"column":6},"end":{"line":61,"column":41}},"38":{"start":{"line":64,"column":6},"end":{"line":67,"column":35}},"39":{"start":{"line":70,"column":22},"end":{"line":70,"column":117}},"40":{"start":{"line":70,"column":66},"end":{"line":70,"column":115}},"41":{"start":{"line":71,"column":6},"end":{"line":75,"column":35}},"42":{"start":{"line":78,"column":6},"end":{"line":81,"column":35}},"43":{"start":{"line":84,"column":6},"end":{"line":87,"column":31}},"44":{"start":{"line":86,"column":67},"end":{"line":86,"column":101}},"45":{"start":{"line":90,"column":6},"end":{"line":92,"column":31}},"46":{"start":{"line":95,"column":6},"end":{"line":95,"column":19}}},"fnMap":{"0":{"name":"ownKeys","decl":{"start":{"line":2,"column":50},"end":{"line":2,"column":57}},"loc":{"start":{"line":2,"column":82},"end":{"line":2,"column":372}},"line":2},"1":{"name":"(anonymous_1)","decl":{"start":{"line":2,"column":245},"end":{"line":2,"column":246}},"loc":{"start":{"line":2,"column":260},"end":{"line":2,"column":325}},"line":2},"2":{"name":"_objectSpread","decl":{"start":{"line":2,"column":381},"end":{"line":2,"column":394}},"loc":{"start":{"line":2,"column":403},"end":{"line":2,"column":890}},"line":2},"3":{"name":"(anonymous_3)","decl":{"start":{"line":2,"column":552},"end":{"line":2,"column":553}},"loc":{"start":{"line":2,"column":567},"end":{"line":2,"column":611}},"line":2},"4":{"name":"(anonymous_4)","decl":{"start":{"line":2,"column":773},"end":{"line":2,"column":774}},"loc":{"start":{"line":2,"column":788},"end":{"line":2,"column":871}},"line":2},"5":{"name":"_defineProperty","decl":{"start":{"line":2,"column":899},"end":{"line":2,"column":914}},"loc":{"start":{"line":2,"column":932},"end":{"line":2,"column":1092}},"line":2},"6":{"name":"_default","decl":{"start":{"line":15,"column":9},"end":{"line":15,"column":17}},"loc":{"start":{"line":15,"column":20},"end":{"line":97,"column":1}},"line":15},"7":{"name":"(anonymous_7)","decl":{"start":{"line":70,"column":49},"end":{"line":70,"column":50}},"loc":{"start":{"line":70,"column":65},"end":{"line":70,"column":116}},"line":70},"8":{"name":"(anonymous_8)","decl":{"start":{"line":86,"column":50},"end":{"line":86,"column":51}},"loc":{"start":{"line":86,"column":66},"end":{"line":86,"column":102}},"line":86}},"branchMap":{"0":{"loc":{"start":{"line":2,"column":114},"end":{"line":2,"column":359}},"type":"if","locations":[{"start":{"line":2,"column":114},"end":{"line":2,"column":359}},{"start":{"line":2,"column":114},"end":{"line":2,"column":359}}],"line":2},"1":{"loc":{"start":{"line":2,"column":200},"end":{"line":2,"column":327}},"type":"if","locations":[{"start":{"line":2,"column":200},"end":{"line":2,"column":327}},{"start":{"line":2,"column":200},"end":{"line":2,"column":327}}],"line":2},"2":{"loc":{"start":{"line":2,"column":461},"end":{"line":2,"column":501}},"type":"cond-expr","locations":[{"start":{"line":2,"column":484},"end":{"line":2,"column":496}},{"start":{"line":2,"column":499},"end":{"line":2,"column":501}}],"line":2},"3":{"loc":{"start":{"line":2,"column":502},"end":{"line":2,"column":874}},"type":"if","locations":[{"start":{"line":2,"column":502},"end":{"line":2,"column":874}},{"start":{"line":2,"column":502},"end":{"line":2,"column":874}}],"line":2},"4":{"loc":{"start":{"line":2,"column":620},"end":{"line":2,"column":874}},"type":"if","locations":[{"start":{"line":2,"column":620},"end":{"line":2,"column":874}},{"start":{"line":2,"column":620},"end":{"line":2,"column":874}}],"line":2},"5":{"loc":{"start":{"line":2,"column":933},"end":{"line":2,"column":1080}},"type":"if","locations":[{"start":{"line":2,"column":933},"end":{"line":2,"column":1080}},{"start":{"line":2,"column":933},"end":{"line":2,"column":1080}}],"line":2},"6":{"loc":{"start":{"line":15,"column":33},"end":{"line":15,"column":113}},"type":"cond-expr","locations":[{"start":{"line":15,"column":86},"end":{"line":15,"column":98}},{"start":{"line":15,"column":101},"end":{"line":15,"column":113}}],"line":15},"7":{"loc":{"start":{"line":15,"column":33},"end":{"line":15,"column":83}},"type":"binary-expr","locations":[{"start":{"line":15,"column":33},"end":{"line":15,"column":53}},{"start":{"line":15,"column":57},"end":{"line":15,"column":83}}],"line":15},"8":{"loc":{"start":{"line":15,"column":127},"end":{"line":15,"column":174}},"type":"cond-expr","locations":[{"start":{"line":15,"column":150},"end":{"line":15,"column":162}},{"start":{"line":15,"column":165},"end":{"line":15,"column":174}}],"line":15},"9":{"loc":{"start":{"line":16,"column":2},"end":{"line":95,"column":20}},"type":"switch","locations":[{"start":{"line":17,"column":4},"end":{"line":21,"column":21}},{"start":{"line":23,"column":4},"end":{"line":28,"column":31}},{"start":{"line":30,"column":4},"end":{"line":34,"column":35}},{"start":{"line":36,"column":4},"end":{"line":41,"column":37}},{"start":{"line":43,"column":4},"end":{"line":47,"column":41}},{"start":{"line":49,"column":4},"end":{"line":55,"column":41}},{"start":{"line":57,"column":4},"end":{"line":61,"column":41}},{"start":{"line":63,"column":4},"end":{"line":67,"column":35}},{"start":{"line":69,"column":4},"end":{"line":75,"column":35}},{"start":{"line":77,"column":4},"end":{"line":81,"column":35}},{"start":{"line":83,"column":4},"end":{"line":87,"column":31}},{"start":{"line":89,"column":4},"end":{"line":92,"column":31}},{"start":{"line":94,"column":4},"end":{"line":95,"column":19}}],"line":16}},"s":{"0":1,"1":1,"2":1,"3":1,"4":0,"5":0,"6":0,"7":0,"8":0,"9":0,"10":0,"11":0,"12":0,"13":0,"14":0,"15":0,"16":0,"17":0,"18":0,"19":0,"20":0,"21":0,"22":0,"23":0,"24":0,"25":0,"26":0,"27":1,"28":5,"29":5,"30":5,"31":0,"32":0,"33":0,"34":0,"35":0,"36":0,"37":0,"38":0,"39":0,"40":0,"41":0,"42":0,"43":0,"44":0,"45":0,"46":5},"f":{"0":0,"1":0,"2":0,"3":0,"4":0,"5":0,"6":5,"7":0,"8":0},"b":{"0":[0,0],"1":[0,0],"2":[0,0],"3":[0,0],"4":[0,0],"5":[0,0],"6":[2,3],"7":[5,5],"8":[5,0],"9":[0,0,0,0,0,0,0,0,0,0,0,0,5]},"inputSourceMap":null,"_coverageSchema":"1a1c01bbd47fc00a2c39e90264f33305004495a9","hash":"8e9c65e0327d54831fb31d833a129f208268c6ca"}
,"D:\\Darbai\\Ampps\\www\\Asmeniniai\\fastshop\\frontend\\src\\utils\\testing\\index.js": {"path":"D:\\Darbai\\Ampps\\www\\Asmeniniai\\fastshop\\frontend\\src\\utils\\testing\\index.js","statementMap":{"0":{"start":{"line":1,"column":13},"end":{"line":1,"column":75}},"1":{"start":{"line":1,"column":75},"end":{"line":1,"column":102}},"2":{"start":{"line":1,"column":115},"end":{"line":1,"column":131}},"3":{"start":{"line":2,"column":20},"end":{"line":2,"column":44}},"4":{"start":{"line":3,"column":13},"end":{"line":3,"column":41}},"5":{"start":{"line":3,"column":76},"end":{"line":3,"column":192}},"6":{"start":{"line":3,"column":224},"end":{"line":3,"column":380}},"7":{"start":{"line":3,"column":430},"end":{"line":3,"column":445}},"8":{"start":{"line":3,"column":438},"end":{"line":3,"column":445}},"9":{"start":{"line":3,"column":445},"end":{"line":3,"column":508}},"10":{"start":{"line":3,"column":472},"end":{"line":3,"column":508}},"11":{"start":{"line":3,"column":516},"end":{"line":3,"column":562}},"12":{"start":{"line":3,"column":563},"end":{"line":3,"column":623}},"13":{"start":{"line":3,"column":600},"end":{"line":3,"column":623}},"14":{"start":{"line":3,"column":623},"end":{"line":3,"column":676}},"15":{"start":{"line":3,"column":655},"end":{"line":3,"column":676}},"16":{"start":{"line":3,"column":676},"end":{"line":3,"column":789}},"17":{"start":{"line":3,"column":753},"end":{"line":3,"column":789}},"18":{"start":{"line":3,"column":823},"end":{"line":3,"column":917}},"19":{"start":{"line":3,"column":893},"end":{"line":3,"column":917}},"20":{"start":{"line":3,"column":952},"end":{"line":3,"column":1006}},"21":{"start":{"line":3,"column":976},"end":{"line":3,"column":1006}},"22":{"start":{"line":3,"column":1045},"end":{"line":3,"column":1099}},"23":{"start":{"line":3,"column":1082},"end":{"line":3,"column":1099}},"24":{"start":{"line":3,"column":1099},"end":{"line":3,"column":1171}},"25":{"start":{"line":3,"column":1112},"end":{"line":3,"column":1113}},"26":{"start":{"line":3,"column":1122},"end":{"line":3,"column":1136}},"27":{"start":{"line":3,"column":1153},"end":{"line":3,"column":1170}},"28":{"start":{"line":3,"column":1171},"end":{"line":3,"column":1183}},"29":{"start":{"line":5,"column":20},"end":{"line":5,"column":22}},"30":{"start":{"line":7,"column":16},"end":{"line":10,"column":1}},"31":{"start":{"line":8,"column":24},"end":{"line":8,"column":133}},"32":{"start":{"line":9,"column":2},"end":{"line":9,"column":25}},"33":{"start":{"line":10,"column":2},"end":{"line":10,"column":32}}},"fnMap":{"0":{"name":"_toConsumableArray","decl":{"start":{"line":3,"column":51},"end":{"line":3,"column":69}},"loc":{"start":{"line":3,"column":75},"end":{"line":3,"column":193}},"line":3},"1":{"name":"_nonIterableSpread","decl":{"start":{"line":3,"column":202},"end":{"line":3,"column":220}},"loc":{"start":{"line":3,"column":223},"end":{"line":3,"column":381}},"line":3},"2":{"name":"_unsupportedIterableToArray","decl":{"start":{"line":3,"column":390},"end":{"line":3,"column":417}},"loc":{"start":{"line":3,"column":429},"end":{"line":3,"column":790}},"line":3},"3":{"name":"_iterableToArray","decl":{"start":{"line":3,"column":799},"end":{"line":3,"column":815}},"loc":{"start":{"line":3,"column":822},"end":{"line":3,"column":918}},"line":3},"4":{"name":"_arrayWithoutHoles","decl":{"start":{"line":3,"column":927},"end":{"line":3,"column":945}},"loc":{"start":{"line":3,"column":951},"end":{"line":3,"column":1007}},"line":3},"5":{"name":"_arrayLikeToArray","decl":{"start":{"line":3,"column":1016},"end":{"line":3,"column":1033}},"loc":{"start":{"line":3,"column":1044},"end":{"line":3,"column":1184}},"line":3},"6":{"name":"testStore","decl":{"start":{"line":7,"column":25},"end":{"line":7,"column":34}},"loc":{"start":{"line":7,"column":44},"end":{"line":10,"column":1}},"line":7}},"branchMap":{"0":{"loc":{"start":{"line":3,"column":83},"end":{"line":3,"column":191}},"type":"binary-expr","locations":[{"start":{"line":3,"column":83},"end":{"line":3,"column":106}},{"start":{"line":3,"column":110},"end":{"line":3,"column":131}},{"start":{"line":3,"column":135},"end":{"line":3,"column":167}},{"start":{"line":3,"column":171},"end":{"line":3,"column":191}}],"line":3},"1":{"loc":{"start":{"line":3,"column":430},"end":{"line":3,"column":445}},"type":"if","locations":[{"start":{"line":3,"column":430},"end":{"line":3,"column":445}},{"start":{"line":3,"column":430},"end":{"line":3,"column":445}}],"line":3},"2":{"loc":{"start":{"line":3,"column":445},"end":{"line":3,"column":508}},"type":"if","locations":[{"start":{"line":3,"column":445},"end":{"line":3,"column":508}},{"start":{"line":3,"column":445},"end":{"line":3,"column":508}}],"line":3},"3":{"loc":{"start":{"line":3,"column":563},"end":{"line":3,"column":623}},"type":"if","locations":[{"start":{"line":3,"column":563},"end":{"line":3,"column":623}},{"start":{"line":3,"column":563},"end":{"line":3,"column":623}}],"line":3},"4":{"loc":{"start":{"line":3,"column":567},"end":{"line":3,"column":598}},"type":"binary-expr","locations":[{"start":{"line":3,"column":567},"end":{"line":3,"column":581}},{"start":{"line":3,"column":585},"end":{"line":3,"column":598}}],"line":3},"5":{"loc":{"start":{"line":3,"column":623},"end":{"line":3,"column":676}},"type":"if","locations":[{"start":{"line":3,"column":623},"end":{"line":3,"column":676}},{"start":{"line":3,"column":623},"end":{"line":3,"column":676}}],"line":3},"6":{"loc":{"start":{"line":3,"column":627},"end":{"line":3,"column":653}},"type":"binary-expr","locations":[{"start":{"line":3,"column":627},"end":{"line":3,"column":638}},{"start":{"line":3,"column":642},"end":{"line":3,"column":653}}],"line":3},"7":{"loc":{"start":{"line":3,"column":676},"end":{"line":3,"column":789}},"type":"if","locations":[{"start":{"line":3,"column":676},"end":{"line":3,"column":789}},{"start":{"line":3,"column":676},"end":{"line":3,"column":789}}],"line":3},"8":{"loc":{"start":{"line":3,"column":680},"end":{"line":3,"column":751}},"type":"binary-expr","locations":[{"start":{"line":3,"column":680},"end":{"line":3,"column":697}},{"start":{"line":3,"column":701},"end":{"line":3,"column":751}}],"line":3},"9":{"loc":{"start":{"line":3,"column":823},"end":{"line":3,"column":917}},"type":"if","locations":[{"start":{"line":3,"column":823},"end":{"line":3,"column":917}},{"start":{"line":3,"column":823},"end":{"line":3,"column":917}}],"line":3},"10":{"loc":{"start":{"line":3,"column":827},"end":{"line":3,"column":891}},"type":"binary-expr","locations":[{"start":{"line":3,"column":827},"end":{"line":3,"column":856}},{"start":{"line":3,"column":860},"end":{"line":3,"column":891}}],"line":3},"11":{"loc":{"start":{"line":3,"column":952},"end":{"line":3,"column":1006}},"type":"if","locations":[{"start":{"line":3,"column":952},"end":{"line":3,"column":1006}},{"start":{"line":3,"column":952},"end":{"line":3,"column":1006}}],"line":3},"12":{"loc":{"start":{"line":3,"column":1045},"end":{"line":3,"column":1099}},"type":"if","locations":[{"start":{"line":3,"column":1045},"end":{"line":3,"column":1099}},{"start":{"line":3,"column":1045},"end":{"line":3,"column":1099}}],"line":3},"13":{"loc":{"start":{"line":3,"column":1049},"end":{"line":3,"column":1080}},"type":"binary-expr","locations":[{"start":{"line":3,"column":1049},"end":{"line":3,"column":1060}},{"start":{"line":3,"column":1064},"end":{"line":3,"column":1080}}],"line":3}},"s":{"0":1,"1":1,"2":1,"3":1,"4":1,"5":12,"6":0,"7":0,"8":0,"9":0,"10":0,"11":0,"12":0,"13":0,"14":0,"15":0,"16":0,"17":0,"18":0,"19":0,"20":12,"21":12,"22":12,"23":12,"24":12,"25":12,"26":12,"27":12,"28":12,"29":1,"30":1,"31":12,"32":12,"33":1},"f":{"0":12,"1":0,"2":0,"3":0,"4":12,"5":12,"6":12},"b":{"0":[12,0,0,0],"1":[0,0],"2":[0,0],"3":[0,0],"4":[0,0],"5":[0,0],"6":[0,0],"7":[0,0],"8":[0,0],"9":[0,0],"10":[0,0],"11":[12,0],"12":[12,0],"13":[12,0]},"inputSourceMap":null,"_coverageSchema":"1a1c01bbd47fc00a2c39e90264f33305004495a9","hash":"24833a01a42af398cefae7213aeaeb33ce116c92"}
}
