TN:
SF:src\components\Categories\Categories.js
FN:16,_interopRequireDefault
FN:16,_getRequireWildcardCache
FN:16,_getRequireWildcardCache
FN:16,_interopRequireWildcard
FN:16,_classCallCheck
FN:16,_defineProperties
FN:16,_createClass
FN:16,_createSuper
FN:16,_createSuperInternal
FN:16,_possibleConstructorReturn
FN:16,_assertThisInitialized
FN:16,_isNativeReflectConstruct
FN:16,(anonymous_12)
FN:16,_getPrototypeOf
FN:16,_getPrototypeOf
FN:16,_inherits
FN:16,_setPrototypeOf
FN:16,_setPrototypeOf
FN:18,(anonymous_18)
FN:18,Categories
FN:27,(anonymous_20)
FN:29,componentDidMount
FN:29,render
FN:42,close
FN:52,keyExtractor
FN:52,renderItem
FN:54,goToSubcategories
FN:75,mapStateToProps
FNF:28
FNH:18
FNDA:5,_interopRequireDefault
FNDA:1,_getRequireWildcardCache
FNDA:0,_getRequireWildcardCache
FNDA:1,_interopRequireWildcard
FNDA:4,_classCallCheck
FNDA:1,_defineProperties
FNDA:1,_createClass
FNDA:1,_createSuper
FNDA:4,_createSuperInternal
FNDA:4,_possibleConstructorReturn
FNDA:0,_assertThisInitialized
FNDA:1,_isNativeReflectConstruct
FNDA:0,(anonymous_12)
FNDA:1,_getPrototypeOf
FNDA:0,_getPrototypeOf
FNDA:1,_inherits
FNDA:1,_setPrototypeOf
FNDA:0,_setPrototypeOf
FNDA:1,(anonymous_18)
FNDA:4,Categories
FNDA:0,(anonymous_20)
FNDA:4,componentDidMount
FNDA:4,render
FNDA:0,close
FNDA:0,keyExtractor
FNDA:0,renderItem
FNDA:0,goToSubcategories
FNDA:4,mapStateToProps
DA:1,1
DA:2,1
DA:3,1
DA:4,1
DA:5,1
DA:6,1
DA:7,1
DA:8,1
DA:9,1
DA:13,1
DA:14,1
DA:15,1
DA:16,28
DA:18,12
DA:28,0
DA:29,4
DA:31,4
DA:32,4
DA:42,0
DA:52,0
DA:54,0
DA:64,1
DA:67,1
DA:75,4
DA:82,1
LF:25
LH:21
BRDA:16,0,0,4
BRDA:16,0,1,1
BRDA:16,1,0,5
BRDA:16,1,1,5
BRDA:16,2,0,0
BRDA:16,2,1,1
BRDA:16,3,0,0
BRDA:16,3,1,1
BRDA:16,4,0,1
BRDA:16,4,1,1
BRDA:16,5,0,0
BRDA:16,5,1,1
BRDA:16,6,0,1
BRDA:16,6,1,1
BRDA:16,6,2,0
BRDA:16,7,0,0
BRDA:16,7,1,1
BRDA:16,8,0,1
BRDA:16,8,1,1
BRDA:16,9,0,1
BRDA:16,9,1,1
BRDA:16,10,0,28
BRDA:16,10,1,0
BRDA:16,11,0,28
BRDA:16,11,1,0
BRDA:16,12,0,0
BRDA:16,12,1,28
BRDA:16,13,0,28
BRDA:16,13,1,28
BRDA:16,13,2,28
BRDA:16,14,0,1
BRDA:16,14,1,0
BRDA:16,15,0,0
BRDA:16,15,1,4
BRDA:16,16,0,2
BRDA:16,16,1,2
BRDA:16,17,0,2
BRDA:16,17,1,0
BRDA:16,18,0,1
BRDA:16,18,1,0
BRDA:16,19,0,0
BRDA:16,19,1,1
BRDA:16,20,0,4
BRDA:16,20,1,0
BRDA:16,21,0,4
BRDA:16,21,1,0
BRDA:16,22,0,4
BRDA:16,22,1,4
BRDA:16,22,2,0
BRDA:16,23,0,0
BRDA:16,23,1,0
BRDA:16,24,0,0
BRDA:16,24,1,1
BRDA:16,25,0,1
BRDA:16,25,1,1
BRDA:16,26,0,0
BRDA:16,26,1,1
BRDA:16,27,0,1
BRDA:16,27,1,0
BRDA:16,28,0,1
BRDA:16,28,1,0
BRDA:16,29,0,0
BRDA:16,29,1,0
BRDA:16,30,0,0
BRDA:16,30,1,1
BRDA:16,31,0,1
BRDA:16,31,1,0
BRDA:16,32,0,1
BRDA:16,32,1,1
BRDA:16,33,0,1
BRDA:16,33,1,0
BRDA:16,34,0,1
BRDA:16,34,1,0
BRDA:33,35,0,1
BRDA:33,35,1,3
BRDA:38,36,0,1
BRDA:38,36,1,2
BRDA:49,37,0,1
BRDA:49,37,1,1
BRDA:49,38,0,2
BRDA:49,38,1,2
BRF:81
BRH:53
end_of_record
TN:
SF:src\components\Categories\Category.js
FN:5,_interopRequireDefault
FN:5,_getRequireWildcardCache
FN:5,_getRequireWildcardCache
FN:5,_interopRequireWildcard
FN:5,_classCallCheck
FN:5,_defineProperties
FN:5,_createClass
FN:5,_createSuper
FN:5,_createSuperInternal
FN:5,_possibleConstructorReturn
FN:5,_assertThisInitialized
FN:5,_isNativeReflectConstruct
FN:5,(anonymous_12)
FN:5,_getPrototypeOf
FN:5,_getPrototypeOf
FN:5,_inherits
FN:5,_setPrototypeOf
FN:5,_setPrototypeOf
FN:9,(anonymous_18)
FN:9,Category
FN:11,(anonymous_20)
FN:13,render
FN:17,onPress
FNF:23
FNH:10
FNDA:2,_interopRequireDefault
FNDA:1,_getRequireWildcardCache
FNDA:0,_getRequireWildcardCache
FNDA:1,_interopRequireWildcard
FNDA:0,_classCallCheck
FNDA:1,_defineProperties
FNDA:1,_createClass
FNDA:1,_createSuper
FNDA:0,_createSuperInternal
FNDA:0,_possibleConstructorReturn
FNDA:0,_assertThisInitialized
FNDA:1,_isNativeReflectConstruct
FNDA:0,(anonymous_12)
FNDA:0,_getPrototypeOf
FNDA:0,_getPrototypeOf
FNDA:1,_inherits
FNDA:1,_setPrototypeOf
FNDA:0,_setPrototypeOf
FNDA:1,(anonymous_18)
FNDA:0,Category
FNDA:0,(anonymous_20)
FNDA:0,render
FNDA:0,onPress
DA:1,1
DA:2,1
DA:3,1
DA:4,1
DA:5,28
DA:9,1
DA:12,0
DA:13,1
DA:15,0
DA:16,0
DA:17,0
DA:30,1
DA:33,1
DA:37,1
LF:14
LH:10
BRDA:5,0,0,1
BRDA:5,0,1,1
BRDA:5,1,0,2
BRDA:5,1,1,2
BRDA:5,2,0,0
BRDA:5,2,1,1
BRDA:5,3,0,0
BRDA:5,3,1,1
BRDA:5,4,0,1
BRDA:5,4,1,1
BRDA:5,5,0,0
BRDA:5,5,1,1
BRDA:5,6,0,1
BRDA:5,6,1,1
BRDA:5,6,2,0
BRDA:5,7,0,0
BRDA:5,7,1,1
BRDA:5,8,0,1
BRDA:5,8,1,1
BRDA:5,9,0,1
BRDA:5,9,1,1
BRDA:5,10,0,28
BRDA:5,10,1,0
BRDA:5,11,0,28
BRDA:5,11,1,0
BRDA:5,12,0,0
BRDA:5,12,1,28
BRDA:5,13,0,28
BRDA:5,13,1,28
BRDA:5,13,2,28
BRDA:5,14,0,1
BRDA:5,14,1,0
BRDA:5,15,0,0
BRDA:5,15,1,0
BRDA:5,16,0,1
BRDA:5,16,1,1
BRDA:5,17,0,1
BRDA:5,17,1,0
BRDA:5,18,0,1
BRDA:5,18,1,0
BRDA:5,19,0,0
BRDA:5,19,1,1
BRDA:5,20,0,0
BRDA:5,20,1,0
BRDA:5,21,0,0
BRDA:5,21,1,0
BRDA:5,22,0,0
BRDA:5,22,1,0
BRDA:5,22,2,0
BRDA:5,23,0,0
BRDA:5,23,1,0
BRDA:5,24,0,0
BRDA:5,24,1,1
BRDA:5,25,0,1
BRDA:5,25,1,1
BRDA:5,26,0,0
BRDA:5,26,1,1
BRDA:5,27,0,1
BRDA:5,27,1,0
BRDA:5,28,0,0
BRDA:5,28,1,0
BRDA:5,29,0,0
BRDA:5,29,1,0
BRDA:5,30,0,0
BRDA:5,30,1,1
BRDA:5,31,0,1
BRDA:5,31,1,0
BRDA:5,32,0,1
BRDA:5,32,1,1
BRDA:5,33,0,1
BRDA:5,33,1,0
BRDA:5,34,0,1
BRDA:5,34,1,0
BRDA:18,35,0,0
BRDA:18,35,1,0
BRF:75
BRH:39
end_of_record
TN:
SF:src\components_additional\AdminButton.js
FN:3,_interopRequireDefault
FN:5,Button
FNF:2
FNH:1
FNDA:1,_interopRequireDefault
FNDA:0,Button
DA:1,1
DA:2,1
DA:3,1
DA:5,1
DA:6,0
DA:13,1
LF:6
LH:5
BRDA:3,0,0,0
BRDA:3,0,1,1
BRDA:3,1,0,1
BRDA:3,1,1,1
BRF:4
BRH:3
end_of_record
TN:
SF:src\components_additional\EmptyList.js
FN:6,_interopRequireDefault
FN:8,EmptyList
FNF:2
FNH:1
FNDA:3,_interopRequireDefault
FNDA:0,EmptyList
DA:1,1
DA:2,1
DA:3,1
DA:4,1
DA:5,1
DA:6,3
DA:8,1
DA:10,0
DA:22,1
LF:9
LH:8
BRDA:6,0,0,2
BRDA:6,0,1,1
BRDA:6,1,0,3
BRDA:6,1,1,3
BRDA:11,2,0,0
BRDA:11,2,1,0
BRF:6
BRH:4
end_of_record
TN:
SF:src\components_additional\Loading.js
FN:4,_interopRequireDefault
FN:6,Loading
FNF:2
FNH:1
FNDA:1,_interopRequireDefault
FNDA:0,Loading
DA:1,1
DA:2,1
DA:3,1
DA:4,1
DA:6,1
DA:8,0
DA:15,1
LF:7
LH:6
BRDA:4,0,0,0
BRDA:4,0,1,1
BRDA:4,1,0,1
BRDA:4,1,1,1
BRF:4
BRH:3
end_of_record
TN:
SF:src\components_additional\Modal.js
FN:6,_interopRequireDefault
FN:6,_getRequireWildcardCache
FN:6,_getRequireWildcardCache
FN:6,_interopRequireWildcard
FN:10,Modal
FN:13,(anonymous_5)
FNF:6
FNH:3
FNDA:3,_interopRequireDefault
FNDA:1,_getRequireWildcardCache
FNDA:0,_getRequireWildcardCache
FNDA:1,_interopRequireWildcard
FNDA:0,Modal
FNDA:0,(anonymous_5)
DA:1,1
DA:2,1
DA:3,1
DA:4,1
DA:5,1
DA:6,28
DA:10,1
DA:11,0
DA:13,0
DA:14,0
DA:17,0
DA:35,1
LF:12
LH:8
BRDA:6,0,0,3
BRDA:6,0,1,0
BRDA:6,1,0,3
BRDA:6,1,1,3
BRDA:6,2,0,0
BRDA:6,2,1,1
BRDA:6,3,0,0
BRDA:6,3,1,1
BRDA:6,4,0,1
BRDA:6,4,1,1
BRDA:6,5,0,0
BRDA:6,5,1,1
BRDA:6,6,0,1
BRDA:6,6,1,1
BRDA:6,6,2,0
BRDA:6,7,0,0
BRDA:6,7,1,1
BRDA:6,8,0,1
BRDA:6,8,1,1
BRDA:6,9,0,1
BRDA:6,9,1,1
BRDA:6,10,0,28
BRDA:6,10,1,0
BRDA:6,11,0,28
BRDA:6,11,1,0
BRDA:6,12,0,0
BRDA:6,12,1,28
BRDA:6,13,0,28
BRDA:6,13,1,28
BRDA:6,13,2,28
BRDA:6,14,0,1
BRDA:6,14,1,0
BRF:32
BRH:22
end_of_record
TN:
SF:src\components_additional\styles\AdditionalStyles.js
FN:6,searchBar
FN:51,buttonStyle
FN:76,adminButtonStyle
FN:96,modalStyle
FN:168,modalStyleDelete
FN:235,modalConfirm
FN:263,emptyList
FN:287,roundButton
FN:309,backgroundForPages
FN:319,emptyListSelected
FN:343,errorStyle
FN:369,authVerify
FNF:12
FNH:1
FNDA:0,searchBar
FNDA:0,buttonStyle
FNDA:0,adminButtonStyle
FNDA:0,modalStyle
FNDA:0,modalStyleDelete
FNDA:0,modalConfirm
FNDA:0,emptyList
FNDA:0,roundButton
FNDA:2,backgroundForPages
FNDA:0,emptyListSelected
FNDA:0,errorStyle
FNDA:0,authVerify
DA:1,1
DA:3,1
DA:6,1
DA:47,1
DA:51,1
DA:72,1
DA:76,1
DA:92,1
DA:96,1
DA:165,1
DA:168,1
DA:232,1
DA:235,1
DA:258,1
DA:263,1
DA:283,1
DA:287,1
DA:306,1
DA:309,2
DA:314,1
DA:319,1
DA:338,1
DA:343,1
DA:365,1
DA:369,1
DA:423,1
LF:26
LH:26
BRDA:57,0,0,0
BRDA:57,0,1,0
BRDA:58,1,0,0
BRDA:58,1,1,0
BRDA:159,2,0,0
BRDA:159,2,1,0
BRDA:226,3,0,0
BRDA:226,3,1,0
BRDA:265,4,0,0
BRDA:265,4,1,0
BRDA:305,5,0,0
BRDA:305,5,1,0
BRDA:311,6,0,0
BRDA:311,6,1,2
BRDA:346,7,0,0
BRDA:346,7,1,0
BRDA:350,8,0,0
BRDA:350,8,1,0
BRF:18
BRH:1
end_of_record
TN:
SF:src\components_additional\styles\CategoryStyles.js
FN:6,authCategory
FN:215,stylesGuest
FN:283,categoryAdd
FNF:3
FNH:1
FNDA:0,authCategory
FNDA:3,stylesGuest
FNDA:0,categoryAdd
DA:1,1
DA:2,1
DA:3,1
DA:6,1
DA:211,1
DA:215,3
DA:279,1
DA:283,1
DA:325,1
LF:9
LH:9
BRDA:167,0,0,0
BRDA:167,0,1,0
BRDA:185,1,0,0
BRDA:185,1,1,0
BRDA:203,2,0,0
BRDA:203,2,1,0
BRDA:296,3,0,0
BRDA:296,3,1,0
BRF:8
BRH:0
end_of_record
TN:
SF:src\components_additional\styles\Colors.js
FNF:0
FNH:0
DA:1,1
DA:3,1
DA:29,1
LF:3
LH:3
BRF:0
BRH:0
end_of_record
TN:
SF:src\redux\store.js
FN:6,_interopRequireDefault
FN:21,_default
FNF:2
FNH:1
FNDA:4,_interopRequireDefault
FNDA:0,_default
DA:1,1
DA:2,1
DA:3,1
DA:4,1
DA:5,1
DA:6,4
DA:8,1
DA:10,1
DA:12,1
DA:19,1
DA:21,1
DA:22,0
DA:23,0
DA:24,0
DA:25,1
LF:15
LH:12
BRDA:6,0,0,3
BRDA:6,0,1,1
BRDA:6,1,0,4
BRDA:6,1,1,4
BRF:4
BRH:4
end_of_record
TN:
SF:src\redux\actions\categoryActions.js
FN:2,_interopRequireDefault
FN:4,getCategories
FN:4,(anonymous_2)
FN:5,sortArray
FN:17,(anonymous_4)
FN:24,(anonymous_5)
FN:33,addCategory
FN:33,_callee
FN:33,_callee$
FN:40,(anonymous_9)
FN:47,(anonymous_10)
FN:56,editCategory
FN:56,_callee2
FN:56,_callee2$
FN:63,(anonymous_14)
FN:70,(anonymous_15)
FN:79,deleteCategory
FN:79,(anonymous_17)
FN:81,(anonymous_18)
FN:87,(anonymous_19)
FNF:20
FNH:20
FNDA:2,_interopRequireDefault
FNDA:10,getCategories
FNDA:10,(anonymous_2)
FNDA:3,sortArray
FNDA:5,(anonymous_4)
FNDA:5,(anonymous_5)
FNDA:2,addCategory
FNDA:2,_callee
FNDA:6,_callee$
FNDA:1,(anonymous_9)
FNDA:1,(anonymous_10)
FNDA:2,editCategory
FNDA:2,_callee2
FNDA:6,_callee2$
FNDA:1,(anonymous_14)
FNDA:1,(anonymous_15)
FNDA:2,deleteCategory
FNDA:2,(anonymous_17)
FNDA:1,(anonymous_18)
FNDA:1,(anonymous_19)
DA:1,2
DA:2,2
DA:4,10
DA:5,10
DA:6,3
DA:7,3
DA:9,3
DA:11,10
DA:16,10
DA:17,5
DA:24,5
DA:31,2
DA:33,6
DA:37,2
DA:40,1
DA:47,1
DA:51,2
DA:56,6
DA:60,2
DA:63,1
DA:70,1
DA:74,2
DA:79,2
DA:80,2
DA:81,1
DA:87,1
DA:93,2
LF:27
LH:27
BRDA:2,0,0,0
BRDA:2,0,1,2
BRDA:2,1,0,2
BRDA:2,1,1,2
BRDA:33,2,0,2
BRDA:33,2,1,2
BRDA:33,2,2,0
BRDA:33,2,3,2
BRDA:56,3,0,2
BRDA:56,3,1,2
BRDA:56,3,2,0
BRDA:56,3,3,2
BRF:12
BRH:9
end_of_record
TN:
SF:src\redux\actions\productActions.js
FN:2,_interopRequireDefault
FN:4,getProducts
FN:4,_callee
FN:4,_callee$
FN:12,(anonymous_4)
FN:22,(anonymous_5)
FN:32,getProduct
FN:32,_callee2
FN:32,_callee2$
FN:39,(anonymous_9)
FN:47,(anonymous_10)
FN:56,addProduct
FN:56,_callee3
FN:56,_callee3$
FN:63,(anonymous_14)
FN:70,(anonymous_15)
FN:79,editProduct
FN:79,_callee4
FN:79,_callee4$
FN:86,(anonymous_19)
FN:93,(anonymous_20)
FN:102,deleteProduct
FN:102,(anonymous_22)
FN:104,(anonymous_23)
FN:110,(anonymous_24)
FNF:25
FNH:25
FNDA:1,_interopRequireDefault
FNDA:2,getProducts
FNDA:2,_callee
FNDA:6,_callee$
FNDA:1,(anonymous_4)
FNDA:1,(anonymous_5)
FNDA:2,getProduct
FNDA:2,_callee2
FNDA:6,_callee2$
FNDA:1,(anonymous_9)
FNDA:1,(anonymous_10)
FNDA:2,addProduct
FNDA:2,_callee3
FNDA:6,_callee3$
FNDA:1,(anonymous_14)
FNDA:1,(anonymous_15)
FNDA:2,editProduct
FNDA:2,_callee4
FNDA:6,_callee4$
FNDA:1,(anonymous_19)
FNDA:1,(anonymous_20)
FNDA:2,deleteProduct
FNDA:2,(anonymous_22)
FNDA:1,(anonymous_23)
FNDA:1,(anonymous_24)
DA:1,1
DA:2,1
DA:4,6
DA:9,2
DA:13,1
DA:23,1
DA:29,2
DA:32,6
DA:36,2
DA:40,1
DA:48,1
DA:53,2
DA:56,6
DA:60,2
DA:63,1
DA:70,1
DA:74,2
DA:79,6
DA:83,2
DA:86,1
DA:93,1
DA:97,2
DA:102,2
DA:103,2
DA:104,1
DA:110,1
DA:116,1
LF:27
LH:27
BRDA:2,0,0,0
BRDA:2,0,1,1
BRDA:2,1,0,1
BRDA:2,1,1,1
BRDA:4,2,0,2
BRDA:4,2,1,2
BRDA:4,2,2,0
BRDA:4,2,3,2
BRDA:7,3,0,1
BRDA:7,3,1,1
BRDA:8,4,0,1
BRDA:8,4,1,1
BRDA:20,5,0,0
BRDA:20,5,1,1
BRDA:32,6,0,2
BRDA:32,6,1,2
BRDA:32,6,2,0
BRDA:32,6,3,2
BRDA:56,7,0,2
BRDA:56,7,1,2
BRDA:56,7,2,0
BRDA:56,7,3,2
BRDA:79,8,0,2
BRDA:79,8,1,2
BRDA:79,8,2,0
BRDA:79,8,3,2
BRF:26
BRH:20
end_of_record
TN:
SF:src\redux\actions\subcategoryActions.js
FN:2,_interopRequireDefault
FN:4,getSubcategories
FN:4,(anonymous_2)
FN:13,(anonymous_3)
FN:23,(anonymous_4)
FN:32,addSubcategory
FN:32,_callee
FN:32,_callee$
FN:40,(anonymous_8)
FN:47,(anonymous_9)
FN:56,editSubcategory
FN:56,_callee2
FN:56,_callee2$
FN:63,(anonymous_13)
FN:70,(anonymous_14)
FN:79,deleteSubcategory
FN:79,(anonymous_16)
FN:81,(anonymous_17)
FN:87,(anonymous_18)
FNF:19
FNH:19
FNDA:1,_interopRequireDefault
FNDA:2,getSubcategories
FNDA:2,(anonymous_2)
FNDA:1,(anonymous_3)
FNDA:1,(anonymous_4)
FNDA:2,addSubcategory
FNDA:2,_callee
FNDA:6,_callee$
FNDA:1,(anonymous_8)
FNDA:1,(anonymous_9)
FNDA:2,editSubcategory
FNDA:2,_callee2
FNDA:6,_callee2$
FNDA:1,(anonymous_13)
FNDA:1,(anonymous_14)
FNDA:2,deleteSubcategory
FNDA:2,(anonymous_16)
FNDA:1,(anonymous_17)
FNDA:1,(anonymous_18)
DA:1,1
DA:2,1
DA:4,2
DA:5,2
DA:12,2
DA:14,1
DA:24,1
DA:31,1
DA:32,6
DA:38,2
DA:40,1
DA:47,1
DA:51,2
DA:56,6
DA:60,2
DA:63,1
DA:70,1
DA:74,2
DA:79,2
DA:80,2
DA:81,1
DA:87,1
DA:93,1
LF:23
LH:23
BRDA:2,0,0,0
BRDA:2,0,1,1
BRDA:2,1,0,1
BRDA:2,1,1,1
BRDA:7,2,0,2
BRDA:7,2,1,0
BRDA:8,3,0,0
BRDA:8,3,1,2
BRDA:21,4,0,0
BRDA:21,4,1,1
BRDA:32,5,0,2
BRDA:32,5,1,2
BRDA:32,5,2,0
BRDA:32,5,3,2
BRDA:56,6,0,2
BRDA:56,6,1,2
BRDA:56,6,2,0
BRDA:56,6,3,2
BRF:18
BRH:12
end_of_record
TN:
SF:src\redux\actions\types.js
FNF:0
FNH:0
DA:1,4
DA:6,4
DA:7,4
DA:8,4
DA:9,4
DA:10,4
DA:11,4
DA:12,4
DA:13,4
DA:14,4
DA:15,4
DA:16,4
DA:19,4
DA:20,4
DA:21,4
DA:22,4
DA:23,4
DA:24,4
DA:25,4
DA:26,4
DA:27,4
DA:28,4
DA:29,4
DA:30,4
DA:31,4
DA:32,4
DA:36,4
DA:37,4
DA:38,4
DA:39,4
DA:40,4
DA:41,4
DA:42,4
DA:43,4
DA:44,4
DA:45,4
DA:46,4
DA:47,4
DA:48,4
DA:49,4
DA:50,4
DA:54,4
DA:55,4
DA:56,4
DA:57,4
DA:58,4
DA:62,4
DA:63,4
DA:64,4
DA:65,4
DA:66,4
DA:67,4
DA:68,4
DA:69,4
LF:54
LH:54
BRF:0
BRH:0
end_of_record
TN:
SF:src\redux\reducers\authReducer.js
FN:1,ownKeys
FN:1,(anonymous_1)
FN:1,_objectSpread
FN:1,(anonymous_3)
FN:1,(anonymous_4)
FN:1,_defineProperty
FN:14,_default
FNF:7
FNH:1
FNDA:0,ownKeys
FNDA:0,(anonymous_1)
FNDA:0,_objectSpread
FNDA:0,(anonymous_3)
FNDA:0,(anonymous_4)
FNDA:0,_defineProperty
FNDA:2,_default
DA:1,1
DA:3,1
DA:14,2
DA:15,2
DA:17,0
DA:22,0
DA:31,0
DA:39,0
DA:45,0
DA:50,2
LF:10
LH:5
BRDA:1,0,0,0
BRDA:1,0,1,0
BRDA:1,1,0,0
BRDA:1,1,1,0
BRDA:1,2,0,0
BRDA:1,2,1,0
BRDA:1,3,0,0
BRDA:1,3,1,0
BRDA:1,4,0,0
BRDA:1,4,1,0
BRDA:1,5,0,0
BRDA:1,5,1,0
BRDA:14,6,0,0
BRDA:14,6,1,2
BRDA:14,7,0,2
BRDA:14,7,1,2
BRDA:14,8,0,2
BRDA:14,8,1,0
BRDA:15,9,0,0
BRDA:15,9,1,0
BRDA:15,9,2,0
BRDA:15,9,3,0
BRDA:15,9,4,0
BRDA:15,9,5,2
BRF:24
BRH:5
end_of_record
TN:
SF:src\redux\reducers\categoriesReducer.js
FN:1,ownKeys
FN:1,(anonymous_1)
FN:1,_objectSpread
FN:1,(anonymous_3)
FN:1,(anonymous_4)
FN:1,_defineProperty
FN:11,_default
FN:59,(anonymous_7)
FN:75,(anonymous_8)
FNF:9
FNH:5
FNDA:16,ownKeys
FNDA:0,(anonymous_1)
FNDA:16,_objectSpread
FNDA:80,(anonymous_3)
FNDA:0,(anonymous_4)
FNDA:80,_defineProperty
FNDA:30,_default
FNDA:0,(anonymous_7)
FNDA:0,(anonymous_8)
DA:1,80
DA:3,1
DA:11,30
DA:12,30
DA:14,8
DA:20,4
DA:27,4
DA:33,0
DA:39,0
DA:47,0
DA:53,0
DA:59,0
DA:60,0
DA:67,0
DA:73,0
DA:75,0
DA:79,0
DA:84,14
LF:18
LH:8
BRDA:1,0,0,16
BRDA:1,0,1,0
BRDA:1,1,0,16
BRDA:1,1,1,0
BRDA:1,2,0,32
BRDA:1,2,1,0
BRDA:1,3,0,16
BRDA:1,3,1,16
BRDA:1,4,0,16
BRDA:1,4,1,0
BRDA:1,5,0,0
BRDA:1,5,1,80
BRDA:11,6,0,16
BRDA:11,6,1,14
BRDA:11,7,0,30
BRDA:11,7,1,30
BRDA:11,8,0,30
BRDA:11,8,1,0
BRDA:12,9,0,8
BRDA:12,9,1,4
BRDA:12,9,2,4
BRDA:12,9,3,0
BRDA:12,9,4,0
BRDA:12,9,5,0
BRDA:12,9,6,0
BRDA:12,9,7,0
BRDA:12,9,8,0
BRDA:12,9,9,0
BRDA:12,9,10,0
BRDA:12,9,11,14
BRF:30
BRH:16
end_of_record
TN:
SF:src\redux\reducers\comparisonReducer.js
FN:1,ownKeys
FN:1,(anonymous_1)
FN:1,_objectSpread
FN:1,(anonymous_3)
FN:1,(anonymous_4)
FN:1,_defineProperty
FN:9,_default
FN:13,(anonymous_7)
FN:14,(anonymous_8)
FN:15,(anonymous_9)
FN:25,(anonymous_10)
FNF:11
FNH:1
FNDA:0,ownKeys
FNDA:0,(anonymous_1)
FNDA:0,_objectSpread
FNDA:0,(anonymous_3)
FNDA:0,(anonymous_4)
FNDA:0,_defineProperty
FNDA:2,_default
FNDA:0,(anonymous_7)
FNDA:0,(anonymous_8)
FNDA:0,(anonymous_9)
FNDA:0,(anonymous_10)
DA:1,1
DA:3,1
DA:9,2
DA:10,2
DA:12,0
DA:13,0
DA:15,0
DA:17,0
DA:23,0
DA:25,0
DA:31,0
DA:36,0
DA:42,0
DA:47,0
DA:52,0
DA:58,2
LF:16
LH:5
BRDA:1,0,0,0
BRDA:1,0,1,0
BRDA:1,1,0,0
BRDA:1,1,1,0
BRDA:1,2,0,0
BRDA:1,2,1,0
BRDA:1,3,0,0
BRDA:1,3,1,0
BRDA:1,4,0,0
BRDA:1,4,1,0
BRDA:1,5,0,0
BRDA:1,5,1,0
BRDA:9,6,0,0
BRDA:9,6,1,2
BRDA:9,7,0,2
BRDA:9,7,1,2
BRDA:9,8,0,2
BRDA:9,8,1,0
BRDA:10,9,0,0
BRDA:10,9,1,0
BRDA:10,9,2,0
BRDA:10,9,3,0
BRDA:10,9,4,0
BRDA:10,9,5,0
BRDA:10,9,6,0
BRDA:10,9,7,2
BRF:26
BRH:5
end_of_record
TN:
SF:src\redux\reducers\index.js
FN:6,_interopRequireDefault
FNF:1
FNH:1
FNDA:5,_interopRequireDefault
DA:1,1
DA:2,1
DA:3,1
DA:4,1
DA:5,1
DA:6,5
DA:8,1
DA:13,1
LF:8
LH:8
BRDA:6,0,0,5
BRDA:6,0,1,0
BRDA:6,1,0,5
BRDA:6,1,1,5
BRF:4
BRH:3
end_of_record
TN:
SF:src\redux\reducers\productsReducer.js
FN:2,ownKeys
FN:2,(anonymous_1)
FN:2,_objectSpread
FN:2,(anonymous_3)
FN:2,(anonymous_4)
FN:2,_defineProperty
FN:15,_default
FN:95,(anonymous_7)
FN:112,(anonymous_8)
FNF:9
FNH:1
FNDA:0,ownKeys
FNDA:0,(anonymous_1)
FNDA:0,_objectSpread
FNDA:0,(anonymous_3)
FNDA:0,(anonymous_4)
FNDA:0,_defineProperty
FNDA:2,_default
FNDA:0,(anonymous_7)
FNDA:0,(anonymous_8)
DA:1,1
DA:2,1
DA:4,1
DA:15,2
DA:16,2
DA:18,0
DA:25,0
DA:35,0
DA:42,0
DA:49,0
DA:55,0
DA:62,0
DA:68,0
DA:75,0
DA:83,0
DA:89,0
DA:95,0
DA:96,0
DA:104,0
DA:110,0
DA:112,0
DA:116,0
DA:121,2
LF:23
LH:6
BRDA:2,0,0,0
BRDA:2,0,1,0
BRDA:2,1,0,0
BRDA:2,1,1,0
BRDA:2,2,0,0
BRDA:2,2,1,0
BRDA:2,3,0,0
BRDA:2,3,1,0
BRDA:2,4,0,0
BRDA:2,4,1,0
BRDA:2,5,0,0
BRDA:2,5,1,0
BRDA:15,6,0,0
BRDA:15,6,1,2
BRDA:15,7,0,2
BRDA:15,7,1,2
BRDA:15,8,0,2
BRDA:15,8,1,0
BRDA:16,9,0,0
BRDA:16,9,1,0
BRDA:16,9,2,0
BRDA:16,9,3,0
BRDA:16,9,4,0
BRDA:16,9,5,0
BRDA:16,9,6,0
BRDA:16,9,7,0
BRDA:16,9,8,0
BRDA:16,9,9,0
BRDA:16,9,10,0
BRDA:16,9,11,0
BRDA:16,9,12,0
BRDA:16,9,13,0
BRDA:16,9,14,0
BRDA:16,9,15,2
BRF:34
BRH:5
end_of_record
TN:
SF:src\redux\reducers\subcategoriesReducer.js
FN:2,ownKeys
FN:2,(anonymous_1)
FN:2,_objectSpread
FN:2,(anonymous_3)
FN:2,(anonymous_4)
FN:2,_defineProperty
FN:15,_default
FN:70,(anonymous_7)
FN:86,(anonymous_8)
FNF:9
FNH:1
FNDA:0,ownKeys
FNDA:0,(anonymous_1)
FNDA:0,_objectSpread
FNDA:0,(anonymous_3)
FNDA:0,(anonymous_4)
FNDA:0,_defineProperty
FNDA:2,_default
FNDA:0,(anonymous_7)
FNDA:0,(anonymous_8)
DA:1,1
DA:2,1
DA:4,1
DA:15,2
DA:16,2
DA:18,0
DA:24,0
DA:31,0
DA:37,0
DA:44,0
DA:50,0
DA:58,0
DA:64,0
DA:70,0
DA:71,0
DA:78,0
DA:84,0
DA:86,0
DA:90,0
DA:95,2
LF:20
LH:6
BRDA:2,0,0,0
BRDA:2,0,1,0
BRDA:2,1,0,0
BRDA:2,1,1,0
BRDA:2,2,0,0
BRDA:2,2,1,0
BRDA:2,3,0,0
BRDA:2,3,1,0
BRDA:2,4,0,0
BRDA:2,4,1,0
BRDA:2,5,0,0
BRDA:2,5,1,0
BRDA:15,6,0,0
BRDA:15,6,1,2
BRDA:15,7,0,2
BRDA:15,7,1,2
BRDA:15,8,0,2
BRDA:15,8,1,0
BRDA:16,9,0,0
BRDA:16,9,1,0
BRDA:16,9,2,0
BRDA:16,9,3,0
BRDA:16,9,4,0
BRDA:16,9,5,0
BRDA:16,9,6,0
BRDA:16,9,7,0
BRDA:16,9,8,0
BRDA:16,9,9,0
BRDA:16,9,10,0
BRDA:16,9,11,0
BRDA:16,9,12,2
BRF:31
BRH:5
end_of_record
TN:
SF:src\utils\testing\index.js
FN:2,_toConsumableArray
FN:2,_nonIterableSpread
FN:2,_unsupportedIterableToArray
FN:2,_iterableToArray
FN:2,_arrayWithoutHoles
FN:2,_arrayLikeToArray
FN:4,testStore
FNF:7
FNH:4
FNDA:4,_toConsumableArray
FNDA:0,_nonIterableSpread
FNDA:0,_unsupportedIterableToArray
FNDA:0,_iterableToArray
FNDA:4,_arrayWithoutHoles
FNDA:4,_arrayLikeToArray
FNDA:4,testStore
DA:1,1
DA:2,4
DA:4,1
DA:5,4
DA:6,4
DA:7,4
DA:8,1
LF:7
LH:7
BRDA:2,0,0,4
BRDA:2,0,1,0
BRDA:2,0,2,0
BRDA:2,0,3,0
BRDA:2,1,0,0
BRDA:2,1,1,0
BRDA:2,2,0,0
BRDA:2,2,1,0
BRDA:2,3,0,0
BRDA:2,3,1,0
BRDA:2,4,0,0
BRDA:2,4,1,0
BRDA:2,5,0,0
BRDA:2,5,1,0
BRDA:2,6,0,0
BRDA:2,6,1,0
BRDA:2,7,0,0
BRDA:2,7,1,0
BRDA:2,8,0,0
BRDA:2,8,1,0
BRDA:2,9,0,0
BRDA:2,9,1,0
BRDA:2,10,0,0
BRDA:2,10,1,0
BRDA:2,11,0,4
BRDA:2,11,1,0
BRDA:2,12,0,4
BRDA:2,12,1,0
BRDA:2,13,0,4
BRDA:2,13,1,0
BRF:30
BRH:4
end_of_record
